This file contains any messages produced by compilers while
running configure, to aid debugging if configure makes a mistake.

It was created by XCB Proto configure 1.14, which was
generated by GNU Autoconf 2.69.  Invocation command line was

  $ /data/data/com.termux/files/home/.termux-build/xcb-proto/src/configure --disable-dependency-tracking --prefix=/data/data/com.termux/files/usr --libdir=/data/data/com.termux/files/usr/lib --disable-rpath --disable-rpath-hack --host=aarch64-linux-android --disable-nls --enable-shared --enable-static --libexecdir=/data/data/com.termux/files/usr/libexec

## --------- ##
## Platform. ##
## --------- ##

hostname = localhost
uname -m = aarch64
uname -r = 3.18.31-perf-g502f558-01155-g2e5b524-dirty
uname -s = Linux
uname -v = #1 SMP PREEMPT Wed Jun 26 10:39:13 HKT 2019

/usr/bin/uname -p = unknown
/bin/uname -X     = unknown

/bin/arch              = unknown
/usr/bin/arch -k       = unknown
/usr/convex/getsysinfo = unknown
/usr/bin/hostinfo      = unknown
/bin/machine           = unknown
/usr/bin/oslevel       = unknown
/bin/universe          = unknown

PATH: /data/data/com.termux/files/usr/bin
PATH: /data/data/com.termux/files/usr/bin/applets


## ----------- ##
## Core tests. ##
## ----------- ##

configure:1774: checking for a BSD-compatible install
configure:1842: result: /data/data/com.termux/files/usr/bin/install -c
configure:1853: checking whether build environment is sane
configure:1908: result: yes
configure:1967: checking for aarch64-linux-android-strip
configure:1994: result: aarch64-linux-android-strip
configure:2059: checking for a thread-safe mkdir -p
configure:2098: result: /data/data/com.termux/files/usr/bin/mkdir -p
configure:2105: checking for gawk
configure:2121: found /data/data/com.termux/files/usr/bin/gawk
configure:2132: result: gawk
configure:2143: checking whether make sets $(MAKE)
configure:2165: result: yes
configure:2194: checking whether make supports nested variables
configure:2211: result: yes
configure:2340: checking for xmllint
configure:2371: result: no
configure:2388: WARNING: xmllint not found; unable to validate against schema.
configure:2427: checking for a Python interpreter with version >= 2.5
configure:2444: python -c import sys # split strings by '.' and convert to numeric. Append some zeros # because we need at least 4 digits for the hex conversion. # map returns an iterator in Python 3.0 and a list in 2.x minver = list(map(int, '2.5'.split('.'))) + [0, 0, 0] minverhex = 0 # xrange is not present in Python 3.0 and range returns an iterator for i in list(range(0, 4)): minverhex = (minverhex << 8) + minver[i] sys.exit(sys.hexversion < minverhex)
configure:2447: $? = 0
configure:2453: result: python
configure:2461: checking for python
configure:2479: found /data/data/com.termux/files/usr/bin/python
configure:2491: result: /data/data/com.termux/files/usr/bin/python
configure:2509: checking for python version
configure:2516: result: 3.8
configure:2528: checking for python platform
configure:2535: result: linux
configure:2561: checking for python script directory
configure:2596: result: ${prefix}/lib/python3.8/site-packages
configure:2605: checking for python extension module directory
configure:2640: result: ${exec_prefix}/lib/python3.8/site-packages
configure:2804: checking that generated files are newer than configure
configure:2810: result: done
configure:2822: creating ./config.status

## ---------------------- ##
## Running config.status. ##
## ---------------------- ##

This file was extended by XCB Proto config.status 1.14, which was
generated by GNU Autoconf 2.69.  Invocation command line was

  CONFIG_FILES    = 
  CONFIG_HEADERS  = 
  CONFIG_LINKS    = 
  CONFIG_COMMANDS = 
  $ ./config.status 

on localhost

config.status:758: creating Makefile
config.status:758: creating src/Makefile
config.status:758: creating xcbgen/Makefile
config.status:758: creating xcb-proto.pc
configure:3840: WARNING: unrecognized options: --disable-dependency-tracking, --disable-rpath, --disable-rpath-hack, --disable-nls, --enable-shared, --enable-static

## ---------------- ##
## Cache variables. ##
## ---------------- ##

ac_cv_c_bigendian='no'
ac_cv_env_PYTHON_set=''
ac_cv_env_PYTHON_value=''
ac_cv_env_build_alias_set=''
ac_cv_env_build_alias_value=''
ac_cv_env_host_alias_set='set'
ac_cv_env_host_alias_value='aarch64-linux-android'
ac_cv_env_target_alias_set=''
ac_cv_env_target_alias_value=''
ac_cv_func_calloc_0_nonnull='yes'
ac_cv_func_chown_works='yes'
ac_cv_func_getgroups_works='yes'
ac_cv_func_getpwent='no'
ac_cv_func_getpwnam='no'
ac_cv_func_getpwuid='no'
ac_cv_func_malloc_0_nonnull='yes'
ac_cv_func_nl_langinfo='yes'
ac_cv_func_posix_spawn='no'
ac_cv_func_posix_spawnp='no'
ac_cv_func_realloc_0_nonnull='yes'
ac_cv_func_sigsetmask='no'
ac_cv_path_PYTHON='/data/data/com.termux/files/usr/bin/python'
ac_cv_path_XMLLINT='no'
ac_cv_path_install='/data/data/com.termux/files/usr/bin/install -c'
ac_cv_path_mkdir='/data/data/com.termux/files/usr/bin/mkdir'
ac_cv_prog_AWK='gawk'
ac_cv_prog_STRIP='aarch64-linux-android-strip'
ac_cv_prog_make_make_set='yes'
am_cv_func_working_getline='yes'
am_cv_make_support_nested_variables='yes'
am_cv_pathless_PYTHON='python'
am_cv_python_platform='linux'
am_cv_python_pyexecdir='${exec_prefix}/lib/python3.8/site-packages'
am_cv_python_pythondir='${prefix}/lib/python3.8/site-packages'
am_cv_python_version='3.8'
gl_cv_C_locale_sans_EILSEQ='yes'
gl_cv_func_dup2_works='yes'
gl_cv_func_fcntl_f_dupfd_cloexec='yes'
gl_cv_func_fcntl_f_dupfd_works='yes'
gl_cv_func_fnmatch_posix='yes'
gl_cv_func_getcwd_abort_bug='no'
gl_cv_func_getcwd_null='yes'
gl_cv_func_getcwd_path_max='yes'
gl_cv_func_getcwd_posix_signature='yes'
gl_cv_func_gettimeofday_clobber='no'
gl_cv_func_gettimeofday_posix_signature='yes'
gl_cv_func_link_works='yes'
gl_cv_func_lstat_dereferences_slashed_symlink='yes'
gl_cv_func_malloc_0_nonnull='yes'
gl_cv_func_memchr_works='yes'
gl_cv_func_mkdir_trailing_dot_works='yes'
gl_cv_func_mkdir_trailing_slash_works='yes'
gl_cv_func_mkfifo_works='yes'
gl_cv_func_mknod_works='yes'
gl_cv_func_realpath_works='yes'
gl_cv_func_select_detects_ebadf='yes'
gl_cv_func_snprintf_posix='yes'
gl_cv_func_snprintf_retval_c99='yes'
gl_cv_func_snprintf_truncation_c99='yes'
gl_cv_func_stat_dir_slash='yes'
gl_cv_func_stat_file_slash='yes'
gl_cv_func_strerror_0_works='yes'
gl_cv_func_strtold_works='yes'
gl_cv_func_symlink_works='yes'
gl_cv_func_tzset_clobber='no'
gl_cv_func_unlink_honors_slashes='yes'
gl_cv_func_vsnprintf_posix='yes'
gl_cv_func_vsnprintf_zerosize_c99='yes'
gl_cv_func_wcwidth_works='yes'
gl_cv_func_working_getdelim='yes'
gl_cv_func_working_mkstemp='yes'
gl_cv_func_working_mktime='yes'
gl_cv_func_working_strerror='yes'
gl_cv_header_working_fcntl_h='yes'

## ----------------- ##
## Output variables. ##
## ----------------- ##

ACLOCAL='${SHELL} /data/data/com.termux/files/home/.termux-build/xcb-proto/src/missing aclocal-1.16'
AMTAR='$${TAR-tar}'
AM_BACKSLASH='\'
AM_DEFAULT_V='$(AM_DEFAULT_VERBOSITY)'
AM_DEFAULT_VERBOSITY='1'
AM_V='$(V)'
AUTOCONF='${SHELL} /data/data/com.termux/files/home/.termux-build/xcb-proto/src/missing autoconf'
AUTOHEADER='${SHELL} /data/data/com.termux/files/home/.termux-build/xcb-proto/src/missing autoheader'
AUTOMAKE='${SHELL} /data/data/com.termux/files/home/.termux-build/xcb-proto/src/missing automake-1.16'
AWK='gawk'
CYGPATH_W='echo'
DEFS='-DPACKAGE_NAME=\"XCB\ Proto\" -DPACKAGE_TARNAME=\"xcb-proto\" -DPACKAGE_VERSION=\"1.14\" -DPACKAGE_STRING=\"XCB\ Proto\ 1.14\" -DPACKAGE_BUGREPORT=\"xcb@lists.freedesktop.org\" -DPACKAGE_URL=\"\" -DPACKAGE=\"xcb-proto\" -DVERSION=\"1.14\"'
ECHO_C=''
ECHO_N='-n'
ECHO_T=''
HAVE_XMLLINT_FALSE=''
HAVE_XMLLINT_TRUE='#'
INSTALL_DATA='${INSTALL} -m 644'
INSTALL_PROGRAM='${INSTALL}'
INSTALL_SCRIPT='${INSTALL}'
INSTALL_STRIP_PROGRAM='$(install_sh) -c -s'
LIBOBJS=''
LIBS=''
LTLIBOBJS=''
MAKEINFO='${SHELL} /data/data/com.termux/files/home/.termux-build/xcb-proto/src/missing makeinfo'
MKDIR_P='/data/data/com.termux/files/usr/bin/mkdir -p'
PACKAGE='xcb-proto'
PACKAGE_BUGREPORT='xcb@lists.freedesktop.org'
PACKAGE_NAME='XCB Proto'
PACKAGE_STRING='XCB Proto 1.14'
PACKAGE_TARNAME='xcb-proto'
PACKAGE_URL=''
PACKAGE_VERSION='1.14'
PATH_SEPARATOR=':'
PYTHON='/data/data/com.termux/files/usr/bin/python'
PYTHON_EXEC_PREFIX='${exec_prefix}'
PYTHON_PLATFORM='linux'
PYTHON_PREFIX='${prefix}'
PYTHON_VERSION='3.8'
SET_MAKE=''
SHELL='/bin/sh'
STRIP='aarch64-linux-android-strip'
VERSION='1.14'
XMLLINT='no'
am__isrc=' -I$(srcdir)'
am__leading_dot='.'
am__tar='$${TAR-tar} chof - "$$tardir"'
am__untar='$${TAR-tar} xf -'
bindir='${exec_prefix}/bin'
build_alias=''
datadir='${datarootdir}'
datarootdir='${prefix}/share'
docdir='${datarootdir}/doc/${PACKAGE_TARNAME}'
dvidir='${docdir}'
exec_prefix='${prefix}'
host_alias='aarch64-linux-android'
htmldir='${docdir}'
includedir='${prefix}/include'
infodir='${datarootdir}/info'
install_sh='${SHELL} /data/data/com.termux/files/home/.termux-build/xcb-proto/src/install-sh'
libdir='/data/data/com.termux/files/usr/lib'
libexecdir='/data/data/com.termux/files/usr/libexec'
localedir='${datarootdir}/locale'
localstatedir='${prefix}/var'
mandir='${datarootdir}/man'
mkdir_p='$(MKDIR_P)'
oldincludedir='/usr/include'
pdfdir='${docdir}'
pkgpyexecdir='${pyexecdir}/xcb-proto'
pkgpythondir='${pythondir}/xcb-proto'
prefix='/data/data/com.termux/files/usr'
program_transform_name='s,x,x,'
psdir='${docdir}'
pyexecdir='${exec_prefix}/lib/python3.8/site-packages'
pythondir='${prefix}/lib/python3.8/site-packages'
sbindir='${exec_prefix}/sbin'
sharedstatedir='${prefix}/com'
sysconfdir='${prefix}/etc'
target_alias=''
xcbincludedir='${datadir}/xcb'

## ----------- ##
## confdefs.h. ##
## ----------- ##

/* confdefs.h */
#define PACKAGE_NAME "XCB Proto"
#define PACKAGE_TARNAME "xcb-proto"
#define PACKAGE_VERSION "1.14"
#define PACKAGE_STRING "XCB Proto 1.14"
#define PACKAGE_BUGREPORT "xcb@lists.freedesktop.org"
#define PACKAGE_URL ""
#define PACKAGE "xcb-proto"
#define VERSION "1.14"

configure: exit 0
