This file contains any messages produced by compilers while
running configure, to aid debugging if configure makes a mistake.

It was created by xtrans configure 1.4.0, which was
generated by GNU Autoconf 2.69.  Invocation command line was

  $ /data/data/com.termux/files/home/.termux-build/xtrans/src/configure --disable-dependency-tracking --prefix=/data/data/com.termux/files/usr --libdir=/data/data/com.termux/files/usr/lib --disable-rpath --disable-rpath-hack --host=aarch64-linux-android --disable-nls --enable-shared --enable-static --libexecdir=/data/data/com.termux/files/usr/libexec

## --------- ##
## Platform. ##
## --------- ##

hostname = localhost
uname -m = aarch64
uname -r = 3.18.31-perf-g502f558-01155-g2e5b524-dirty
uname -s = Linux
uname -v = #1 SMP PREEMPT Wed Jun 26 10:39:13 HKT 2019

/usr/bin/uname -p = unknown
/bin/uname -X     = unknown

/bin/arch              = unknown
/usr/bin/arch -k       = unknown
/usr/convex/getsysinfo = unknown
/usr/bin/hostinfo      = unknown
/bin/machine           = unknown
/usr/bin/oslevel       = unknown
/bin/universe          = unknown

PATH: /data/data/com.termux/files/usr/bin
PATH: /data/data/com.termux/files/usr/bin/applets


## ----------- ##
## Core tests. ##
## ----------- ##

configure:2298: checking for a BSD-compatible install
configure:2366: result: /data/data/com.termux/files/usr/bin/install -c
configure:2377: checking whether build environment is sane
configure:2432: result: yes
configure:2491: checking for aarch64-linux-android-strip
configure:2518: result: aarch64-linux-android-strip
configure:2583: checking for a thread-safe mkdir -p
configure:2622: result: /data/data/com.termux/files/usr/bin/mkdir -p
configure:2629: checking for gawk
configure:2645: found /data/data/com.termux/files/usr/bin/gawk
configure:2656: result: gawk
configure:2667: checking whether make sets $(MAKE)
configure:2689: result: yes
configure:2718: checking whether make supports nested variables
configure:2735: result: yes
configure:2886: checking for style of include used by make
configure:2914: result: GNU
configure:2945: checking for aarch64-linux-android-gcc
configure:2972: result: aarch64-linux-android-clang
configure:3241: checking for C compiler version
configure:3250: aarch64-linux-android-clang --version >&5
clang version 10.0.1 
Target: aarch64-unknown-linux-android
Thread model: posix
InstalledDir: /data/data/com.termux/files/usr/bin
configure:3261: $? = 0
configure:3250: aarch64-linux-android-clang -v >&5
clang version 10.0.1 
Target: aarch64-unknown-linux-android
Thread model: posix
InstalledDir: /data/data/com.termux/files/usr/bin
configure:3261: $? = 0
configure:3250: aarch64-linux-android-clang -V >&5
clang-10: error: argument to '-V' is missing (expected 1 value)
clang-10: error: no input files
configure:3261: $? = 1
configure:3250: aarch64-linux-android-clang -qversion >&5
clang-10: error: unknown argument '-qversion'; did you mean '--version'?
clang-10: error: no input files
configure:3261: $? = 1
configure:3281: checking whether the C compiler works
configure:3303: aarch64-linux-android-clang  -fstack-protector-strong -Oz -I/data/data/com.termux/files/usr/include -L/data/data/com.termux/files/usr/lib -Wl,--enable-new-dtags -Wl,--as-needed -Wl,-z,relro,-z,now conftest.c  >&5
configure:3307: $? = 0
configure:3355: result: yes
configure:3358: checking for C compiler default output file name
configure:3360: result: a.out
configure:3366: checking for suffix of executables
configure:3373: aarch64-linux-android-clang -o conftest  -fstack-protector-strong -Oz -I/data/data/com.termux/files/usr/include -L/data/data/com.termux/files/usr/lib -Wl,--enable-new-dtags -Wl,--as-needed -Wl,-z,relro,-z,now conftest.c  >&5
configure:3377: $? = 0
configure:3399: result: 
configure:3421: checking whether we are cross compiling
configure:3429: aarch64-linux-android-clang -o conftest  -fstack-protector-strong -Oz -I/data/data/com.termux/files/usr/include -L/data/data/com.termux/files/usr/lib -Wl,--enable-new-dtags -Wl,--as-needed -Wl,-z,relro,-z,now conftest.c  >&5
configure:3433: $? = 0
configure:3440: ./conftest
WARNING: linker: /data/data/com.termux/files/home/.termux-build/xtrans/build/conftest: unsupported flags DT_FLAGS_1=0x8000001
configure:3444: $? = 0
configure:3459: result: no
configure:3464: checking for suffix of object files
configure:3486: aarch64-linux-android-clang -c  -fstack-protector-strong -Oz -I/data/data/com.termux/files/usr/include conftest.c >&5
configure:3490: $? = 0
configure:3511: result: o
configure:3515: checking whether we are using the GNU C compiler
configure:3534: aarch64-linux-android-clang -c  -fstack-protector-strong -Oz -I/data/data/com.termux/files/usr/include conftest.c >&5
configure:3534: $? = 0
configure:3543: result: yes
configure:3552: checking whether aarch64-linux-android-clang accepts -g
configure:3572: aarch64-linux-android-clang -c -g -I/data/data/com.termux/files/usr/include conftest.c >&5
configure:3572: $? = 0
configure:3613: result: yes
configure:3630: checking for aarch64-linux-android-clang option to accept ISO C89
configure:3693: aarch64-linux-android-clang  -c  -fstack-protector-strong -Oz -I/data/data/com.termux/files/usr/include conftest.c >&5
configure:3693: $? = 0
configure:3706: result: none needed
configure:3731: checking whether aarch64-linux-android-clang understands -c and -o together
configure:3753: aarch64-linux-android-clang -c conftest.c -o conftest2.o
configure:3756: $? = 0
configure:3753: aarch64-linux-android-clang -c conftest.c -o conftest2.o
configure:3756: $? = 0
configure:3768: result: yes
configure:3787: checking dependency style of aarch64-linux-android-clang
configure:3898: result: none
configure:3913: checking for aarch64-linux-android-clang option to accept ISO C99
configure:4062: aarch64-linux-android-clang  -c  -fstack-protector-strong -Oz -I/data/data/com.termux/files/usr/include conftest.c >&5
configure:4062: $? = 0
configure:4075: result: none needed
configure:4096: checking how to run the C preprocessor
configure:4166: result: aarch64-linux-android-cpp
configure:4186: aarch64-linux-android-cpp -I/data/data/com.termux/files/usr/include conftest.c
configure:4186: $? = 0
configure:4200: aarch64-linux-android-cpp -I/data/data/com.termux/files/usr/include conftest.c
conftest.c:11:10: fatal error: 'ac_nonexistent.h' file not found
#include <ac_nonexistent.h>
         ^~~~~~~~~~~~~~~~~~
1 error generated.
configure:4200: $? = 1
configure: failed program was:
| /* confdefs.h */
| #define PACKAGE_NAME "xtrans"
| #define PACKAGE_TARNAME "xtrans"
| #define PACKAGE_VERSION "1.4.0"
| #define PACKAGE_STRING "xtrans 1.4.0"
| #define PACKAGE_BUGREPORT "https://gitlab.freedesktop.org/xorg/lib/libxtrans/issues"
| #define PACKAGE_URL ""
| #define PACKAGE "xtrans"
| #define VERSION "1.4.0"
| /* end confdefs.h.  */
| #include <ac_nonexistent.h>
configure:4229: checking for grep that handles long lines and -e
configure:4287: result: /data/data/com.termux/files/usr/bin/grep
configure:4292: checking for egrep
configure:4354: result: /data/data/com.termux/files/usr/bin/grep -E
configure:4359: checking for ANSI C header files
configure:4379: aarch64-linux-android-clang -c  -fstack-protector-strong -Oz -I/data/data/com.termux/files/usr/include conftest.c >&5
configure:4379: $? = 0
configure:4452: aarch64-linux-android-clang -o conftest  -fstack-protector-strong -Oz -I/data/data/com.termux/files/usr/include -L/data/data/com.termux/files/usr/lib -Wl,--enable-new-dtags -Wl,--as-needed -Wl,-z,relro,-z,now conftest.c  >&5
configure:4452: $? = 0
configure:4452: ./conftest
WARNING: linker: /data/data/com.termux/files/home/.termux-build/xtrans/build/conftest: unsupported flags DT_FLAGS_1=0x8000001
configure:4452: $? = 0
configure:4463: result: yes
configure:4476: checking for sys/types.h
configure:4476: aarch64-linux-android-clang -c  -fstack-protector-strong -Oz -I/data/data/com.termux/files/usr/include conftest.c >&5
configure:4476: $? = 0
configure:4476: result: yes
configure:4476: checking for sys/stat.h
configure:4476: aarch64-linux-android-clang -c  -fstack-protector-strong -Oz -I/data/data/com.termux/files/usr/include conftest.c >&5
configure:4476: $? = 0
configure:4476: result: yes
configure:4476: checking for stdlib.h
configure:4476: aarch64-linux-android-clang -c  -fstack-protector-strong -Oz -I/data/data/com.termux/files/usr/include conftest.c >&5
configure:4476: $? = 0
configure:4476: result: yes
configure:4476: checking for string.h
configure:4476: aarch64-linux-android-clang -c  -fstack-protector-strong -Oz -I/data/data/com.termux/files/usr/include conftest.c >&5
configure:4476: $? = 0
configure:4476: result: yes
configure:4476: checking for memory.h
configure:4476: aarch64-linux-android-clang -c  -fstack-protector-strong -Oz -I/data/data/com.termux/files/usr/include conftest.c >&5
configure:4476: $? = 0
configure:4476: result: yes
configure:4476: checking for strings.h
configure:4476: aarch64-linux-android-clang -c  -fstack-protector-strong -Oz -I/data/data/com.termux/files/usr/include conftest.c >&5
configure:4476: $? = 0
configure:4476: result: yes
configure:4476: checking for inttypes.h
configure:4476: aarch64-linux-android-clang -c  -fstack-protector-strong -Oz -I/data/data/com.termux/files/usr/include conftest.c >&5
configure:4476: $? = 0
configure:4476: result: yes
configure:4476: checking for stdint.h
configure:4476: aarch64-linux-android-clang -c  -fstack-protector-strong -Oz -I/data/data/com.termux/files/usr/include conftest.c >&5
configure:4476: $? = 0
configure:4476: result: yes
configure:4476: checking for unistd.h
configure:4476: aarch64-linux-android-clang -c  -fstack-protector-strong -Oz -I/data/data/com.termux/files/usr/include conftest.c >&5
configure:4476: $? = 0
configure:4476: result: yes
configure:4492: checking whether __clang__ is declared
configure:4492: aarch64-linux-android-clang -c  -fstack-protector-strong -Oz -I/data/data/com.termux/files/usr/include conftest.c >&5
configure:4492: $? = 0
configure:4492: result: yes
configure:4499: checking whether __INTEL_COMPILER is declared
configure:4499: aarch64-linux-android-clang -c  -fstack-protector-strong -Oz -I/data/data/com.termux/files/usr/include conftest.c >&5
conftest.c:61:10: error: use of undeclared identifier '__INTEL_COMPILER'
  (void) __INTEL_COMPILER;
         ^
1 error generated.
configure:4499: $? = 1
configure: failed program was:
| /* confdefs.h */
| #define PACKAGE_NAME "xtrans"
| #define PACKAGE_TARNAME "xtrans"
| #define PACKAGE_VERSION "1.4.0"
| #define PACKAGE_STRING "xtrans 1.4.0"
| #define PACKAGE_BUGREPORT "https://gitlab.freedesktop.org/xorg/lib/libxtrans/issues"
| #define PACKAGE_URL ""
| #define PACKAGE "xtrans"
| #define VERSION "1.4.0"
| #define STDC_HEADERS 1
| #define HAVE_SYS_TYPES_H 1
| #define HAVE_SYS_STAT_H 1
| #define HAVE_STDLIB_H 1
| #define HAVE_STRING_H 1
| #define HAVE_MEMORY_H 1
| #define HAVE_STRINGS_H 1
| #define HAVE_INTTYPES_H 1
| #define HAVE_STDINT_H 1
| #define HAVE_UNISTD_H 1
| /* end confdefs.h.  */
| #include <stdio.h>
| #ifdef HAVE_SYS_TYPES_H
| # include <sys/types.h>
| #endif
| #ifdef HAVE_SYS_STAT_H
| # include <sys/stat.h>
| #endif
| #ifdef STDC_HEADERS
| # include <stdlib.h>
| # include <stddef.h>
| #else
| # ifdef HAVE_STDLIB_H
| #  include <stdlib.h>
| # endif
| #endif
| #ifdef HAVE_STRING_H
| # if !defined STDC_HEADERS && defined HAVE_MEMORY_H
| #  include <memory.h>
| # endif
| # include <string.h>
| #endif
| #ifdef HAVE_STRINGS_H
| # include <strings.h>
| #endif
| #ifdef HAVE_INTTYPES_H
| # include <inttypes.h>
| #endif
| #ifdef HAVE_STDINT_H
| # include <stdint.h>
| #endif
| #ifdef HAVE_UNISTD_H
| # include <unistd.h>
| #endif
| int
| main ()
| {
| #ifndef __INTEL_COMPILER
| #ifdef __cplusplus
|   (void) __INTEL_COMPILER;
| #else
|   (void) __INTEL_COMPILER;
| #endif
| #endif
| 
|   ;
|   return 0;
| }
configure:4499: result: no
configure:4506: checking whether __SUNPRO_C is declared
configure:4506: aarch64-linux-android-clang -c  -fstack-protector-strong -Oz -I/data/data/com.termux/files/usr/include conftest.c >&5
conftest.c:61:10: error: use of undeclared identifier '__SUNPRO_C'
  (void) __SUNPRO_C;
         ^
1 error generated.
configure:4506: $? = 1
configure: failed program was:
| /* confdefs.h */
| #define PACKAGE_NAME "xtrans"
| #define PACKAGE_TARNAME "xtrans"
| #define PACKAGE_VERSION "1.4.0"
| #define PACKAGE_STRING "xtrans 1.4.0"
| #define PACKAGE_BUGREPORT "https://gitlab.freedesktop.org/xorg/lib/libxtrans/issues"
| #define PACKAGE_URL ""
| #define PACKAGE "xtrans"
| #define VERSION "1.4.0"
| #define STDC_HEADERS 1
| #define HAVE_SYS_TYPES_H 1
| #define HAVE_SYS_STAT_H 1
| #define HAVE_STDLIB_H 1
| #define HAVE_STRING_H 1
| #define HAVE_MEMORY_H 1
| #define HAVE_STRINGS_H 1
| #define HAVE_INTTYPES_H 1
| #define HAVE_STDINT_H 1
| #define HAVE_UNISTD_H 1
| /* end confdefs.h.  */
| #include <stdio.h>
| #ifdef HAVE_SYS_TYPES_H
| # include <sys/types.h>
| #endif
| #ifdef HAVE_SYS_STAT_H
| # include <sys/stat.h>
| #endif
| #ifdef STDC_HEADERS
| # include <stdlib.h>
| # include <stddef.h>
| #else
| # ifdef HAVE_STDLIB_H
| #  include <stdlib.h>
| # endif
| #endif
| #ifdef HAVE_STRING_H
| # if !defined STDC_HEADERS && defined HAVE_MEMORY_H
| #  include <memory.h>
| # endif
| # include <string.h>
| #endif
| #ifdef HAVE_STRINGS_H
| # include <strings.h>
| #endif
| #ifdef HAVE_INTTYPES_H
| # include <inttypes.h>
| #endif
| #ifdef HAVE_STDINT_H
| # include <stdint.h>
| #endif
| #ifdef HAVE_UNISTD_H
| # include <unistd.h>
| #endif
| int
| main ()
| {
| #ifndef __SUNPRO_C
| #ifdef __cplusplus
|   (void) __SUNPRO_C;
| #else
|   (void) __SUNPRO_C;
| #endif
| #endif
| 
|   ;
|   return 0;
| }
configure:4506: result: no
configure:4623: checking pkg-config is at least version 0.9.0
configure:4626: result: yes
configure:4638: checking build system type
configure:4652: result: aarch64-unknown-linux-gnu
configure:4672: checking host system type
configure:4685: result: aarch64-unknown-linux-android
configure:4705: checking for a sed that does not truncate output
configure:4769: result: /data/data/com.termux/files/usr/bin/sed
configure:4815: checking if aarch64-linux-android-clang supports -Werror=unknown-warning-option
configure:4824: aarch64-linux-android-clang -c  -fstack-protector-strong -Oz -Werror=unknown-warning-option -I/data/data/com.termux/files/usr/include conftest.c >&5
configure:4824: $? = 0
configure:4831: result: yes
configure:4842: checking if aarch64-linux-android-clang supports -Werror=unused-command-line-argument
configure:4851: aarch64-linux-android-clang -c  -fstack-protector-strong -Oz -Werror=unknown-warning-option -Werror=unused-command-line-argument -I/data/data/com.termux/files/usr/include conftest.c >&5
configure:4851: $? = 0
configure:4858: result: yes
configure:4877: checking if aarch64-linux-android-clang supports -Wall
configure:4894: aarch64-linux-android-clang -o conftest  -fstack-protector-strong -Oz -Werror=unknown-warning-option -Werror=unused-command-line-argument -Wall -I/data/data/com.termux/files/usr/include -L/data/data/com.termux/files/usr/lib -Wl,--enable-new-dtags -Wl,--as-needed -Wl,-z,relro,-z,now conftest.c  >&5
configure:4894: $? = 0
configure:4907: result: yes
configure:4995: checking if aarch64-linux-android-clang supports -Wpointer-arith
configure:5012: aarch64-linux-android-clang -o conftest  -fstack-protector-strong -Oz -Werror=unknown-warning-option -Werror=unused-command-line-argument -Wpointer-arith -I/data/data/com.termux/files/usr/include -L/data/data/com.termux/files/usr/lib -Wl,--enable-new-dtags -Wl,--as-needed -Wl,-z,relro,-z,now conftest.c  >&5
configure:5012: $? = 0
configure:5025: result: yes
configure:5113: checking if aarch64-linux-android-clang supports -Wmissing-declarations
configure:5130: aarch64-linux-android-clang -o conftest  -fstack-protector-strong -Oz -Werror=unknown-warning-option -Werror=unused-command-line-argument -Wmissing-declarations -I/data/data/com.termux/files/usr/include -L/data/data/com.termux/files/usr/lib -Wl,--enable-new-dtags -Wl,--as-needed -Wl,-z,relro,-z,now conftest.c  >&5
configure:5130: $? = 0
configure:5143: result: yes
configure:5231: checking if aarch64-linux-android-clang supports -Wformat=2
configure:5248: aarch64-linux-android-clang -o conftest  -fstack-protector-strong -Oz -Werror=unknown-warning-option -Werror=unused-command-line-argument -Wformat=2 -I/data/data/com.termux/files/usr/include -L/data/data/com.termux/files/usr/lib -Wl,--enable-new-dtags -Wl,--as-needed -Wl,-z,relro,-z,now conftest.c  >&5
configure:5248: $? = 0
configure:5261: result: yes
configure:5400: checking if aarch64-linux-android-clang supports -Wstrict-prototypes
configure:5417: aarch64-linux-android-clang -o conftest  -fstack-protector-strong -Oz -Werror=unknown-warning-option -Werror=unused-command-line-argument -Wstrict-prototypes -I/data/data/com.termux/files/usr/include -L/data/data/com.termux/files/usr/lib -Wl,--enable-new-dtags -Wl,--as-needed -Wl,-z,relro,-z,now conftest.c  >&5
configure:5417: $? = 0
configure:5430: result: yes
configure:5518: checking if aarch64-linux-android-clang supports -Wmissing-prototypes
configure:5535: aarch64-linux-android-clang -o conftest  -fstack-protector-strong -Oz -Werror=unknown-warning-option -Werror=unused-command-line-argument -Wmissing-prototypes -I/data/data/com.termux/files/usr/include -L/data/data/com.termux/files/usr/lib -Wl,--enable-new-dtags -Wl,--as-needed -Wl,-z,relro,-z,now conftest.c  >&5
configure:5535: $? = 0
configure:5548: result: yes
configure:5636: checking if aarch64-linux-android-clang supports -Wnested-externs
configure:5653: aarch64-linux-android-clang -o conftest  -fstack-protector-strong -Oz -Werror=unknown-warning-option -Werror=unused-command-line-argument -Wnested-externs -I/data/data/com.termux/files/usr/include -L/data/data/com.termux/files/usr/lib -Wl,--enable-new-dtags -Wl,--as-needed -Wl,-z,relro,-z,now conftest.c  >&5
configure:5653: $? = 0
configure:5666: result: yes
configure:5754: checking if aarch64-linux-android-clang supports -Wbad-function-cast
configure:5771: aarch64-linux-android-clang -o conftest  -fstack-protector-strong -Oz -Werror=unknown-warning-option -Werror=unused-command-line-argument -Wbad-function-cast -I/data/data/com.termux/files/usr/include -L/data/data/com.termux/files/usr/lib -Wl,--enable-new-dtags -Wl,--as-needed -Wl,-z,relro,-z,now conftest.c  >&5
configure:5771: $? = 0
configure:5784: result: yes
configure:5872: checking if aarch64-linux-android-clang supports -Wold-style-definition
configure:5889: aarch64-linux-android-clang -o conftest  -fstack-protector-strong -Oz -Werror=unknown-warning-option -Werror=unused-command-line-argument -Wold-style-definition -I/data/data/com.termux/files/usr/include -L/data/data/com.termux/files/usr/lib -Wl,--enable-new-dtags -Wl,--as-needed -Wl,-z,relro,-z,now conftest.c  >&5
configure:5889: $? = 0
configure:5902: result: yes
configure:6039: checking if aarch64-linux-android-clang supports -Wdeclaration-after-statement
configure:6056: aarch64-linux-android-clang -o conftest  -fstack-protector-strong -Oz -Werror=unknown-warning-option -Werror=unused-command-line-argument -Wdeclaration-after-statement -I/data/data/com.termux/files/usr/include -L/data/data/com.termux/files/usr/lib -Wl,--enable-new-dtags -Wl,--as-needed -Wl,-z,relro,-z,now conftest.c  >&5
configure:6056: $? = 0
configure:6069: result: yes
configure:6161: checking if aarch64-linux-android-clang supports -Wunused
configure:6178: aarch64-linux-android-clang -o conftest  -fstack-protector-strong -Oz -Werror=unknown-warning-option -Werror=unused-command-line-argument -Wunused -I/data/data/com.termux/files/usr/include -L/data/data/com.termux/files/usr/lib -Wl,--enable-new-dtags -Wl,--as-needed -Wl,-z,relro,-z,now conftest.c  >&5
configure:6178: $? = 0
configure:6191: result: yes
configure:6279: checking if aarch64-linux-android-clang supports -Wuninitialized
configure:6296: aarch64-linux-android-clang -o conftest  -fstack-protector-strong -Oz -Werror=unknown-warning-option -Werror=unused-command-line-argument -Wuninitialized -I/data/data/com.termux/files/usr/include -L/data/data/com.termux/files/usr/lib -Wl,--enable-new-dtags -Wl,--as-needed -Wl,-z,relro,-z,now conftest.c  >&5
configure:6296: $? = 0
configure:6309: result: yes
configure:6397: checking if aarch64-linux-android-clang supports -Wshadow
configure:6414: aarch64-linux-android-clang -o conftest  -fstack-protector-strong -Oz -Werror=unknown-warning-option -Werror=unused-command-line-argument -Wshadow -I/data/data/com.termux/files/usr/include -L/data/data/com.termux/files/usr/lib -Wl,--enable-new-dtags -Wl,--as-needed -Wl,-z,relro,-z,now conftest.c  >&5
configure:6414: $? = 0
configure:6427: result: yes
configure:6515: checking if aarch64-linux-android-clang supports -Wmissing-noreturn
configure:6532: aarch64-linux-android-clang -o conftest  -fstack-protector-strong -Oz -Werror=unknown-warning-option -Werror=unused-command-line-argument -Wmissing-noreturn -I/data/data/com.termux/files/usr/include -L/data/data/com.termux/files/usr/lib -Wl,--enable-new-dtags -Wl,--as-needed -Wl,-z,relro,-z,now conftest.c  >&5
configure:6532: $? = 0
configure:6545: result: yes
configure:6633: checking if aarch64-linux-android-clang supports -Wmissing-format-attribute
configure:6650: aarch64-linux-android-clang -o conftest  -fstack-protector-strong -Oz -Werror=unknown-warning-option -Werror=unused-command-line-argument -Wmissing-format-attribute -I/data/data/com.termux/files/usr/include -L/data/data/com.termux/files/usr/lib -Wl,--enable-new-dtags -Wl,--as-needed -Wl,-z,relro,-z,now conftest.c  >&5
configure:6650: $? = 0
configure:6663: result: yes
configure:6751: checking if aarch64-linux-android-clang supports -Wredundant-decls
configure:6768: aarch64-linux-android-clang -o conftest  -fstack-protector-strong -Oz -Werror=unknown-warning-option -Werror=unused-command-line-argument -Wredundant-decls -I/data/data/com.termux/files/usr/include -L/data/data/com.termux/files/usr/lib -Wl,--enable-new-dtags -Wl,--as-needed -Wl,-z,relro,-z,now conftest.c  >&5
configure:6768: $? = 0
configure:6781: result: yes
configure:6869: checking if aarch64-linux-android-clang supports -Wlogical-op
configure:6886: aarch64-linux-android-clang -o conftest  -fstack-protector-strong -Oz -Werror=unknown-warning-option -Werror=unused-command-line-argument -Wlogical-op -I/data/data/com.termux/files/usr/include -L/data/data/com.termux/files/usr/lib -Wl,--enable-new-dtags -Wl,--as-needed -Wl,-z,relro,-z,now conftest.c  >&5
error: unknown warning option '-Wlogical-op'; did you mean '-Wlong-long'? [-Werror,-Wunknown-warning-option]
configure:6886: $? = 1
configure: failed program was:
| /* confdefs.h */
| #define PACKAGE_NAME "xtrans"
| #define PACKAGE_TARNAME "xtrans"
| #define PACKAGE_VERSION "1.4.0"
| #define PACKAGE_STRING "xtrans 1.4.0"
| #define PACKAGE_BUGREPORT "https://gitlab.freedesktop.org/xorg/lib/libxtrans/issues"
| #define PACKAGE_URL ""
| #define PACKAGE "xtrans"
| #define VERSION "1.4.0"
| #define STDC_HEADERS 1
| #define HAVE_SYS_TYPES_H 1
| #define HAVE_SYS_STAT_H 1
| #define HAVE_STDLIB_H 1
| #define HAVE_STRING_H 1
| #define HAVE_MEMORY_H 1
| #define HAVE_STRINGS_H 1
| #define HAVE_INTTYPES_H 1
| #define HAVE_STDINT_H 1
| #define HAVE_UNISTD_H 1
| /* end confdefs.h.  */
| int i;
| int
| main ()
| {
| 
|   ;
|   return 0;
| }
configure:6899: result: no
configure:6999: checking if aarch64-linux-android-clang supports -Werror=implicit
configure:7016: aarch64-linux-android-clang -o conftest  -fstack-protector-strong -Oz -Werror=unknown-warning-option -Werror=unused-command-line-argument -Werror=implicit -I/data/data/com.termux/files/usr/include -L/data/data/com.termux/files/usr/lib -Wl,--enable-new-dtags -Wl,--as-needed -Wl,-z,relro,-z,now conftest.c  >&5
configure:7016: $? = 0
configure:7029: result: yes
configure:7166: checking if aarch64-linux-android-clang supports -Werror=nonnull
configure:7183: aarch64-linux-android-clang -o conftest  -fstack-protector-strong -Oz -Werror=unknown-warning-option -Werror=unused-command-line-argument -Werror=nonnull -I/data/data/com.termux/files/usr/include -L/data/data/com.termux/files/usr/lib -Wl,--enable-new-dtags -Wl,--as-needed -Wl,-z,relro,-z,now conftest.c  >&5
configure:7183: $? = 0
configure:7196: result: yes
configure:7284: checking if aarch64-linux-android-clang supports -Werror=init-self
configure:7301: aarch64-linux-android-clang -o conftest  -fstack-protector-strong -Oz -Werror=unknown-warning-option -Werror=unused-command-line-argument -Werror=init-self -I/data/data/com.termux/files/usr/include -L/data/data/com.termux/files/usr/lib -Wl,--enable-new-dtags -Wl,--as-needed -Wl,-z,relro,-z,now conftest.c  >&5
configure:7301: $? = 0
configure:7314: result: yes
configure:7402: checking if aarch64-linux-android-clang supports -Werror=main
configure:7419: aarch64-linux-android-clang -o conftest  -fstack-protector-strong -Oz -Werror=unknown-warning-option -Werror=unused-command-line-argument -Werror=main -I/data/data/com.termux/files/usr/include -L/data/data/com.termux/files/usr/lib -Wl,--enable-new-dtags -Wl,--as-needed -Wl,-z,relro,-z,now conftest.c  >&5
configure:7419: $? = 0
configure:7432: result: yes
configure:7520: checking if aarch64-linux-android-clang supports -Werror=missing-braces
configure:7537: aarch64-linux-android-clang -o conftest  -fstack-protector-strong -Oz -Werror=unknown-warning-option -Werror=unused-command-line-argument -Werror=missing-braces -I/data/data/com.termux/files/usr/include -L/data/data/com.termux/files/usr/lib -Wl,--enable-new-dtags -Wl,--as-needed -Wl,-z,relro,-z,now conftest.c  >&5
configure:7537: $? = 0
configure:7550: result: yes
configure:7638: checking if aarch64-linux-android-clang supports -Werror=sequence-point
configure:7655: aarch64-linux-android-clang -o conftest  -fstack-protector-strong -Oz -Werror=unknown-warning-option -Werror=unused-command-line-argument -Werror=sequence-point -I/data/data/com.termux/files/usr/include -L/data/data/com.termux/files/usr/lib -Wl,--enable-new-dtags -Wl,--as-needed -Wl,-z,relro,-z,now conftest.c  >&5
configure:7655: $? = 0
configure:7668: result: yes
configure:7756: checking if aarch64-linux-android-clang supports -Werror=return-type
configure:7773: aarch64-linux-android-clang -o conftest  -fstack-protector-strong -Oz -Werror=unknown-warning-option -Werror=unused-command-line-argument -Werror=return-type -I/data/data/com.termux/files/usr/include -L/data/data/com.termux/files/usr/lib -Wl,--enable-new-dtags -Wl,--as-needed -Wl,-z,relro,-z,now conftest.c  >&5
configure:7773: $? = 0
configure:7786: result: yes
configure:7923: checking if aarch64-linux-android-clang supports -Werror=trigraphs
configure:7940: aarch64-linux-android-clang -o conftest  -fstack-protector-strong -Oz -Werror=unknown-warning-option -Werror=unused-command-line-argument -Werror=trigraphs -I/data/data/com.termux/files/usr/include -L/data/data/com.termux/files/usr/lib -Wl,--enable-new-dtags -Wl,--as-needed -Wl,-z,relro,-z,now conftest.c  >&5
configure:7940: $? = 0
configure:7953: result: yes
configure:8041: checking if aarch64-linux-android-clang supports -Werror=array-bounds
configure:8058: aarch64-linux-android-clang -o conftest  -fstack-protector-strong -Oz -Werror=unknown-warning-option -Werror=unused-command-line-argument -Werror=array-bounds -I/data/data/com.termux/files/usr/include -L/data/data/com.termux/files/usr/lib -Wl,--enable-new-dtags -Wl,--as-needed -Wl,-z,relro,-z,now conftest.c  >&5
configure:8058: $? = 0
configure:8071: result: yes
configure:8159: checking if aarch64-linux-android-clang supports -Werror=write-strings
configure:8176: aarch64-linux-android-clang -o conftest  -fstack-protector-strong -Oz -Werror=unknown-warning-option -Werror=unused-command-line-argument -Werror=write-strings -I/data/data/com.termux/files/usr/include -L/data/data/com.termux/files/usr/lib -Wl,--enable-new-dtags -Wl,--as-needed -Wl,-z,relro,-z,now conftest.c  >&5
configure:8176: $? = 0
configure:8189: result: yes
configure:8277: checking if aarch64-linux-android-clang supports -Werror=address
configure:8294: aarch64-linux-android-clang -o conftest  -fstack-protector-strong -Oz -Werror=unknown-warning-option -Werror=unused-command-line-argument -Werror=address -I/data/data/com.termux/files/usr/include -L/data/data/com.termux/files/usr/lib -Wl,--enable-new-dtags -Wl,--as-needed -Wl,-z,relro,-z,now conftest.c  >&5
configure:8294: $? = 0
configure:8307: result: yes
configure:8395: checking if aarch64-linux-android-clang supports -Werror=int-to-pointer-cast
configure:8412: aarch64-linux-android-clang -o conftest  -fstack-protector-strong -Oz -Werror=unknown-warning-option -Werror=unused-command-line-argument -Werror=int-to-pointer-cast -I/data/data/com.termux/files/usr/include -L/data/data/com.termux/files/usr/lib -Wl,--enable-new-dtags -Wl,--as-needed -Wl,-z,relro,-z,now conftest.c  >&5
configure:8412: $? = 0
configure:8425: result: yes
configure:8562: checking if aarch64-linux-android-clang supports -Werror=pointer-to-int-cast
configure:8579: aarch64-linux-android-clang -o conftest  -fstack-protector-strong -Oz -Werror=unknown-warning-option -Werror=unused-command-line-argument -Werror=pointer-to-int-cast -I/data/data/com.termux/files/usr/include -L/data/data/com.termux/files/usr/lib -Wl,--enable-new-dtags -Wl,--as-needed -Wl,-z,relro,-z,now conftest.c  >&5
configure:8579: $? = 0
configure:8592: result: yes
configure:10250: checking if aarch64-linux-android-clang supports -pedantic
configure:10267: aarch64-linux-android-clang -o conftest  -fstack-protector-strong -Oz -Werror=unknown-warning-option -Werror=unused-command-line-argument -pedantic -I/data/data/com.termux/files/usr/include -L/data/data/com.termux/files/usr/lib -Wl,--enable-new-dtags -Wl,--as-needed -Wl,-z,relro,-z,now conftest.c  >&5
configure:10267: $? = 0
configure:10280: result: yes
configure:10368: checking if aarch64-linux-android-clang supports -Werror
configure:10385: aarch64-linux-android-clang -o conftest  -fstack-protector-strong -Oz -Werror=unknown-warning-option -Werror=unused-command-line-argument -Werror -I/data/data/com.termux/files/usr/include -L/data/data/com.termux/files/usr/lib -Wl,--enable-new-dtags -Wl,--as-needed -Wl,-z,relro,-z,now conftest.c  >&5
configure:10385: $? = 0
configure:10398: result: yes
configure:10538: checking if aarch64-linux-android-clang supports -Werror=attributes
configure:10555: aarch64-linux-android-clang -o conftest  -fstack-protector-strong -Oz -Werror=unknown-warning-option -Werror=unused-command-line-argument -Werror=attributes -I/data/data/com.termux/files/usr/include -L/data/data/com.termux/files/usr/lib -Wl,--enable-new-dtags -Wl,--as-needed -Wl,-z,relro,-z,now conftest.c  >&5
configure:10555: $? = 0
configure:10568: result: yes
configure:10732: checking whether make supports nested variables
configure:10749: result: yes
configure:10779: checking whether to build documentation
configure:10781: result: yes
configure:10800: checking for xmlto
configure:10833: result: no
configure:10839: WARNING: xmlto not found - documentation targets will be skipped
configure:10988: checking for fop
configure:11021: result: no
configure:11027: WARNING: fop not found - documentation targets will be skipped
configure:11117: checking for xsltproc
configure:11150: result: no
configure:11156: WARNING: xsltproc not found - cannot transform XML documents
configure:11227: checking for X.Org SGML entities >= 1.8
configure:11231: $PKG_CONFIG --exists --print-errors "xorg-sgml-doctools >= 1.8"
Package xorg-sgml-doctools was not found in the pkg-config search path.
Perhaps you should add the directory containing `xorg-sgml-doctools.pc'
to the PKG_CONFIG_PATH environment variable
No package 'xorg-sgml-doctools' found
configure:11234: $? = 1
configure:11250: result: no
configure:11272: checking for fchown
configure:11272: aarch64-linux-android-clang -o conftest  -fstack-protector-strong -Oz -I/data/data/com.termux/files/usr/include -L/data/data/com.termux/files/usr/lib -Wl,--enable-new-dtags -Wl,--as-needed -Wl,-z,relro,-z,now conftest.c  >&5
configure:11272: $? = 0
configure:11272: result: yes
configure:11438: checking that generated files are newer than configure
configure:11444: result: done
configure:11491: creating ./config.status

## ---------------------- ##
## Running config.status. ##
## ---------------------- ##

This file was extended by xtrans config.status 1.4.0, which was
generated by GNU Autoconf 2.69.  Invocation command line was

  CONFIG_FILES    = 
  CONFIG_HEADERS  = 
  CONFIG_LINKS    = 
  CONFIG_COMMANDS = 
  $ ./config.status 

on localhost

config.status:842: creating Makefile
config.status:842: creating doc/Makefile
config.status:842: creating xtrans.pc
config.status:999: executing depfiles commands
configure:12618: WARNING: unrecognized options: --disable-rpath, --disable-rpath-hack, --disable-nls, --enable-shared, --enable-static

## ---------------- ##
## Cache variables. ##
## ---------------- ##

ac_cv_build='aarch64-unknown-linux-gnu'
ac_cv_c_bigendian='no'
ac_cv_c_compiler_gnu='yes'
ac_cv_env_CC_set='set'
ac_cv_env_CC_value='aarch64-linux-android-clang'
ac_cv_env_CFLAGS_set='set'
ac_cv_env_CFLAGS_value=' -fstack-protector-strong -Oz'
ac_cv_env_CPPFLAGS_set='set'
ac_cv_env_CPPFLAGS_value='-I/data/data/com.termux/files/usr/include'
ac_cv_env_CPP_set='set'
ac_cv_env_CPP_value='aarch64-linux-android-cpp'
ac_cv_env_FOP_set=''
ac_cv_env_FOP_value=''
ac_cv_env_LDFLAGS_set='set'
ac_cv_env_LDFLAGS_value='-L/data/data/com.termux/files/usr/lib -Wl,--enable-new-dtags -Wl,--as-needed -Wl,-z,relro,-z,now'
ac_cv_env_LIBS_set=''
ac_cv_env_LIBS_value=''
ac_cv_env_PKG_CONFIG_LIBDIR_set='set'
ac_cv_env_PKG_CONFIG_LIBDIR_value='/data/data/com.termux/files/usr/lib/pkgconfig'
ac_cv_env_PKG_CONFIG_PATH_set=''
ac_cv_env_PKG_CONFIG_PATH_value=''
ac_cv_env_PKG_CONFIG_set='set'
ac_cv_env_PKG_CONFIG_value='pkg-config'
ac_cv_env_XMLTO_set=''
ac_cv_env_XMLTO_value=''
ac_cv_env_XSLTPROC_set=''
ac_cv_env_XSLTPROC_value=''
ac_cv_env_build_alias_set=''
ac_cv_env_build_alias_value=''
ac_cv_env_host_alias_set='set'
ac_cv_env_host_alias_value='aarch64-linux-android'
ac_cv_env_target_alias_set=''
ac_cv_env_target_alias_value=''
ac_cv_func_calloc_0_nonnull='yes'
ac_cv_func_chown_works='yes'
ac_cv_func_fchown='yes'
ac_cv_func_getgroups_works='yes'
ac_cv_func_getpwent='no'
ac_cv_func_getpwnam='no'
ac_cv_func_getpwuid='no'
ac_cv_func_malloc_0_nonnull='yes'
ac_cv_func_nl_langinfo='yes'
ac_cv_func_posix_spawn='no'
ac_cv_func_posix_spawnp='no'
ac_cv_func_realloc_0_nonnull='yes'
ac_cv_func_sigsetmask='no'
ac_cv_have_decl___INTEL_COMPILER='no'
ac_cv_have_decl___SUNPRO_C='no'
ac_cv_have_decl___clang__='yes'
ac_cv_header_inttypes_h='yes'
ac_cv_header_memory_h='yes'
ac_cv_header_stdc='yes'
ac_cv_header_stdint_h='yes'
ac_cv_header_stdlib_h='yes'
ac_cv_header_string_h='yes'
ac_cv_header_strings_h='yes'
ac_cv_header_sys_stat_h='yes'
ac_cv_header_sys_types_h='yes'
ac_cv_header_unistd_h='yes'
ac_cv_host='aarch64-unknown-linux-android'
ac_cv_objext='o'
ac_cv_path_EGREP='/data/data/com.termux/files/usr/bin/grep -E'
ac_cv_path_GREP='/data/data/com.termux/files/usr/bin/grep'
ac_cv_path_SED='/data/data/com.termux/files/usr/bin/sed'
ac_cv_path_install='/data/data/com.termux/files/usr/bin/install -c'
ac_cv_path_mkdir='/data/data/com.termux/files/usr/bin/mkdir'
ac_cv_prog_AWK='gawk'
ac_cv_prog_CC='aarch64-linux-android-clang'
ac_cv_prog_CPP='aarch64-linux-android-cpp'
ac_cv_prog_STRIP='aarch64-linux-android-strip'
ac_cv_prog_cc_c89=''
ac_cv_prog_cc_c99=''
ac_cv_prog_cc_g='yes'
ac_cv_prog_make_make_set='yes'
am_cv_CC_dependencies_compiler_type='none'
am_cv_func_working_getline='yes'
am_cv_make_support_nested_variables='yes'
am_cv_prog_cc_c_o='yes'
gl_cv_C_locale_sans_EILSEQ='yes'
gl_cv_func_dup2_works='yes'
gl_cv_func_fcntl_f_dupfd_cloexec='yes'
gl_cv_func_fcntl_f_dupfd_works='yes'
gl_cv_func_fnmatch_posix='yes'
gl_cv_func_getcwd_abort_bug='no'
gl_cv_func_getcwd_null='yes'
gl_cv_func_getcwd_path_max='yes'
gl_cv_func_getcwd_posix_signature='yes'
gl_cv_func_gettimeofday_clobber='no'
gl_cv_func_gettimeofday_posix_signature='yes'
gl_cv_func_link_works='yes'
gl_cv_func_lstat_dereferences_slashed_symlink='yes'
gl_cv_func_malloc_0_nonnull='yes'
gl_cv_func_memchr_works='yes'
gl_cv_func_mkdir_trailing_dot_works='yes'
gl_cv_func_mkdir_trailing_slash_works='yes'
gl_cv_func_mkfifo_works='yes'
gl_cv_func_mknod_works='yes'
gl_cv_func_realpath_works='yes'
gl_cv_func_select_detects_ebadf='yes'
gl_cv_func_snprintf_posix='yes'
gl_cv_func_snprintf_retval_c99='yes'
gl_cv_func_snprintf_truncation_c99='yes'
gl_cv_func_stat_dir_slash='yes'
gl_cv_func_stat_file_slash='yes'
gl_cv_func_strerror_0_works='yes'
gl_cv_func_strtold_works='yes'
gl_cv_func_symlink_works='yes'
gl_cv_func_tzset_clobber='no'
gl_cv_func_unlink_honors_slashes='yes'
gl_cv_func_vsnprintf_posix='yes'
gl_cv_func_vsnprintf_zerosize_c99='yes'
gl_cv_func_wcwidth_works='yes'
gl_cv_func_working_getdelim='yes'
gl_cv_func_working_mkstemp='yes'
gl_cv_func_working_mktime='yes'
gl_cv_func_working_strerror='yes'
gl_cv_header_working_fcntl_h='yes'
xorg_cv_cc_flag__Wall='yes'
xorg_cv_cc_flag__Wbad_function_cast='yes'
xorg_cv_cc_flag__Wdeclaration_after_statement='yes'
xorg_cv_cc_flag__Werror='yes'
xorg_cv_cc_flag__Werror_address='yes'
xorg_cv_cc_flag__Werror_array_bounds='yes'
xorg_cv_cc_flag__Werror_attributes='yes'
xorg_cv_cc_flag__Werror_implicit='yes'
xorg_cv_cc_flag__Werror_init_self='yes'
xorg_cv_cc_flag__Werror_int_to_pointer_cast='yes'
xorg_cv_cc_flag__Werror_main='yes'
xorg_cv_cc_flag__Werror_missing_braces='yes'
xorg_cv_cc_flag__Werror_nonnull='yes'
xorg_cv_cc_flag__Werror_pointer_to_int_cast='yes'
xorg_cv_cc_flag__Werror_return_type='yes'
xorg_cv_cc_flag__Werror_sequence_point='yes'
xorg_cv_cc_flag__Werror_trigraphs='yes'
xorg_cv_cc_flag__Werror_write_strings='yes'
xorg_cv_cc_flag__Wformat_2='yes'
xorg_cv_cc_flag__Wlogical_op='no'
xorg_cv_cc_flag__Wmissing_declarations='yes'
xorg_cv_cc_flag__Wmissing_format_attribute='yes'
xorg_cv_cc_flag__Wmissing_noreturn='yes'
xorg_cv_cc_flag__Wmissing_prototypes='yes'
xorg_cv_cc_flag__Wnested_externs='yes'
xorg_cv_cc_flag__Wold_style_definition='yes'
xorg_cv_cc_flag__Wpointer_arith='yes'
xorg_cv_cc_flag__Wredundant_decls='yes'
xorg_cv_cc_flag__Wshadow='yes'
xorg_cv_cc_flag__Wstrict_prototypes='yes'
xorg_cv_cc_flag__Wuninitialized='yes'
xorg_cv_cc_flag__Wunused='yes'
xorg_cv_cc_flag__pedantic='yes'
xorg_cv_cc_flag_unknown_warning_option='yes'
xorg_cv_cc_flag_unused_command_line_argument='yes'

## ----------------- ##
## Output variables. ##
## ----------------- ##

ACLOCAL='${SHELL} /data/data/com.termux/files/home/.termux-build/xtrans/src/missing aclocal-1.15'
ADMIN_MAN_DIR='$(mandir)/man$(ADMIN_MAN_SUFFIX)'
ADMIN_MAN_SUFFIX='8'
AMDEPBACKSLASH=''
AMDEP_FALSE=''
AMDEP_TRUE='#'
AMTAR='$${TAR-tar}'
AM_BACKSLASH='\'
AM_DEFAULT_V='$(AM_DEFAULT_VERBOSITY)'
AM_DEFAULT_VERBOSITY='0'
AM_V='$(V)'
APP_MAN_DIR='$(mandir)/man$(APP_MAN_SUFFIX)'
APP_MAN_SUFFIX='1'
AUTOCONF='${SHELL} /data/data/com.termux/files/home/.termux-build/xtrans/src/missing autoconf'
AUTOHEADER='${SHELL} /data/data/com.termux/files/home/.termux-build/xtrans/src/missing autoheader'
AUTOMAKE='${SHELL} /data/data/com.termux/files/home/.termux-build/xtrans/src/missing automake-1.15'
AWK='gawk'
BASE_CFLAGS=' -Wall -Wpointer-arith -Wmissing-declarations -Wformat=2 -Wstrict-prototypes -Wmissing-prototypes -Wnested-externs -Wbad-function-cast -Wold-style-definition -Wdeclaration-after-statement -Wunused -Wuninitialized -Wshadow -Wmissing-noreturn -Wmissing-format-attribute -Wredundant-decls -Werror=implicit -Werror=nonnull -Werror=init-self -Werror=main -Werror=missing-braces -Werror=sequence-point -Werror=return-type -Werror=trigraphs -Werror=array-bounds -Werror=write-strings -Werror=address -Werror=int-to-pointer-cast -Werror=pointer-to-int-cast'
CC='aarch64-linux-android-clang'
CCDEPMODE='depmode=none'
CFLAGS=' -fstack-protector-strong -Oz'
CHANGELOG_CMD='(GIT_DIR=$(top_srcdir)/.git git log > $(top_srcdir)/.changelog.tmp && mv $(top_srcdir)/.changelog.tmp $(top_srcdir)/ChangeLog) || (rm -f $(top_srcdir)/.changelog.tmp; touch $(top_srcdir)/ChangeLog; echo '\''git directory not found: installing possibly empty changelog.'\'' >&2)'
CPP='aarch64-linux-android-cpp'
CPPFLAGS='-I/data/data/com.termux/files/usr/include'
CWARNFLAGS=' -Wall -Wpointer-arith -Wmissing-declarations -Wformat=2 -Wstrict-prototypes -Wmissing-prototypes -Wnested-externs -Wbad-function-cast -Wold-style-definition -Wdeclaration-after-statement -Wunused -Wuninitialized -Wshadow -Wmissing-noreturn -Wmissing-format-attribute -Wredundant-decls -Werror=implicit -Werror=nonnull -Werror=init-self -Werror=main -Werror=missing-braces -Werror=sequence-point -Werror=return-type -Werror=trigraphs -Werror=array-bounds -Werror=write-strings -Werror=address -Werror=int-to-pointer-cast -Werror=pointer-to-int-cast -fno-strict-aliasing'
CYGPATH_W='echo'
DEFS='-DPACKAGE_NAME=\"xtrans\" -DPACKAGE_TARNAME=\"xtrans\" -DPACKAGE_VERSION=\"1.4.0\" -DPACKAGE_STRING=\"xtrans\ 1.4.0\" -DPACKAGE_BUGREPORT=\"https://gitlab.freedesktop.org/xorg/lib/libxtrans/issues\" -DPACKAGE_URL=\"\" -DPACKAGE=\"xtrans\" -DVERSION=\"1.4.0\" -DSTDC_HEADERS=1 -DHAVE_SYS_TYPES_H=1 -DHAVE_SYS_STAT_H=1 -DHAVE_STDLIB_H=1 -DHAVE_STRING_H=1 -DHAVE_MEMORY_H=1 -DHAVE_STRINGS_H=1 -DHAVE_INTTYPES_H=1 -DHAVE_STDINT_H=1 -DHAVE_UNISTD_H=1 -DPACKAGE_VERSION_MAJOR=1 -DPACKAGE_VERSION_MINOR=4 -DPACKAGE_VERSION_PATCHLEVEL=0'
DEPDIR='.deps'
DRIVER_MAN_DIR='$(mandir)/man$(DRIVER_MAN_SUFFIX)'
DRIVER_MAN_SUFFIX='4'
ECHO_C=''
ECHO_N='-n'
ECHO_T=''
EGREP='/data/data/com.termux/files/usr/bin/grep -E'
ENABLE_DOCS_FALSE='#'
ENABLE_DOCS_TRUE=''
EXEEXT=''
FILE_MAN_DIR='$(mandir)/man$(FILE_MAN_SUFFIX)'
FILE_MAN_SUFFIX='5'
FOP=''
GREP='/data/data/com.termux/files/usr/bin/grep'
HAVE_FOP_FALSE=''
HAVE_FOP_TRUE='#'
HAVE_STYLESHEETS_FALSE=''
HAVE_STYLESHEETS_TRUE='#'
HAVE_XMLTO_FALSE=''
HAVE_XMLTO_TEXT_FALSE=''
HAVE_XMLTO_TEXT_TRUE='#'
HAVE_XMLTO_TRUE='#'
HAVE_XSLTPROC_FALSE=''
HAVE_XSLTPROC_TRUE='#'
INSTALL_CMD='(cp -f /data/data/com.termux/files/usr/share/util-macros/INSTALL $(top_srcdir)/.INSTALL.tmp && mv $(top_srcdir)/.INSTALL.tmp $(top_srcdir)/INSTALL) || (rm -f $(top_srcdir)/.INSTALL.tmp; touch $(top_srcdir)/INSTALL; echo '\''util-macros "pkgdatadir" from xorg-macros.pc not found: installing possibly empty INSTALL.'\'' >&2)'
INSTALL_DATA='${INSTALL} -m 644'
INSTALL_PROGRAM='${INSTALL}'
INSTALL_SCRIPT='${INSTALL}'
INSTALL_STRIP_PROGRAM='$(install_sh) -c -s'
LDFLAGS='-L/data/data/com.termux/files/usr/lib -Wl,--enable-new-dtags -Wl,--as-needed -Wl,-z,relro,-z,now'
LIBOBJS=''
LIBS=''
LIB_MAN_DIR='$(mandir)/man$(LIB_MAN_SUFFIX)'
LIB_MAN_SUFFIX='3'
LTLIBOBJS=''
MAKEINFO='${SHELL} /data/data/com.termux/files/home/.termux-build/xtrans/src/missing makeinfo'
MAN_SUBSTS='	-e '\''s|__vendorversion__|"$(PACKAGE_STRING)" "$(XORG_MAN_PAGE)"|'\'' 	-e '\''s|__xorgversion__|"$(PACKAGE_STRING)" "$(XORG_MAN_PAGE)"|'\'' 	-e '\''s|__xservername__|Xorg|g'\'' 	-e '\''s|__xconfigfile__|xorg.conf|g'\'' 	-e '\''s|__projectroot__|$(prefix)|g'\'' 	-e '\''s|__apploaddir__|$(appdefaultdir)|g'\'' 	-e '\''s|__appmansuffix__|$(APP_MAN_SUFFIX)|g'\'' 	-e '\''s|__drivermansuffix__|$(DRIVER_MAN_SUFFIX)|g'\'' 	-e '\''s|__adminmansuffix__|$(ADMIN_MAN_SUFFIX)|g'\'' 	-e '\''s|__libmansuffix__|$(LIB_MAN_SUFFIX)|g'\'' 	-e '\''s|__miscmansuffix__|$(MISC_MAN_SUFFIX)|g'\'' 	-e '\''s|__filemansuffix__|$(FILE_MAN_SUFFIX)|g'\'''
MISC_MAN_DIR='$(mandir)/man$(MISC_MAN_SUFFIX)'
MISC_MAN_SUFFIX='7'
MKDIR_P='/data/data/com.termux/files/usr/bin/mkdir -p'
OBJEXT='o'
PACKAGE='xtrans'
PACKAGE_BUGREPORT='https://gitlab.freedesktop.org/xorg/lib/libxtrans/issues'
PACKAGE_NAME='xtrans'
PACKAGE_STRING='xtrans 1.4.0'
PACKAGE_TARNAME='xtrans'
PACKAGE_URL=''
PACKAGE_VERSION='1.4.0'
PATH_SEPARATOR=':'
PKG_CONFIG='pkg-config'
PKG_CONFIG_LIBDIR='/data/data/com.termux/files/usr/lib/pkgconfig'
PKG_CONFIG_PATH=''
SED='/data/data/com.termux/files/usr/bin/sed'
SET_MAKE=''
SHELL='/bin/sh'
STRICT_CFLAGS=' -pedantic -Werror -Werror=attributes'
STRIP='aarch64-linux-android-strip'
STYLESHEET_SRCDIR=''
VERSION='1.4.0'
XMLTO=''
XORG_MAN_PAGE='X Version 11'
XORG_SGML_PATH=''
XSLTPROC=''
XSL_STYLESHEET=''
ac_ct_CC=''
am__EXEEXT_FALSE=''
am__EXEEXT_TRUE='#'
am__fastdepCC_FALSE=''
am__fastdepCC_TRUE='#'
am__include='include'
am__isrc=' -I$(srcdir)'
am__leading_dot='.'
am__nodep=''
am__quote=''
am__tar='$${TAR-tar} chof - "$$tardir"'
am__untar='$${TAR-tar} xf -'
bindir='${exec_prefix}/bin'
build='aarch64-unknown-linux-gnu'
build_alias=''
build_cpu='aarch64'
build_os='linux-gnu'
build_vendor='unknown'
datadir='${datarootdir}'
datarootdir='${prefix}/share'
docdir='${datarootdir}/doc/${PACKAGE_TARNAME}'
dvidir='${docdir}'
exec_prefix='${prefix}'
fchown_define='-DHAS_FCHOWN'
host='aarch64-unknown-linux-android'
host_alias='aarch64-linux-android'
host_cpu='aarch64'
host_os='linux-android'
host_vendor='unknown'
htmldir='${docdir}'
includedir='${prefix}/include'
infodir='${datarootdir}/info'
install_sh='${SHELL} /data/data/com.termux/files/home/.termux-build/xtrans/src/install-sh'
libdir='/data/data/com.termux/files/usr/lib'
libexecdir='/data/data/com.termux/files/usr/libexec'
localedir='${datarootdir}/locale'
localstatedir='${prefix}/var'
mandir='${datarootdir}/man'
mkdir_p='$(MKDIR_P)'
oldincludedir='/usr/include'
pdfdir='${docdir}'
prefix='/data/data/com.termux/files/usr'
program_transform_name='s,x,x,'
psdir='${docdir}'
sbindir='${exec_prefix}/sbin'
sharedstatedir='${prefix}/com'
sticky_bit_define='-DHAS_STICKY_DIR_BIT'
sysconfdir='${prefix}/etc'
target_alias=''

## ----------- ##
## confdefs.h. ##
## ----------- ##

/* confdefs.h */
#define PACKAGE_NAME "xtrans"
#define PACKAGE_TARNAME "xtrans"
#define PACKAGE_VERSION "1.4.0"
#define PACKAGE_STRING "xtrans 1.4.0"
#define PACKAGE_BUGREPORT "https://gitlab.freedesktop.org/xorg/lib/libxtrans/issues"
#define PACKAGE_URL ""
#define PACKAGE "xtrans"
#define VERSION "1.4.0"
#define STDC_HEADERS 1
#define HAVE_SYS_TYPES_H 1
#define HAVE_SYS_STAT_H 1
#define HAVE_STDLIB_H 1
#define HAVE_STRING_H 1
#define HAVE_MEMORY_H 1
#define HAVE_STRINGS_H 1
#define HAVE_INTTYPES_H 1
#define HAVE_STDINT_H 1
#define HAVE_UNISTD_H 1
#define PACKAGE_VERSION_MAJOR 1
#define PACKAGE_VERSION_MINOR 4
#define PACKAGE_VERSION_PATCHLEVEL 0

configure: exit 0
