This file contains any messages produced by compilers while
running configure, to aid debugging if configure makes a mistake.

It was created by thread configure 2.8.5, which was
generated by GNU Autoconf 2.69.  Invocation command line was

  $ /data/data/com.termux/files/home/.termux-build/tcl/src/pkgs/thread2.8.5/configure --with-tcl=../.. --with-tclinclude=/data/data/com.termux/files/home/.termux-build/tcl/src/generic --disable-dependency-tracking --prefix=/data/data/com.termux/files/usr --libdir=/data/data/com.termux/files/usr/lib --disable-rpath-hack --host=aarch64-linux-android ac_cv_func_memcmp_working=yes ac_cv_func_memcmp=yes ac_cv_func_strtod=yes ac_cv_func_strtoul=yes tcl_cv_strstr_unbroken=ok tcl_cv_strtod_buggy=ok tcl_cv_strtod_unbroken=ok tcl_cv_strtoul_unbroken=ok --disable-rpath --enable-man-symlinks --mandir=/data/data/com.termux/files/usr/share/man --disable-nls --enable-shared --enable-static --libexecdir=/data/data/com.termux/files/usr/libexec CC=aarch64-linux-android-clang CFLAGS= -fstack-protector-strong -Oz -DBIONIC_IOCTL_NO_SIGNEDNESS_OVERLOAD CPPFLAGS=-I/data/data/com.termux/files/usr/include CPP=aarch64-linux-android-cpp LDFLAGS=-L/data/data/com.termux/files/usr/lib -Wl,--enable-new-dtags -Wl,--as-needed -Wl,-z,relro,-z,now host_alias=aarch64-linux-android --libdir=/data/data/com.termux/files/usr/lib --enable-shared --enable-threads

## --------- ##
## Platform. ##
## --------- ##

hostname = localhost
uname -m = aarch64
uname -r = 3.18.31-perf-g502f558-01155-g2e5b524-dirty
uname -s = Linux
uname -v = #1 SMP PREEMPT Wed Jun 26 10:39:13 HKT 2019

/usr/bin/uname -p = unknown
/bin/uname -X     = unknown

/bin/arch              = unknown
/usr/bin/arch -k       = unknown
/usr/convex/getsysinfo = unknown
/usr/bin/hostinfo      = unknown
/bin/machine           = unknown
/usr/bin/oslevel       = unknown
/bin/universe          = unknown

PATH: /data/data/com.termux/files/usr/bin
PATH: /data/data/com.termux/files/usr/bin/applets


## ----------- ##
## Core tests. ##
## ----------- ##

configure:2184: checking TEA configuration
configure:2190: result: ok (TEA 3.13)
configure:2271: configuring thread 2.8.5
configure:2301: checking system version
configure:2327: result: Linux-3.18.31-perf-g502f558-01155-g2e5b524-dirty
configure:2396: checking for Tcl configuration
configure:2528: result: found /data/data/com.termux/files/home/.termux-build/tcl/build/tclConfig.sh
configure:2541: checking for aarch64-linux-android-gcc
configure:2568: result: aarch64-linux-android-clang
configure:2837: checking for C compiler version
configure:2846: aarch64-linux-android-clang --version >&5
clang version 10.0.1 
Target: aarch64-unknown-linux-android
Thread model: posix
InstalledDir: /data/data/com.termux/files/usr/bin
configure:2857: $? = 0
configure:2846: aarch64-linux-android-clang -v >&5
clang version 10.0.1 
Target: aarch64-unknown-linux-android
Thread model: posix
InstalledDir: /data/data/com.termux/files/usr/bin
configure:2857: $? = 0
configure:2846: aarch64-linux-android-clang -V >&5
clang-10: error: argument to '-V' is missing (expected 1 value)
clang-10: error: no input files
configure:2857: $? = 1
configure:2846: aarch64-linux-android-clang -qversion >&5
clang-10: error: unknown argument '-qversion'; did you mean '--version'?
clang-10: error: no input files
configure:2857: $? = 1
configure:2877: checking whether the C compiler works
configure:2899: aarch64-linux-android-clang  -fstack-protector-strong -Oz -DBIONIC_IOCTL_NO_SIGNEDNESS_OVERLOAD -I/data/data/com.termux/files/usr/include -L/data/data/com.termux/files/usr/lib -Wl,--enable-new-dtags -Wl,--as-needed -Wl,-z,relro,-z,now conftest.c  >&5
configure:2903: $? = 0
configure:2951: result: yes
configure:2954: checking for C compiler default output file name
configure:2956: result: a.out
configure:2962: checking for suffix of executables
configure:2969: aarch64-linux-android-clang -o conftest  -fstack-protector-strong -Oz -DBIONIC_IOCTL_NO_SIGNEDNESS_OVERLOAD -I/data/data/com.termux/files/usr/include -L/data/data/com.termux/files/usr/lib -Wl,--enable-new-dtags -Wl,--as-needed -Wl,-z,relro,-z,now conftest.c  >&5
configure:2973: $? = 0
configure:2995: result: 
configure:3017: checking whether we are cross compiling
configure:3025: aarch64-linux-android-clang -o conftest  -fstack-protector-strong -Oz -DBIONIC_IOCTL_NO_SIGNEDNESS_OVERLOAD -I/data/data/com.termux/files/usr/include -L/data/data/com.termux/files/usr/lib -Wl,--enable-new-dtags -Wl,--as-needed -Wl,-z,relro,-z,now conftest.c  >&5
configure:3029: $? = 0
configure:3036: ./conftest
WARNING: linker: /data/data/com.termux/files/home/.termux-build/tcl/build/pkgs/thread2.8.5/conftest: unsupported flags DT_FLAGS_1=0x8000001
configure:3040: $? = 0
configure:3055: result: no
configure:3060: checking for suffix of object files
configure:3082: aarch64-linux-android-clang -c  -fstack-protector-strong -Oz -DBIONIC_IOCTL_NO_SIGNEDNESS_OVERLOAD -I/data/data/com.termux/files/usr/include conftest.c >&5
configure:3086: $? = 0
configure:3107: result: o
configure:3111: checking whether we are using the GNU C compiler
configure:3130: aarch64-linux-android-clang -c  -fstack-protector-strong -Oz -DBIONIC_IOCTL_NO_SIGNEDNESS_OVERLOAD -I/data/data/com.termux/files/usr/include conftest.c >&5
configure:3130: $? = 0
configure:3139: result: yes
configure:3148: checking whether aarch64-linux-android-clang accepts -g
configure:3168: aarch64-linux-android-clang -c -g -I/data/data/com.termux/files/usr/include conftest.c >&5
configure:3168: $? = 0
configure:3209: result: yes
configure:3226: checking for aarch64-linux-android-clang option to accept ISO C89
configure:3289: aarch64-linux-android-clang  -c  -fstack-protector-strong -Oz -DBIONIC_IOCTL_NO_SIGNEDNESS_OVERLOAD -I/data/data/com.termux/files/usr/include conftest.c >&5
configure:3289: $? = 0
configure:3302: result: none needed
configure:3324: checking for existence of /data/data/com.termux/files/home/.termux-build/tcl/build/tclConfig.sh
configure:3328: result: loading
configure:3392: checking platform
configure:3410: aarch64-linux-android-clang -c  -fstack-protector-strong -Oz -DBIONIC_IOCTL_NO_SIGNEDNESS_OVERLOAD -I/data/data/com.termux/files/usr/include conftest.c >&5
configure:3410: $? = 0
configure:3461: result: unix
configure:3523: --exec-prefix defaulting to TCL_EXEC_PREFIX /data/data/com.termux/files/usr
configure:3553: checking for aarch64-linux-android-gcc
configure:3580: result: aarch64-linux-android-clang
configure:3849: checking for C compiler version
configure:3858: aarch64-linux-android-clang --version >&5
clang version 10.0.1 
Target: aarch64-unknown-linux-android
Thread model: posix
InstalledDir: /data/data/com.termux/files/usr/bin
configure:3869: $? = 0
configure:3858: aarch64-linux-android-clang -v >&5
clang version 10.0.1 
Target: aarch64-unknown-linux-android
Thread model: posix
InstalledDir: /data/data/com.termux/files/usr/bin
configure:3869: $? = 0
configure:3858: aarch64-linux-android-clang -V >&5
clang-10: error: argument to '-V' is missing (expected 1 value)
clang-10: error: no input files
configure:3869: $? = 1
configure:3858: aarch64-linux-android-clang -qversion >&5
clang-10: error: unknown argument '-qversion'; did you mean '--version'?
clang-10: error: no input files
configure:3869: $? = 1
configure:3873: checking whether we are using the GNU C compiler
configure:3901: result: yes
configure:3910: checking whether aarch64-linux-android-clang accepts -g
configure:3971: result: yes
configure:3988: checking for aarch64-linux-android-clang option to accept ISO C89
configure:4064: result: none needed
configure:4089: checking how to run the C preprocessor
configure:4159: result: aarch64-linux-android-cpp
configure:4179: aarch64-linux-android-cpp -I/data/data/com.termux/files/usr/include conftest.c
configure:4179: $? = 0
configure:4193: aarch64-linux-android-cpp -I/data/data/com.termux/files/usr/include conftest.c
conftest.c:10:10: fatal error: 'ac_nonexistent.h' file not found
#include <ac_nonexistent.h>
         ^~~~~~~~~~~~~~~~~~
1 error generated.
configure:4193: $? = 1
configure: failed program was:
| /* confdefs.h */
| #define PACKAGE_NAME "thread"
| #define PACKAGE_TARNAME "thread"
| #define PACKAGE_VERSION "2.8.5"
| #define PACKAGE_STRING "thread 2.8.5"
| #define PACKAGE_BUGREPORT ""
| #define PACKAGE_URL ""
| #define BUILD_thread /**/
| /* end confdefs.h.  */
| #include <ac_nonexistent.h>
configure:4226: checking whether make sets $(MAKE)
configure:4248: result: yes
configure:4265: checking for aarch64-linux-android-ranlib
configure:4292: result: aarch64-linux-android-ranlib
configure:4363: checking for grep that handles long lines and -e
configure:4421: result: /data/data/com.termux/files/usr/bin/grep
configure:4426: checking for egrep
configure:4488: result: /data/data/com.termux/files/usr/bin/grep -E
configure:4493: checking for ANSI C header files
configure:4513: aarch64-linux-android-clang -c  -fstack-protector-strong -Oz -DBIONIC_IOCTL_NO_SIGNEDNESS_OVERLOAD -I/data/data/com.termux/files/usr/include conftest.c >&5
configure:4513: $? = 0
configure:4586: aarch64-linux-android-clang -o conftest  -fstack-protector-strong -Oz -DBIONIC_IOCTL_NO_SIGNEDNESS_OVERLOAD -I/data/data/com.termux/files/usr/include -L/data/data/com.termux/files/usr/lib -Wl,--enable-new-dtags -Wl,--as-needed -Wl,-z,relro,-z,now conftest.c  >&5
configure:4586: $? = 0
configure:4586: ./conftest
WARNING: linker: /data/data/com.termux/files/home/.termux-build/tcl/build/pkgs/thread2.8.5/conftest: unsupported flags DT_FLAGS_1=0x8000001
configure:4586: $? = 0
configure:4597: result: yes
configure:4610: checking for sys/types.h
configure:4610: aarch64-linux-android-clang -c  -fstack-protector-strong -Oz -DBIONIC_IOCTL_NO_SIGNEDNESS_OVERLOAD -I/data/data/com.termux/files/usr/include conftest.c >&5
configure:4610: $? = 0
configure:4610: result: yes
configure:4610: checking for sys/stat.h
configure:4610: aarch64-linux-android-clang -c  -fstack-protector-strong -Oz -DBIONIC_IOCTL_NO_SIGNEDNESS_OVERLOAD -I/data/data/com.termux/files/usr/include conftest.c >&5
configure:4610: $? = 0
configure:4610: result: yes
configure:4610: checking for stdlib.h
configure:4610: aarch64-linux-android-clang -c  -fstack-protector-strong -Oz -DBIONIC_IOCTL_NO_SIGNEDNESS_OVERLOAD -I/data/data/com.termux/files/usr/include conftest.c >&5
configure:4610: $? = 0
configure:4610: result: yes
configure:4610: checking for string.h
configure:4610: aarch64-linux-android-clang -c  -fstack-protector-strong -Oz -DBIONIC_IOCTL_NO_SIGNEDNESS_OVERLOAD -I/data/data/com.termux/files/usr/include conftest.c >&5
configure:4610: $? = 0
configure:4610: result: yes
configure:4610: checking for memory.h
configure:4610: aarch64-linux-android-clang -c  -fstack-protector-strong -Oz -DBIONIC_IOCTL_NO_SIGNEDNESS_OVERLOAD -I/data/data/com.termux/files/usr/include conftest.c >&5
configure:4610: $? = 0
configure:4610: result: yes
configure:4610: checking for strings.h
configure:4610: aarch64-linux-android-clang -c  -fstack-protector-strong -Oz -DBIONIC_IOCTL_NO_SIGNEDNESS_OVERLOAD -I/data/data/com.termux/files/usr/include conftest.c >&5
configure:4610: $? = 0
configure:4610: result: yes
configure:4610: checking for inttypes.h
configure:4610: aarch64-linux-android-clang -c  -fstack-protector-strong -Oz -DBIONIC_IOCTL_NO_SIGNEDNESS_OVERLOAD -I/data/data/com.termux/files/usr/include conftest.c >&5
configure:4610: $? = 0
configure:4610: result: yes
configure:4610: checking for stdint.h
configure:4610: aarch64-linux-android-clang -c  -fstack-protector-strong -Oz -DBIONIC_IOCTL_NO_SIGNEDNESS_OVERLOAD -I/data/data/com.termux/files/usr/include conftest.c >&5
configure:4610: $? = 0
configure:4610: result: yes
configure:4610: checking for unistd.h
configure:4610: aarch64-linux-android-clang -c  -fstack-protector-strong -Oz -DBIONIC_IOCTL_NO_SIGNEDNESS_OVERLOAD -I/data/data/com.termux/files/usr/include conftest.c >&5
configure:4610: $? = 0
configure:4610: result: yes
configure:4632: checking if the compiler understands -pipe
configure:4650: aarch64-linux-android-clang -c  -fstack-protector-strong -Oz -DBIONIC_IOCTL_NO_SIGNEDNESS_OVERLOAD -pipe -I/data/data/com.termux/files/usr/include conftest.c >&5
configure:4650: $? = 0
configure:4658: result: yes
configure:4669: checking whether byte ordering is bigendian
configure:4875: result: no
configure:5040: checking for NaviServer/AOLserver configuration
configure:5065: result: none found
configure:5278: checking for Tcl public headers
configure:5349: result: /data/data/com.termux/files/home/.termux-build/tcl/src/generic
configure:5410: checking for pthread_mutex_init in -lpthread
configure:5435: aarch64-linux-android-clang -o conftest  -fstack-protector-strong -Oz -DBIONIC_IOCTL_NO_SIGNEDNESS_OVERLOAD -pipe -I/data/data/com.termux/files/usr/include -L/data/data/com.termux/files/usr/lib -Wl,--enable-new-dtags -Wl,--as-needed -Wl,-z,relro,-z,now conftest.c -lpthread   >&5
configure:5435: $? = 0
configure:5444: result: yes
configure:5653: checking for building with threads
configure:5659: result: yes (default)
configure:5688: checking how to build libraries
configure:5722: result: shared
configure:5766: checking for aarch64-linux-android-ranlib
configure:5793: result: aarch64-linux-android-ranlib
configure:5860: checking if 64bit support is requested
configure:5869: result: no
configure:5874: checking if 64bit Sparc VIS support is requested
configure:5883: result: no
configure:5893: checking if compiler supports visibility "hidden"
configure:5913: aarch64-linux-android-clang -o conftest  -fstack-protector-strong -Oz -DBIONIC_IOCTL_NO_SIGNEDNESS_OVERLOAD -pipe -Werror -I/data/data/com.termux/files/usr/include -L/data/data/com.termux/files/usr/lib -Wl,--enable-new-dtags -Wl,--as-needed -Wl,-z,relro,-z,now conftest.c  >&5
configure:5913: $? = 0
configure:5922: result: yes
configure:5937: checking if rpath support is requested
configure:5946: result: no
configure:5953: checking system version
configure:5979: result: Linux-3.18.31-perf-g502f558-01155-g2e5b524-dirty
configure:6019: checking for aarch64-linux-android-ar
configure:6046: result: aarch64-linux-android-ar
configure:7754: checking for cast to union support
configure:7773: aarch64-linux-android-clang -c  -fstack-protector-strong -Oz -DBIONIC_IOCTL_NO_SIGNEDNESS_OVERLOAD -pipe -I/data/data/com.termux/files/usr/include conftest.c >&5
configure:7773: $? = 0
configure:7781: result: yes
configure:7789: checking stdbool.h usability
configure:7789: aarch64-linux-android-clang -c  -fstack-protector-strong -Oz -DBIONIC_IOCTL_NO_SIGNEDNESS_OVERLOAD -pipe -I/data/data/com.termux/files/usr/include conftest.c >&5
configure:7789: $? = 0
configure:7789: result: yes
configure:7789: checking stdbool.h presence
configure:7789: aarch64-linux-android-cpp -I/data/data/com.termux/files/usr/include conftest.c
configure:7789: $? = 0
configure:7789: result: yes
configure:7789: checking for stdbool.h
configure:7789: result: yes
configure:7813: checking for required early compiler flags
configure:7831: aarch64-linux-android-clang -c  -fstack-protector-strong -Oz -DBIONIC_IOCTL_NO_SIGNEDNESS_OVERLOAD -pipe -I/data/data/com.termux/files/usr/include conftest.c >&5
configure:7831: $? = 0
configure:7878: aarch64-linux-android-clang -c  -fstack-protector-strong -Oz -DBIONIC_IOCTL_NO_SIGNEDNESS_OVERLOAD -pipe -I/data/data/com.termux/files/usr/include conftest.c >&5
configure:7878: $? = 0
configure:7925: aarch64-linux-android-clang -c  -fstack-protector-strong -Oz -DBIONIC_IOCTL_NO_SIGNEDNESS_OVERLOAD -pipe -I/data/data/com.termux/files/usr/include conftest.c >&5
conftest.c:34:19: error: use of undeclared identifier 'open64'
char *p = (char *)open64;
                  ^
1 error generated.
configure:7925: $? = 1
configure: failed program was:
| /* confdefs.h */
| #define PACKAGE_NAME "thread"
| #define PACKAGE_TARNAME "thread"
| #define PACKAGE_VERSION "2.8.5"
| #define PACKAGE_STRING "thread 2.8.5"
| #define PACKAGE_BUGREPORT ""
| #define PACKAGE_URL ""
| #define BUILD_thread /**/
| #define STDC_HEADERS 1
| #define HAVE_SYS_TYPES_H 1
| #define HAVE_SYS_STAT_H 1
| #define HAVE_STDLIB_H 1
| #define HAVE_STRING_H 1
| #define HAVE_MEMORY_H 1
| #define HAVE_STRINGS_H 1
| #define HAVE_INTTYPES_H 1
| #define HAVE_STDINT_H 1
| #define HAVE_UNISTD_H 1
| #define USE_THREAD_ALLOC 1
| #define _REENTRANT 1
| #define _THREAD_SAFE 1
| #define TCL_THREADS 1
| #define USE_TCL_STUBS 1
| #define USE_TCLOO_STUBS 1
| #define MODULE_SCOPE extern __attribute__((__visibility__("hidden")))
| #define HAVE_HIDDEN 1
| #define HAVE_CAST_TO_UNION 1
| #define HAVE_STDBOOL_H 1
| /* end confdefs.h.  */
| #include <sys/stat.h>
| int
| main ()
| {
| char *p = (char *)open64;
|   ;
|   return 0;
| }
configure:7940: aarch64-linux-android-clang -c  -fstack-protector-strong -Oz -DBIONIC_IOCTL_NO_SIGNEDNESS_OVERLOAD -pipe -I/data/data/com.termux/files/usr/include conftest.c >&5
conftest.c:35:19: error: use of undeclared identifier 'open64'
char *p = (char *)open64;
                  ^
1 error generated.
configure:7940: $? = 1
configure: failed program was:
| /* confdefs.h */
| #define PACKAGE_NAME "thread"
| #define PACKAGE_TARNAME "thread"
| #define PACKAGE_VERSION "2.8.5"
| #define PACKAGE_STRING "thread 2.8.5"
| #define PACKAGE_BUGREPORT ""
| #define PACKAGE_URL ""
| #define BUILD_thread /**/
| #define STDC_HEADERS 1
| #define HAVE_SYS_TYPES_H 1
| #define HAVE_SYS_STAT_H 1
| #define HAVE_STDLIB_H 1
| #define HAVE_STRING_H 1
| #define HAVE_MEMORY_H 1
| #define HAVE_STRINGS_H 1
| #define HAVE_INTTYPES_H 1
| #define HAVE_STDINT_H 1
| #define HAVE_UNISTD_H 1
| #define USE_THREAD_ALLOC 1
| #define _REENTRANT 1
| #define _THREAD_SAFE 1
| #define TCL_THREADS 1
| #define USE_TCL_STUBS 1
| #define USE_TCLOO_STUBS 1
| #define MODULE_SCOPE extern __attribute__((__visibility__("hidden")))
| #define HAVE_HIDDEN 1
| #define HAVE_CAST_TO_UNION 1
| #define HAVE_STDBOOL_H 1
| /* end confdefs.h.  */
| #define _LARGEFILE_SOURCE64 1
| #include <sys/stat.h>
| int
| main ()
| {
| char *p = (char *)open64;
|   ;
|   return 0;
| }
configure:7958: result: none
configure:7966: checking for 64-bit integer type
configure:7985: aarch64-linux-android-clang -c  -fstack-protector-strong -Oz -DBIONIC_IOCTL_NO_SIGNEDNESS_OVERLOAD -pipe -I/data/data/com.termux/files/usr/include conftest.c >&5
conftest.c:34:1: error: use of undeclared identifier '__int64'
__int64 value = (__int64) 0;
^
1 error generated.
configure:7985: $? = 1
configure: failed program was:
| /* confdefs.h */
| #define PACKAGE_NAME "thread"
| #define PACKAGE_TARNAME "thread"
| #define PACKAGE_VERSION "2.8.5"
| #define PACKAGE_STRING "thread 2.8.5"
| #define PACKAGE_BUGREPORT ""
| #define PACKAGE_URL ""
| #define BUILD_thread /**/
| #define STDC_HEADERS 1
| #define HAVE_SYS_TYPES_H 1
| #define HAVE_SYS_STAT_H 1
| #define HAVE_STDLIB_H 1
| #define HAVE_STRING_H 1
| #define HAVE_MEMORY_H 1
| #define HAVE_STRINGS_H 1
| #define HAVE_INTTYPES_H 1
| #define HAVE_STDINT_H 1
| #define HAVE_UNISTD_H 1
| #define USE_THREAD_ALLOC 1
| #define _REENTRANT 1
| #define _THREAD_SAFE 1
| #define TCL_THREADS 1
| #define USE_TCL_STUBS 1
| #define USE_TCLOO_STUBS 1
| #define MODULE_SCOPE extern __attribute__((__visibility__("hidden")))
| #define HAVE_HIDDEN 1
| #define HAVE_CAST_TO_UNION 1
| #define HAVE_STDBOOL_H 1
| /* end confdefs.h.  */
| 
| int
| main ()
| {
| __int64 value = (__int64) 0;
|   ;
|   return 0;
| }
configure:8007: aarch64-linux-android-clang -c  -fstack-protector-strong -Oz -DBIONIC_IOCTL_NO_SIGNEDNESS_OVERLOAD -pipe -I/data/data/com.termux/files/usr/include conftest.c >&5
conftest.c:35:26: error: duplicate case value '1'
            case 1: case (sizeof(long long)==sizeof(long)): ;
                         ^
conftest.c:35:18: note: previous case defined here
            case 1: case (sizeof(long long)==sizeof(long)): ;
                 ^
1 error generated.
configure:8007: $? = 1
configure: failed program was:
| /* confdefs.h */
| #define PACKAGE_NAME "thread"
| #define PACKAGE_TARNAME "thread"
| #define PACKAGE_VERSION "2.8.5"
| #define PACKAGE_STRING "thread 2.8.5"
| #define PACKAGE_BUGREPORT ""
| #define PACKAGE_URL ""
| #define BUILD_thread /**/
| #define STDC_HEADERS 1
| #define HAVE_SYS_TYPES_H 1
| #define HAVE_SYS_STAT_H 1
| #define HAVE_STDLIB_H 1
| #define HAVE_STRING_H 1
| #define HAVE_MEMORY_H 1
| #define HAVE_STRINGS_H 1
| #define HAVE_INTTYPES_H 1
| #define HAVE_STDINT_H 1
| #define HAVE_UNISTD_H 1
| #define USE_THREAD_ALLOC 1
| #define _REENTRANT 1
| #define _THREAD_SAFE 1
| #define TCL_THREADS 1
| #define USE_TCL_STUBS 1
| #define USE_TCLOO_STUBS 1
| #define MODULE_SCOPE extern __attribute__((__visibility__("hidden")))
| #define HAVE_HIDDEN 1
| #define HAVE_CAST_TO_UNION 1
| #define HAVE_STDBOOL_H 1
| /* end confdefs.h.  */
| 
| int
| main ()
| {
| switch (0) {
|             case 1: case (sizeof(long long)==sizeof(long)): ;
|         }
|   ;
|   return 0;
| }
configure:8017: result: yes
configure:8195: checking for build with symbols
configure:8208: result: no
configure:8385: checking for tclsh
configure:8420: result: /data/data/com.termux/files/home/.termux-build/tcl/build/tclsh
configure:8586: creating ./config.status

## ---------------------- ##
## Running config.status. ##
## ---------------------- ##

This file was extended by thread config.status 2.8.5, which was
generated by GNU Autoconf 2.69.  Invocation command line was

  CONFIG_FILES    = 
  CONFIG_HEADERS  = 
  CONFIG_LINKS    = 
  CONFIG_COMMANDS = 
  $ ./config.status 

on localhost

config.status:802: creating Makefile
config.status:802: creating pkgIndex.tcl
configure:9588: WARNING: unrecognized options: --disable-dependency-tracking, --disable-rpath-hack, --enable-man-symlinks, --disable-nls, --enable-static

## ---------------- ##
## Cache variables. ##
## ---------------- ##

ac_cv_c_bigendian='no'
ac_cv_c_compiler_gnu='yes'
ac_cv_c_tclconfig='/data/data/com.termux/files/home/.termux-build/tcl/build'
ac_cv_c_tclh='/data/data/com.termux/files/home/.termux-build/tcl/src/generic'
ac_cv_env_CC_set='set'
ac_cv_env_CC_value='aarch64-linux-android-clang'
ac_cv_env_CFLAGS_set='set'
ac_cv_env_CFLAGS_value=' -fstack-protector-strong -Oz -DBIONIC_IOCTL_NO_SIGNEDNESS_OVERLOAD'
ac_cv_env_CPPFLAGS_set='set'
ac_cv_env_CPPFLAGS_value='-I/data/data/com.termux/files/usr/include'
ac_cv_env_CPP_set='set'
ac_cv_env_CPP_value='aarch64-linux-android-cpp'
ac_cv_env_LDFLAGS_set='set'
ac_cv_env_LDFLAGS_value='-L/data/data/com.termux/files/usr/lib -Wl,--enable-new-dtags -Wl,--as-needed -Wl,-z,relro,-z,now'
ac_cv_env_LIBS_set=''
ac_cv_env_LIBS_value=''
ac_cv_env_build_alias_set=''
ac_cv_env_build_alias_value=''
ac_cv_env_host_alias_set='set'
ac_cv_env_host_alias_value='aarch64-linux-android'
ac_cv_env_target_alias_set=''
ac_cv_env_target_alias_value=''
ac_cv_func_getpwent='no'
ac_cv_func_getpwnam='no'
ac_cv_func_getpwuid='no'
ac_cv_func_memcmp='yes'
ac_cv_func_memcmp_working='yes'
ac_cv_func_sigsetmask='no'
ac_cv_func_strtod='yes'
ac_cv_func_strtoul='yes'
ac_cv_header_inttypes_h='yes'
ac_cv_header_memory_h='yes'
ac_cv_header_stdbool_h='yes'
ac_cv_header_stdc='yes'
ac_cv_header_stdint_h='yes'
ac_cv_header_stdlib_h='yes'
ac_cv_header_string_h='yes'
ac_cv_header_strings_h='yes'
ac_cv_header_sys_stat_h='yes'
ac_cv_header_sys_types_h='yes'
ac_cv_header_unistd_h='yes'
ac_cv_lib_pthread_pthread_mutex_init='yes'
ac_cv_objext='o'
ac_cv_path_EGREP='/data/data/com.termux/files/usr/bin/grep -E'
ac_cv_path_GREP='/data/data/com.termux/files/usr/bin/grep'
ac_cv_prog_AR='aarch64-linux-android-ar'
ac_cv_prog_CC='aarch64-linux-android-clang'
ac_cv_prog_CPP='aarch64-linux-android-cpp'
ac_cv_prog_RANLIB='aarch64-linux-android-ranlib'
ac_cv_prog_cc_c89=''
ac_cv_prog_cc_g='yes'
ac_cv_prog_make_make_set='yes'
tcl_cv_cast_to_union='yes'
tcl_cv_cc_pipe='yes'
tcl_cv_cc_visibility_hidden='yes'
tcl_cv_flag__isoc99_source='no'
tcl_cv_flag__largefile64_source='no'
tcl_cv_flag__largefile_source64='no'
tcl_cv_strstr_unbroken='ok'
tcl_cv_strtod_buggy='ok'
tcl_cv_strtod_unbroken='ok'
tcl_cv_strtoul_unbroken='ok'
tcl_cv_sys_version='Linux-3.18.31-perf-g502f558-01155-g2e5b524-dirty'
tcl_cv_type_64bit='none'

## ----------------- ##
## Output variables. ##
## ----------------- ##

AR='aarch64-linux-android-ar'
CC='aarch64-linux-android-clang'
CFLAGS=' -fstack-protector-strong -Oz -DBIONIC_IOCTL_NO_SIGNEDNESS_OVERLOAD -pipe ${CFLAGS_DEFAULT} ${CFLAGS_WARNING} ${SHLIB_CFLAGS} -I/data/data/com.termux/files/usr/include'
CFLAGS_DEBUG='-g'
CFLAGS_DEFAULT='-O2 -fomit-frame-pointer -DNDEBUG'
CFLAGS_OPTIMIZE='-O2 -fomit-frame-pointer'
CFLAGS_WARNING='-Wall'
CLEANFILES=''
CPP='aarch64-linux-android-cpp'
CPPFLAGS=''
CYGPATH='echo'
DEFS='-DPACKAGE_NAME=\"thread\" -DPACKAGE_TARNAME=\"thread\" -DPACKAGE_VERSION=\"2.8.5\" -DPACKAGE_STRING=\"thread\ 2.8.5\" -DPACKAGE_BUGREPORT=\"\" -DPACKAGE_URL=\"\" -DBUILD_thread=/\*\*/ -DSTDC_HEADERS=1 -DHAVE_SYS_TYPES_H=1 -DHAVE_SYS_STAT_H=1 -DHAVE_STDLIB_H=1 -DHAVE_STRING_H=1 -DHAVE_MEMORY_H=1 -DHAVE_STRINGS_H=1 -DHAVE_INTTYPES_H=1 -DHAVE_STDINT_H=1 -DHAVE_UNISTD_H=1 -DUSE_THREAD_ALLOC=1 -D_REENTRANT=1 -D_THREAD_SAFE=1 -DTCL_THREADS=1 -DUSE_TCL_STUBS=1 -DUSE_TCLOO_STUBS=1 -DMODULE_SCOPE=extern\ __attribute__\(\(__visibility__\(\"hidden\"\)\)\) -DHAVE_HIDDEN=1 -DHAVE_CAST_TO_UNION=1 -DHAVE_STDBOOL_H=1 -DTCL_WIDE_INT_IS_LONG=1 -DUSE_TCL_STUBS=1 -DTCL_TIP143=1 -DTCL_TIP285=1'
ECHO_C=''
ECHO_N='-n'
ECHO_T=''
EGREP='/data/data/com.termux/files/usr/bin/grep -E'
EXEEXT=''
GREP='/data/data/com.termux/files/usr/bin/grep'
INSTALL='$(SHELL) $(srcdir)/tclconfig/install-sh -c'
INSTALL_DATA='${INSTALL} -m 644'
INSTALL_DATA_DIR='${INSTALL} -d -m 755'
INSTALL_LIBRARY='${INSTALL} -m 644'
INSTALL_PROGRAM='${INSTALL} -m 755'
INSTALL_SCRIPT='${INSTALL} -m 755'
LDFLAGS='-L/data/data/com.termux/files/usr/lib -Wl,--enable-new-dtags -Wl,--as-needed -Wl,-z,relro,-z,now -Wl,--export-dynamic '
LDFLAGS_DEFAULT='-L/data/data/com.termux/files/usr/lib -Wl,--enable-new-dtags -Wl,--as-needed -Wl,-z,relro,-z,now -Wl,--export-dynamic '
LD_LIBRARY_PATH_VAR='LD_LIBRARY_PATH'
LIBOBJS=''
LIBS=''
LTLIBOBJS=''
MAKE_LIB='${SHLIB_LD} -o $@ $(PKG_OBJECTS) ${SHLIB_LD_LIBS} '
MAKE_SHARED_LIB='${SHLIB_LD} -o $@ $(PKG_OBJECTS) ${SHLIB_LD_LIBS}'
MAKE_STATIC_LIB='${STLIB_LD} $@ $(PKG_OBJECTS)'
MAKE_STUB_LIB='${STLIB_LD} $@ $(PKG_STUB_OBJECTS)'
OBJEXT='o'
PACKAGE_BUGREPORT=''
PACKAGE_NAME='thread'
PACKAGE_STRING='thread 2.8.5'
PACKAGE_TARNAME='thread'
PACKAGE_URL=''
PACKAGE_VERSION='2.8.5'
PATH_SEPARATOR=':'
PKG_CFLAGS='  '
PKG_HEADERS=' generic/tclThread.h'
PKG_INCLUDES=''
PKG_LIBS=''
PKG_LIB_FILE='libthread2.8.5.so'
PKG_OBJECTS=' threadNs.o threadCmd.o threadSvCmd.o threadSpCmd.o threadPoolCmd.o psGdbm.o psLmdb.o threadSvListCmd.o threadSvKeylistCmd.o tclXkeylist.o threadUnix.o'
PKG_SOURCES=' generic/threadNs.c generic/threadCmd.c generic/threadSvCmd.c generic/threadSpCmd.c generic/threadPoolCmd.c generic/psGdbm.c generic/psLmdb.c generic/threadSvListCmd.c generic/threadSvKeylistCmd.c generic/tclXkeylist.c unix/threadUnix.c'
PKG_STUB_LIB_FILE='libthreadstub2.8.5.a'
PKG_STUB_OBJECTS=''
PKG_STUB_SOURCES=''
PKG_TCL_SOURCES=' lib/ttrace.tcl'
RANLIB=':'
RANLIB_STUB='aarch64-linux-android-ranlib'
RC=''
SET_MAKE=''
SHARED_BUILD='1'
SHELL='/bin/sh'
SHLIB_CFLAGS='-fPIC'
SHLIB_LD='${CC} ${CFLAGS} ${LDFLAGS_DEFAULT} -shared'
SHLIB_LD_LIBS='${LIBS} -L/data/data/com.termux/files/home/.termux-build/tcl/build -ltclstub8.6'
STLIB_LD='${AR} cr'
STUBS_BUILD='1'
TCLSH_PROG='/data/data/com.termux/files/home/.termux-build/tcl/build/tclsh'
TCL_BIN_DIR='/data/data/com.termux/files/home/.termux-build/tcl/build'
TCL_DBGX=''
TCL_DEFS='-DPACKAGE_NAME=\"tcl\" -DPACKAGE_TARNAME=\"tcl\" -DPACKAGE_VERSION=\"8.6\" -DPACKAGE_STRING=\"tcl\ 8.6\" -DPACKAGE_BUGREPORT=\"\" -DSTDC_HEADERS=1 -DHAVE_SYS_TYPES_H=1 -DHAVE_SYS_STAT_H=1 -DHAVE_STDLIB_H=1 -DHAVE_STRING_H=1 -DHAVE_MEMORY_H=1 -DHAVE_STRINGS_H=1 -DHAVE_INTTYPES_H=1 -DHAVE_STDINT_H=1 -DHAVE_UNISTD_H=1 -DNO_VALUES_H=1 -DHAVE_SYS_PARAM_H=1 -DUSE_THREAD_ALLOC=1 -D_REENTRANT=1 -D_THREAD_SAFE=1 -DHAVE_PTHREAD_ATTR_SETSTACKSIZE=1 -DHAVE_PTHREAD_ATFORK=1 -DTCL_THREADS=1 -DTCL_CFGVAL_ENCODING=\"iso8859-1\" -DHAVE_ZLIB=1 -DMODULE_SCOPE=extern\ __attribute__\(\(__visibility__\(\"hidden\"\)\)\) -DHAVE_HIDDEN=1 -DHAVE_CAST_TO_UNION=1 -DTCL_SHLIB_EXT=\".so\" -DNDEBUG=1 -DTCL_CFG_OPTIMIZED=1 -DTCL_TOMMATH=1 -DMP_PREC=4 -DTCL_WIDE_INT_IS_LONG=1 -DHAVE_GETCWD=1 -DHAVE_MKSTEMP=1 -DHAVE_OPENDIR=1 -DHAVE_STRTOL=1 -DHAVE_WAITPID=1 -DNO_GETWD=1 -DNO_WAIT3=1 -DHAVE_GETNAMEINFO=1 -DHAVE_GETADDRINFO=1 -DHAVE_FREEADDRINFO=1 -DHAVE_GAI_STRERROR=1 -DHAVE_STRUCT_ADDRINFO=1 -DHAVE_STRUCT_IN6_ADDR=1 -DHAVE_STRUCT_SOCKADDR_IN6=1 -DHAVE_STRUCT_SOCKADDR_STORAGE=1 -DHAVE_GETPWUID_R_5=1 -DHAVE_GETPWUID_R=1 -DHAVE_GETPWNAM_R_5=1 -DHAVE_GETPWNAM_R=1 -DHAVE_GETGRGID_R_5=1 -DHAVE_GETGRGID_R=1 -DHAVE_GETGRNAM_R_5=1 -DHAVE_GETGRNAM_R=1 -DHAVE_DECL_GETHOSTBYNAME_R=1 -DHAVE_GETHOSTBYNAME_R_6=1 -DHAVE_GETHOSTBYNAME_R=1 -DHAVE_DECL_GETHOSTBYADDR_R=1 -DHAVE_GETHOSTBYADDR_R_8=1 -DHAVE_GETHOSTBYADDR_R=1 -DHAVE_TERMIOS_H=1 -DHAVE_SYS_IOCTL_H=1 -DHAVE_SYS_SELECT_H=1 -DHAVE_SYS_TIME_H=1 -DTIME_WITH_SYS_TIME=1 -DHAVE_GMTIME_R=1 -DHAVE_LOCALTIME_R=1 -DHAVE_MKTIME=1 -DHAVE_TM_GMTOFF=1 -DHAVE_TIMEZONE_VAR=1 -DHAVE_STRUCT_STAT_ST_BLOCKS=1 -DHAVE_STRUCT_STAT_ST_BLKSIZE=1 -DHAVE_BLKCNT_T=1 -DHAVE_INTPTR_T=1 -DHAVE_UINTPTR_T=1 -DNO_UNION_WAIT=1 -DHAVE_SIGNED_CHAR=1 -DHAVE_LANGINFO=1 -DHAVE_MKSTEMPS=1 -DHAVE_FTS=1 -DHAVE_SYS_IOCTL_H=1 -DTCL_UNLOAD_DLLS=1 '
TCL_EXTRA_CFLAGS=' -fstack-protector-strong -Oz -DBIONIC_IOCTL_NO_SIGNEDNESS_OVERLOAD -pipe -I/data/data/com.termux/files/usr/include'
TCL_INCLUDES='-I"/data/data/com.termux/files/home/.termux-build/tcl/src/generic"'
TCL_LD_FLAGS='-L/data/data/com.termux/files/usr/lib -Wl,--enable-new-dtags -Wl,--as-needed -Wl,-z,relro,-z,now -Wl,--export-dynamic '
TCL_LIBS='-ldl -lz  -lpthread -lm'
TCL_LIB_FILE='libtcl8.6.so'
TCL_LIB_FLAG='-ltcl8.6'
TCL_LIB_SPEC='-L/data/data/com.termux/files/home/.termux-build/tcl/build -ltcl8.6'
TCL_PATCH_LEVEL='.10'
TCL_SHLIB_LD_LIBS='${LIBS}'
TCL_SRC_DIR='/data/data/com.termux/files/home/.termux-build/tcl/src'
TCL_STUB_LIB_FILE='libtclstub8.6.a'
TCL_STUB_LIB_FLAG='-ltclstub8.6'
TCL_STUB_LIB_SPEC='-L/data/data/com.termux/files/home/.termux-build/tcl/build -ltclstub8.6'
TCL_THREADS='1'
TCL_VERSION='8.6'
VC_MANIFEST_EMBED_DLL=''
VC_MANIFEST_EMBED_EXE=''
ac_ct_CC=''
bindir='${exec_prefix}/bin'
build_alias=''
datadir='${datarootdir}'
datarootdir='${prefix}/share'
docdir='${datarootdir}/doc/${PACKAGE_TARNAME}'
dvidir='${docdir}'
exec_prefix='/data/data/com.termux/files/usr'
host_alias='aarch64-linux-android'
htmldir='${docdir}'
includedir='${prefix}/include'
infodir='${datarootdir}/info'
libdir='/data/data/com.termux/files/usr/lib'
libexecdir='/data/data/com.termux/files/usr/libexec'
localedir='${datarootdir}/locale'
localstatedir='${prefix}/var'
mandir='/data/data/com.termux/files/usr/share/man'
oldincludedir='/usr/include'
pdfdir='${docdir}'
prefix='/data/data/com.termux/files/usr'
program_transform_name='s,x,x,'
psdir='${docdir}'
sbindir='${exec_prefix}/sbin'
sharedstatedir='${prefix}/com'
sysconfdir='${prefix}/etc'
target_alias=''

## ----------- ##
## confdefs.h. ##
## ----------- ##

/* confdefs.h */
#define PACKAGE_NAME "thread"
#define PACKAGE_TARNAME "thread"
#define PACKAGE_VERSION "2.8.5"
#define PACKAGE_STRING "thread 2.8.5"
#define PACKAGE_BUGREPORT ""
#define PACKAGE_URL ""
#define BUILD_thread /**/
#define STDC_HEADERS 1
#define HAVE_SYS_TYPES_H 1
#define HAVE_SYS_STAT_H 1
#define HAVE_STDLIB_H 1
#define HAVE_STRING_H 1
#define HAVE_MEMORY_H 1
#define HAVE_STRINGS_H 1
#define HAVE_INTTYPES_H 1
#define HAVE_STDINT_H 1
#define HAVE_UNISTD_H 1
#define USE_THREAD_ALLOC 1
#define _REENTRANT 1
#define _THREAD_SAFE 1
#define TCL_THREADS 1
#define USE_TCL_STUBS 1
#define USE_TCLOO_STUBS 1
#define MODULE_SCOPE extern __attribute__((__visibility__("hidden")))
#define HAVE_HIDDEN 1
#define HAVE_CAST_TO_UNION 1
#define HAVE_STDBOOL_H 1
#define TCL_WIDE_INT_IS_LONG 1
#define USE_TCL_STUBS 1
#define TCL_TIP143 1
#define TCL_TIP285 1

configure: exit 0
