This file contains any messages produced by compilers while
running configure, to aid debugging if configure makes a mistake.

It was created by tk configure 8.6, which was
generated by GNU Autoconf 2.59.  Invocation command line was

  $ /data/data/com.termux/files/home/.termux-build/tk/src/unix/configure --disable-dependency-tracking --prefix=/data/data/com.termux/files/usr --libdir=/data/data/com.termux/files/usr/lib --disable-rpath --disable-rpath-hack --host=aarch64-linux-android --enable-threads --enable-64bit --disable-nls --enable-shared --enable-static --libexecdir=/data/data/com.termux/files/usr/libexec

## --------- ##
## Platform. ##
## --------- ##

hostname = localhost
uname -m = aarch64
uname -r = 3.18.31-perf-g502f558-01155-g2e5b524-dirty
uname -s = Linux
uname -v = #1 SMP PREEMPT Wed Jun 26 10:39:13 HKT 2019

/usr/bin/uname -p = unknown
/bin/uname -X     = unknown

/bin/arch              = unknown
/usr/bin/arch -k       = unknown
/usr/convex/getsysinfo = unknown
hostinfo               = unknown
/bin/machine           = unknown
/usr/bin/oslevel       = unknown
/bin/universe          = unknown

PATH: /data/data/com.termux/files/usr/bin
PATH: /data/data/com.termux/files/usr/bin/applets


## ----------- ##
## Core tests. ##
## ----------- ##

configure:1365: checking for Tcl configuration
configure:1472: result: found /data/data/com.termux/files/usr/lib/tclConfig.sh
configure:1478: checking for existence of /data/data/com.termux/files/usr/lib/tclConfig.sh
configure:1482: result: loading
configure:1563: checking for tclsh
configure:1587: result: /data/data/com.termux/files/usr/bin/tclsh8.6
configure:1598: checking for tclsh in Tcl build directory
configure:1601: result: /data/data/com.termux/files/usr/lib/tclsh
configure:1625: checking whether to use symlinks for manpages
configure:1634: result: no
configure:1637: checking whether to compress the manpages
configure:1652: result: no
configure:1666: checking whether to add a package name suffix for the manpages
configure:1679: result: no
configure:1703: checking for aarch64-linux-android-gcc
configure:1729: result: aarch64-linux-android-clang
configure:2011: checking for C compiler version
configure:2014: aarch64-linux-android-clang --version </dev/null >&5
clang version 10.0.1 
Target: aarch64-unknown-linux-android
Thread model: posix
InstalledDir: /data/data/com.termux/files/usr/bin
configure:2017: $? = 0
configure:2019: aarch64-linux-android-clang -v </dev/null >&5
clang version 10.0.1 
Target: aarch64-unknown-linux-android
Thread model: posix
InstalledDir: /data/data/com.termux/files/usr/bin
configure:2022: $? = 0
configure:2024: aarch64-linux-android-clang -V </dev/null >&5
clang-10: error: argument to '-V' is missing (expected 1 value)
clang-10: error: no input files
configure:2027: $? = 1
configure:2050: checking for C compiler default output file name
configure:2053: aarch64-linux-android-clang  -fstack-protector-strong -Oz -I/data/data/com.termux/files/usr/include -L/data/data/com.termux/files/usr/lib -Wl,--enable-new-dtags -Wl,--as-needed -Wl,-z,relro,-z,now conftest.c  >&5
configure:2056: $? = 0
configure:2102: result: a.out
configure:2107: checking whether the C compiler works
configure:2113: ./a.out
WARNING: linker: /data/data/com.termux/files/home/.termux-build/tk/build/a.out: unsupported flags DT_FLAGS_1=0x8000001
configure:2116: $? = 0
configure:2133: result: yes
configure:2140: checking whether we are cross compiling
configure:2142: result: no
configure:2145: checking for suffix of executables
configure:2147: aarch64-linux-android-clang -o conftest  -fstack-protector-strong -Oz -I/data/data/com.termux/files/usr/include -L/data/data/com.termux/files/usr/lib -Wl,--enable-new-dtags -Wl,--as-needed -Wl,-z,relro,-z,now conftest.c  >&5
configure:2150: $? = 0
configure:2175: result: 
configure:2181: checking for suffix of object files
configure:2202: aarch64-linux-android-clang -c  -fstack-protector-strong -Oz -I/data/data/com.termux/files/usr/include conftest.c >&5
configure:2205: $? = 0
configure:2227: result: o
configure:2231: checking whether we are using the GNU C compiler
configure:2255: aarch64-linux-android-clang -c  -fstack-protector-strong -Oz -I/data/data/com.termux/files/usr/include conftest.c >&5
configure:2261: $? = 0
configure:2265: test -z 
			 || test ! -s conftest.err
configure:2268: $? = 0
configure:2271: test -s conftest.o
configure:2274: $? = 0
configure:2287: result: yes
configure:2293: checking whether aarch64-linux-android-clang accepts -g
configure:2314: aarch64-linux-android-clang -c -g -I/data/data/com.termux/files/usr/include conftest.c >&5
configure:2320: $? = 0
configure:2324: test -z 
			 || test ! -s conftest.err
configure:2327: $? = 0
configure:2330: test -s conftest.o
configure:2333: $? = 0
configure:2344: result: yes
configure:2361: checking for aarch64-linux-android-clang option to accept ANSI C
configure:2431: aarch64-linux-android-clang  -c  -fstack-protector-strong -Oz -I/data/data/com.termux/files/usr/include conftest.c >&5
configure:2437: $? = 0
configure:2441: test -z 
			 || test ! -s conftest.err
configure:2444: $? = 0
configure:2447: test -s conftest.o
configure:2450: $? = 0
configure:2468: result: none needed
configure:2486: aarch64-linux-android-clang -c  -fstack-protector-strong -Oz -I/data/data/com.termux/files/usr/include conftest.c >&5
conftest.c:2:3: error: unknown type name 'choke'
  choke me
  ^
conftest.c:2:11: error: expected ';' after top level declarator
  choke me
          ^
          ;
2 errors generated.
configure:2492: $? = 1
configure: failed program was:
| #ifndef __cplusplus
|   choke me
| #endif
configure:2626: checking for inline
configure:2647: aarch64-linux-android-clang -c  -fstack-protector-strong -Oz -I/data/data/com.termux/files/usr/include conftest.c >&5
configure:2653: $? = 0
configure:2657: test -z 
			 || test ! -s conftest.err
configure:2660: $? = 0
configure:2663: test -s conftest.o
configure:2666: $? = 0
configure:2678: result: inline
configure:2708: checking how to run the C preprocessor
configure:2826: result: aarch64-linux-android-cpp
configure:2850: aarch64-linux-android-cpp -I/data/data/com.termux/files/usr/include conftest.c
configure:2856: $? = 0
configure:2888: aarch64-linux-android-cpp -I/data/data/com.termux/files/usr/include conftest.c
conftest.c:9:10: fatal error: 'ac_nonexistent.h' file not found
#include <ac_nonexistent.h>
         ^~~~~~~~~~~~~~~~~~
1 error generated.
configure:2894: $? = 1
configure: failed program was:
| /* confdefs.h.  */
| 
| #define PACKAGE_NAME "tk"
| #define PACKAGE_TARNAME "tk"
| #define PACKAGE_VERSION "8.6"
| #define PACKAGE_STRING "tk 8.6"
| #define PACKAGE_BUGREPORT ""
| /* end confdefs.h.  */
| #include <ac_nonexistent.h>
configure:2938: checking for egrep
configure:2948: result: grep -E
configure:2953: checking for ANSI C header files
configure:2978: aarch64-linux-android-clang -c  -fstack-protector-strong -Oz -I/data/data/com.termux/files/usr/include conftest.c >&5
configure:2984: $? = 0
configure:2988: test -z 
			 || test ! -s conftest.err
configure:2991: $? = 0
configure:2994: test -s conftest.o
configure:2997: $? = 0
configure:3086: aarch64-linux-android-clang -o conftest  -fstack-protector-strong -Oz -I/data/data/com.termux/files/usr/include -L/data/data/com.termux/files/usr/lib -Wl,--enable-new-dtags -Wl,--as-needed -Wl,-z,relro,-z,now conftest.c  >&5
conftest.c:26:7: warning: implicitly declaring library function 'exit' with type 'void (int) __attribute__((noreturn))' [-Wimplicit-function-declaration]
      exit(2);
      ^
conftest.c:26:7: note: include the header <stdlib.h> or explicitly provide a declaration for 'exit'
1 warning generated.
configure:3089: $? = 0
configure:3091: ./conftest
WARNING: linker: /data/data/com.termux/files/home/.termux-build/tk/build/conftest: unsupported flags DT_FLAGS_1=0x8000001
configure:3094: $? = 0
configure:3109: result: yes
configure:3133: checking for sys/types.h
configure:3149: aarch64-linux-android-clang -c  -fstack-protector-strong -Oz -I/data/data/com.termux/files/usr/include conftest.c >&5
configure:3155: $? = 0
configure:3159: test -z 
			 || test ! -s conftest.err
configure:3162: $? = 0
configure:3165: test -s conftest.o
configure:3168: $? = 0
configure:3179: result: yes
configure:3133: checking for sys/stat.h
configure:3149: aarch64-linux-android-clang -c  -fstack-protector-strong -Oz -I/data/data/com.termux/files/usr/include conftest.c >&5
configure:3155: $? = 0
configure:3159: test -z 
			 || test ! -s conftest.err
configure:3162: $? = 0
configure:3165: test -s conftest.o
configure:3168: $? = 0
configure:3179: result: yes
configure:3133: checking for stdlib.h
configure:3149: aarch64-linux-android-clang -c  -fstack-protector-strong -Oz -I/data/data/com.termux/files/usr/include conftest.c >&5
configure:3155: $? = 0
configure:3159: test -z 
			 || test ! -s conftest.err
configure:3162: $? = 0
configure:3165: test -s conftest.o
configure:3168: $? = 0
configure:3179: result: yes
configure:3133: checking for string.h
configure:3149: aarch64-linux-android-clang -c  -fstack-protector-strong -Oz -I/data/data/com.termux/files/usr/include conftest.c >&5
configure:3155: $? = 0
configure:3159: test -z 
			 || test ! -s conftest.err
configure:3162: $? = 0
configure:3165: test -s conftest.o
configure:3168: $? = 0
configure:3179: result: yes
configure:3133: checking for memory.h
configure:3149: aarch64-linux-android-clang -c  -fstack-protector-strong -Oz -I/data/data/com.termux/files/usr/include conftest.c >&5
configure:3155: $? = 0
configure:3159: test -z 
			 || test ! -s conftest.err
configure:3162: $? = 0
configure:3165: test -s conftest.o
configure:3168: $? = 0
configure:3179: result: yes
configure:3133: checking for strings.h
configure:3149: aarch64-linux-android-clang -c  -fstack-protector-strong -Oz -I/data/data/com.termux/files/usr/include conftest.c >&5
configure:3155: $? = 0
configure:3159: test -z 
			 || test ! -s conftest.err
configure:3162: $? = 0
configure:3165: test -s conftest.o
configure:3168: $? = 0
configure:3179: result: yes
configure:3133: checking for inttypes.h
configure:3149: aarch64-linux-android-clang -c  -fstack-protector-strong -Oz -I/data/data/com.termux/files/usr/include conftest.c >&5
configure:3155: $? = 0
configure:3159: test -z 
			 || test ! -s conftest.err
configure:3162: $? = 0
configure:3165: test -s conftest.o
configure:3168: $? = 0
configure:3179: result: yes
configure:3133: checking for stdint.h
configure:3149: aarch64-linux-android-clang -c  -fstack-protector-strong -Oz -I/data/data/com.termux/files/usr/include conftest.c >&5
configure:3155: $? = 0
configure:3159: test -z 
			 || test ! -s conftest.err
configure:3162: $? = 0
configure:3165: test -s conftest.o
configure:3168: $? = 0
configure:3179: result: yes
configure:3133: checking for unistd.h
configure:3149: aarch64-linux-android-clang -c  -fstack-protector-strong -Oz -I/data/data/com.termux/files/usr/include conftest.c >&5
configure:3155: $? = 0
configure:3159: test -z 
			 || test ! -s conftest.err
configure:3162: $? = 0
configure:3165: test -s conftest.o
configure:3168: $? = 0
configure:3179: result: yes
configure:3192: checking for stdlib.h
configure:3197: result: yes
configure:3400: checking if the compiler understands -pipe
configure:3423: aarch64-linux-android-clang -c  -fstack-protector-strong -Oz -pipe -I/data/data/com.termux/files/usr/include conftest.c >&5
configure:3429: $? = 0
configure:3433: test -z 
			 || test ! -s conftest.err
configure:3436: $? = 0
configure:3439: test -s conftest.o
configure:3442: $? = 0
configure:3454: result: yes
configure:3504: checking for pthread_mutex_init in -lpthread
configure:3534: aarch64-linux-android-clang -o conftest  -fstack-protector-strong -Oz -pipe -I/data/data/com.termux/files/usr/include -L/data/data/com.termux/files/usr/lib -Wl,--enable-new-dtags -Wl,--as-needed -Wl,-z,relro,-z,now conftest.c -lpthread   >&5
configure:3540: $? = 0
configure:3544: test -z 
			 || test ! -s conftest.err
configure:3547: $? = 0
configure:3550: test -s conftest
configure:3553: $? = 0
configure:3566: result: yes
configure:3893: checking for pthread_attr_setstacksize
configure:3950: aarch64-linux-android-clang -o conftest  -fstack-protector-strong -Oz -pipe -I/data/data/com.termux/files/usr/include -L/data/data/com.termux/files/usr/lib -Wl,--enable-new-dtags -Wl,--as-needed -Wl,-z,relro,-z,now conftest.c   -lpthread >&5
configure:3956: $? = 0
configure:3960: test -z 
			 || test ! -s conftest.err
configure:3963: $? = 0
configure:3966: test -s conftest
configure:3969: $? = 0
configure:3981: result: yes
configure:3893: checking for pthread_atfork
configure:3950: aarch64-linux-android-clang -o conftest  -fstack-protector-strong -Oz -pipe -I/data/data/com.termux/files/usr/include -L/data/data/com.termux/files/usr/lib -Wl,--enable-new-dtags -Wl,--as-needed -Wl,-z,relro,-z,now conftest.c   -lpthread >&5
configure:3956: $? = 0
configure:3960: test -z 
			 || test ! -s conftest.err
configure:3963: $? = 0
configure:3966: test -s conftest
configure:3969: $? = 0
configure:3981: result: yes
configure:3996: checking for building with threads
configure:4005: result: yes (threaded core)
configure:4023: checking how to build libraries
configure:4041: result: shared
configure:4065: checking for aarch64-linux-android-ranlib
configure:4091: result: aarch64-linux-android-ranlib
configure:4146: checking if 64bit support is requested
configure:4155: result: yes
configure:4160: checking if 64bit Sparc VIS support is requested
configure:4169: result: no
configure:4180: checking if compiler supports visibility "hidden"
configure:4205: aarch64-linux-android-clang -o conftest  -fstack-protector-strong -Oz -pipe -Werror -I/data/data/com.termux/files/usr/include -L/data/data/com.termux/files/usr/lib -Wl,--enable-new-dtags -Wl,--as-needed -Wl,-z,relro,-z,now conftest.c  -lpthread >&5
configure:4211: $? = 0
configure:4215: test -z 
			 || test ! -s conftest.err
configure:4218: $? = 0
configure:4221: test -s conftest
configure:4224: $? = 0
configure:4237: result: yes
configure:4257: checking if rpath support is requested
configure:4266: result: no
configure:4273: checking system version
configure:4304: result: Linux-3.18.31-perf-g502f558-01155-g2e5b524-dirty
configure:4312: checking for dlopen in -ldl
configure:4342: aarch64-linux-android-clang -o conftest  -fstack-protector-strong -Oz -pipe -I/data/data/com.termux/files/usr/include -L/data/data/com.termux/files/usr/lib -Wl,--enable-new-dtags -Wl,--as-needed -Wl,-z,relro,-z,now conftest.c -ldl   -lpthread >&5
configure:4348: $? = 0
configure:4352: test -z 
			 || test ! -s conftest.err
configure:4355: $? = 0
configure:4358: test -s conftest
configure:4361: $? = 0
configure:4374: result: yes
configure:4417: checking for aarch64-linux-android-ar
configure:4443: result: aarch64-linux-android-ar
configure:5247: checking if compiler accepts -m64 flag
configure:5271: aarch64-linux-android-clang -o conftest  -fstack-protector-strong -Oz -pipe -m64 -I/data/data/com.termux/files/usr/include -L/data/data/com.termux/files/usr/lib -Wl,--enable-new-dtags -Wl,--as-needed -Wl,-z,relro,-z,now -Wl,--export-dynamic conftest.c  -lpthread >&5
configure:5277: $? = 0
configure:5281: test -z 
			 || test ! -s conftest.err
configure:5284: $? = 0
configure:5287: test -s conftest
configure:5290: $? = 0
configure:5303: result: yes
configure:6717: checking for cast to union support
configure:6741: aarch64-linux-android-clang -c  -fstack-protector-strong -Oz -pipe -m64 -I/data/data/com.termux/files/usr/include conftest.c >&5
configure:6747: $? = 0
configure:6751: test -z 
			 || test ! -s conftest.err
configure:6754: $? = 0
configure:6757: test -s conftest.o
configure:6760: $? = 0
configure:6772: result: yes
configure:6824: checking for build with symbols
configure:6843: result: no
configure:6887: checking for required early compiler flags
configure:6910: aarch64-linux-android-clang -c  -fstack-protector-strong -Oz -pipe -m64 -I/data/data/com.termux/files/usr/include conftest.c >&5
configure:6916: $? = 0
configure:6920: test -z 
			 || test ! -s conftest.err
configure:6923: $? = 0
configure:6926: test -s conftest.o
configure:6929: $? = 0
configure:7015: aarch64-linux-android-clang -c  -fstack-protector-strong -Oz -pipe -m64 -I/data/data/com.termux/files/usr/include conftest.c >&5
configure:7021: $? = 0
configure:7025: test -z 
			 || test ! -s conftest.err
configure:7028: $? = 0
configure:7031: test -s conftest.o
configure:7034: $? = 0
configure:7120: aarch64-linux-android-clang -c  -fstack-protector-strong -Oz -pipe -m64 -I/data/data/com.termux/files/usr/include conftest.c >&5
conftest.c:36:19: error: use of undeclared identifier 'open64'
char *p = (char *)open64;
                  ^
1 error generated.
configure:7126: $? = 1
configure: failed program was:
| /* confdefs.h.  */
| 
| #define PACKAGE_NAME "tk"
| #define PACKAGE_TARNAME "tk"
| #define PACKAGE_VERSION "8.6"
| #define PACKAGE_STRING "tk 8.6"
| #define PACKAGE_BUGREPORT ""
| #define STDC_HEADERS 1
| #define HAVE_SYS_TYPES_H 1
| #define HAVE_SYS_STAT_H 1
| #define HAVE_STDLIB_H 1
| #define HAVE_STRING_H 1
| #define HAVE_MEMORY_H 1
| #define HAVE_STRINGS_H 1
| #define HAVE_INTTYPES_H 1
| #define HAVE_STDINT_H 1
| #define HAVE_UNISTD_H 1
| #define USE_THREAD_ALLOC 1
| #define _REENTRANT 1
| #define _THREAD_SAFE 1
| #define HAVE_PTHREAD_ATTR_SETSTACKSIZE 1
| #define HAVE_PTHREAD_ATFORK 1
| #define TCL_THREADS 1
| #define MODULE_SCOPE extern __attribute__((__visibility__("hidden")))
| #define HAVE_HIDDEN 1
| #define TCL_CFG_DO64BIT 1
| #define HAVE_CAST_TO_UNION 1
| #define TCL_SHLIB_EXT ".so"
| #define NDEBUG 1
| #define TCL_CFG_OPTIMIZED 1
| /* end confdefs.h.  */
| #include <sys/stat.h>
| int
| main ()
| {
| char *p = (char *)open64;
|   ;
|   return 0;
| }
configure:7163: aarch64-linux-android-clang -c  -fstack-protector-strong -Oz -pipe -m64 -I/data/data/com.termux/files/usr/include conftest.c >&5
conftest.c:37:19: error: use of undeclared identifier 'open64'
char *p = (char *)open64;
                  ^
1 error generated.
configure:7169: $? = 1
configure: failed program was:
| /* confdefs.h.  */
| 
| #define PACKAGE_NAME "tk"
| #define PACKAGE_TARNAME "tk"
| #define PACKAGE_VERSION "8.6"
| #define PACKAGE_STRING "tk 8.6"
| #define PACKAGE_BUGREPORT ""
| #define STDC_HEADERS 1
| #define HAVE_SYS_TYPES_H 1
| #define HAVE_SYS_STAT_H 1
| #define HAVE_STDLIB_H 1
| #define HAVE_STRING_H 1
| #define HAVE_MEMORY_H 1
| #define HAVE_STRINGS_H 1
| #define HAVE_INTTYPES_H 1
| #define HAVE_STDINT_H 1
| #define HAVE_UNISTD_H 1
| #define USE_THREAD_ALLOC 1
| #define _REENTRANT 1
| #define _THREAD_SAFE 1
| #define HAVE_PTHREAD_ATTR_SETSTACKSIZE 1
| #define HAVE_PTHREAD_ATFORK 1
| #define TCL_THREADS 1
| #define MODULE_SCOPE extern __attribute__((__visibility__("hidden")))
| #define HAVE_HIDDEN 1
| #define TCL_CFG_DO64BIT 1
| #define HAVE_CAST_TO_UNION 1
| #define TCL_SHLIB_EXT ".so"
| #define NDEBUG 1
| #define TCL_CFG_OPTIMIZED 1
| /* end confdefs.h.  */
| #define _LARGEFILE_SOURCE64 1
| #include <sys/stat.h>
| int
| main ()
| {
| char *p = (char *)open64;
|   ;
|   return 0;
| }
configure:7206: result: none
configure:7215: checking for 64-bit integer type
configure:7239: aarch64-linux-android-clang -c  -fstack-protector-strong -Oz -pipe -m64 -I/data/data/com.termux/files/usr/include conftest.c >&5
conftest.c:36:1: error: use of undeclared identifier '__int64'
__int64 value = (__int64) 0;
^
1 error generated.
configure:7245: $? = 1
configure: failed program was:
| /* confdefs.h.  */
| 
| #define PACKAGE_NAME "tk"
| #define PACKAGE_TARNAME "tk"
| #define PACKAGE_VERSION "8.6"
| #define PACKAGE_STRING "tk 8.6"
| #define PACKAGE_BUGREPORT ""
| #define STDC_HEADERS 1
| #define HAVE_SYS_TYPES_H 1
| #define HAVE_SYS_STAT_H 1
| #define HAVE_STDLIB_H 1
| #define HAVE_STRING_H 1
| #define HAVE_MEMORY_H 1
| #define HAVE_STRINGS_H 1
| #define HAVE_INTTYPES_H 1
| #define HAVE_STDINT_H 1
| #define HAVE_UNISTD_H 1
| #define USE_THREAD_ALLOC 1
| #define _REENTRANT 1
| #define _THREAD_SAFE 1
| #define HAVE_PTHREAD_ATTR_SETSTACKSIZE 1
| #define HAVE_PTHREAD_ATFORK 1
| #define TCL_THREADS 1
| #define MODULE_SCOPE extern __attribute__((__visibility__("hidden")))
| #define HAVE_HIDDEN 1
| #define TCL_CFG_DO64BIT 1
| #define HAVE_CAST_TO_UNION 1
| #define TCL_SHLIB_EXT ".so"
| #define NDEBUG 1
| #define TCL_CFG_OPTIMIZED 1
| /* end confdefs.h.  */
| 
| int
| main ()
| {
| __int64 value = (__int64) 0;
|   ;
|   return 0;
| }
configure:7289: aarch64-linux-android-clang -c  -fstack-protector-strong -Oz -pipe -m64 -I/data/data/com.termux/files/usr/include conftest.c >&5
conftest.c:37:26: error: duplicate case value '1'
            case 1: case (sizeof(long long)==sizeof(long)): ;
                         ^
conftest.c:37:18: note: previous case defined here
            case 1: case (sizeof(long long)==sizeof(long)): ;
                 ^
1 error generated.
configure:7295: $? = 1
configure: failed program was:
| /* confdefs.h.  */
| 
| #define PACKAGE_NAME "tk"
| #define PACKAGE_TARNAME "tk"
| #define PACKAGE_VERSION "8.6"
| #define PACKAGE_STRING "tk 8.6"
| #define PACKAGE_BUGREPORT ""
| #define STDC_HEADERS 1
| #define HAVE_SYS_TYPES_H 1
| #define HAVE_SYS_STAT_H 1
| #define HAVE_STDLIB_H 1
| #define HAVE_STRING_H 1
| #define HAVE_MEMORY_H 1
| #define HAVE_STRINGS_H 1
| #define HAVE_INTTYPES_H 1
| #define HAVE_STDINT_H 1
| #define HAVE_UNISTD_H 1
| #define USE_THREAD_ALLOC 1
| #define _REENTRANT 1
| #define _THREAD_SAFE 1
| #define HAVE_PTHREAD_ATTR_SETSTACKSIZE 1
| #define HAVE_PTHREAD_ATFORK 1
| #define TCL_THREADS 1
| #define MODULE_SCOPE extern __attribute__((__visibility__("hidden")))
| #define HAVE_HIDDEN 1
| #define TCL_CFG_DO64BIT 1
| #define HAVE_CAST_TO_UNION 1
| #define TCL_SHLIB_EXT ".so"
| #define NDEBUG 1
| #define TCL_CFG_OPTIMIZED 1
| /* end confdefs.h.  */
| 
| int
| main ()
| {
| switch (0) {
|             case 1: case (sizeof(long long)==sizeof(long)): ;
|         }
|   ;
|   return 0;
| }
configure:7325: result: using long
configure:7705: checking whether byte ordering is bigendian
configure:7916: result: no
configure:7966: checking for fd_set in sys/types
configure:7988: aarch64-linux-android-clang -c  -fstack-protector-strong -Oz -pipe -m64 -I/data/data/com.termux/files/usr/include conftest.c >&5
conftest.c:37:1: error: use of undeclared identifier 'fd_set'
fd_set readMask, writeMask;
^
1 error generated.
configure:7994: $? = 1
configure: failed program was:
| /* confdefs.h.  */
| 
| #define PACKAGE_NAME "tk"
| #define PACKAGE_TARNAME "tk"
| #define PACKAGE_VERSION "8.6"
| #define PACKAGE_STRING "tk 8.6"
| #define PACKAGE_BUGREPORT ""
| #define STDC_HEADERS 1
| #define HAVE_SYS_TYPES_H 1
| #define HAVE_SYS_STAT_H 1
| #define HAVE_STDLIB_H 1
| #define HAVE_STRING_H 1
| #define HAVE_MEMORY_H 1
| #define HAVE_STRINGS_H 1
| #define HAVE_INTTYPES_H 1
| #define HAVE_STDINT_H 1
| #define HAVE_UNISTD_H 1
| #define USE_THREAD_ALLOC 1
| #define _REENTRANT 1
| #define _THREAD_SAFE 1
| #define HAVE_PTHREAD_ATTR_SETSTACKSIZE 1
| #define HAVE_PTHREAD_ATFORK 1
| #define TCL_THREADS 1
| #define MODULE_SCOPE extern __attribute__((__visibility__("hidden")))
| #define HAVE_HIDDEN 1
| #define TCL_CFG_DO64BIT 1
| #define HAVE_CAST_TO_UNION 1
| #define TCL_SHLIB_EXT ".so"
| #define NDEBUG 1
| #define TCL_CFG_OPTIMIZED 1
| #define TCL_WIDE_INT_IS_LONG 1
| /* end confdefs.h.  */
| #include <sys/types.h>
| int
| main ()
| {
| fd_set readMask, writeMask;
|   ;
|   return 0;
| }
configure:8018: result: no
configure:8022: checking for fd_mask in sys/select
configure:8046: result: present
configure:8083: checking sys/time.h usability
configure:8095: aarch64-linux-android-clang -c  -fstack-protector-strong -Oz -pipe -m64 -I/data/data/com.termux/files/usr/include conftest.c >&5
configure:8101: $? = 0
configure:8105: test -z 
			 || test ! -s conftest.err
configure:8108: $? = 0
configure:8111: test -s conftest.o
configure:8114: $? = 0
configure:8124: result: yes
configure:8128: checking sys/time.h presence
configure:8138: aarch64-linux-android-cpp -I/data/data/com.termux/files/usr/include conftest.c
configure:8144: $? = 0
configure:8164: result: yes
configure:8199: checking for sys/time.h
configure:8206: result: yes
configure:8219: checking whether time.h and sys/time.h may both be included
configure:8244: aarch64-linux-android-clang -c  -fstack-protector-strong -Oz -pipe -m64 -I/data/data/com.termux/files/usr/include conftest.c >&5
configure:8250: $? = 0
configure:8254: test -z 
			 || test ! -s conftest.err
configure:8257: $? = 0
configure:8260: test -s conftest.o
configure:8263: $? = 0
configure:8274: result: yes
configure:8290: checking for mode_t
configure:8314: aarch64-linux-android-clang -c  -fstack-protector-strong -Oz -pipe -m64 -I/data/data/com.termux/files/usr/include conftest.c >&5
configure:8320: $? = 0
configure:8324: test -z 
			 || test ! -s conftest.err
configure:8327: $? = 0
configure:8330: test -s conftest.o
configure:8333: $? = 0
configure:8344: result: yes
configure:8356: checking for pid_t
configure:8380: aarch64-linux-android-clang -c  -fstack-protector-strong -Oz -pipe -m64 -I/data/data/com.termux/files/usr/include conftest.c >&5
configure:8386: $? = 0
configure:8390: test -z 
			 || test ! -s conftest.err
configure:8393: $? = 0
configure:8396: test -s conftest.o
configure:8399: $? = 0
configure:8410: result: yes
configure:8422: checking for size_t
configure:8446: aarch64-linux-android-clang -c  -fstack-protector-strong -Oz -pipe -m64 -I/data/data/com.termux/files/usr/include conftest.c >&5
configure:8452: $? = 0
configure:8456: test -z 
			 || test ! -s conftest.err
configure:8459: $? = 0
configure:8462: test -s conftest.o
configure:8465: $? = 0
configure:8476: result: yes
configure:8488: checking for uid_t in sys/types.h
configure:8511: result: yes
configure:8527: checking for intptr_t
configure:8551: aarch64-linux-android-clang -c  -fstack-protector-strong -Oz -pipe -m64 -I/data/data/com.termux/files/usr/include conftest.c >&5
configure:8557: $? = 0
configure:8561: test -z 
			 || test ! -s conftest.err
configure:8564: $? = 0
configure:8567: test -s conftest.o
configure:8570: $? = 0
configure:8581: result: yes
configure:8662: checking for uintptr_t
configure:8686: aarch64-linux-android-clang -c  -fstack-protector-strong -Oz -pipe -m64 -I/data/data/com.termux/files/usr/include conftest.c >&5
configure:8692: $? = 0
configure:8696: test -z 
			 || test ! -s conftest.err
configure:8699: $? = 0
configure:8702: test -s conftest.o
configure:8705: $? = 0
configure:8716: result: yes
configure:8803: checking pw_gecos in struct pwd
configure:8825: aarch64-linux-android-clang -c  -fstack-protector-strong -Oz -pipe -m64 -I/data/data/com.termux/files/usr/include conftest.c >&5
conftest.c:42:24: warning: expression result unused [-Wunused-value]
struct passwd pwd; pwd.pw_gecos;
                   ~~~ ^~~~~~~~
1 warning generated.
configure:8831: $? = 0
configure:8835: test -z 
			 || test ! -s conftest.err
configure:8838: $? = 0
configure:8841: test -s conftest.o
configure:8844: $? = 0
configure:8855: result: yes
configure:9365: checking for X
configure:9470: aarch64-linux-android-cpp -I/data/data/com.termux/files/usr/include conftest.c
configure:9476: $? = 0
configure:9526: aarch64-linux-android-clang -o conftest  -fstack-protector-strong -Oz -pipe -m64 -I/data/data/com.termux/files/usr/include -L/data/data/com.termux/files/usr/lib -Wl,--enable-new-dtags -Wl,--as-needed -Wl,-z,relro,-z,now -Wl,--export-dynamic  conftest.c -lX11  -lpthread >&5
configure:9532: $? = 0
configure:9536: test -z 
			 || test ! -s conftest.err
configure:9539: $? = 0
configure:9542: test -s conftest
configure:9545: $? = 0
configure:9595: result: libraries , headers 
configure:9610: aarch64-linux-android-cpp -I/data/data/com.termux/files/usr/include conftest.c
configure:9616: $? = 0
configure:9845: checking for main in -lXbsd
configure:9869: aarch64-linux-android-clang -o conftest  -fstack-protector-strong -Oz -pipe -m64 -I/data/data/com.termux/files/usr/include -L/data/data/com.termux/files/usr/lib -Wl,--enable-new-dtags -Wl,--as-needed -Wl,-z,relro,-z,now -Wl,--export-dynamic  conftest.c -lXbsd   -lpthread >&5
/data/data/com.termux/files/usr/bin/aarch64-linux-android-ld: cannot find -lXbsd
clang-10: error: linker command failed with exit code 1 (use -v to see invocation)
configure:9875: $? = 1
configure: failed program was:
| /* confdefs.h.  */
| 
| #define PACKAGE_NAME "tk"
| #define PACKAGE_TARNAME "tk"
| #define PACKAGE_VERSION "8.6"
| #define PACKAGE_STRING "tk 8.6"
| #define PACKAGE_BUGREPORT ""
| #define STDC_HEADERS 1
| #define HAVE_SYS_TYPES_H 1
| #define HAVE_SYS_STAT_H 1
| #define HAVE_STDLIB_H 1
| #define HAVE_STRING_H 1
| #define HAVE_MEMORY_H 1
| #define HAVE_STRINGS_H 1
| #define HAVE_INTTYPES_H 1
| #define HAVE_STDINT_H 1
| #define HAVE_UNISTD_H 1
| #define USE_THREAD_ALLOC 1
| #define _REENTRANT 1
| #define _THREAD_SAFE 1
| #define HAVE_PTHREAD_ATTR_SETSTACKSIZE 1
| #define HAVE_PTHREAD_ATFORK 1
| #define TCL_THREADS 1
| #define MODULE_SCOPE extern __attribute__((__visibility__("hidden")))
| #define HAVE_HIDDEN 1
| #define TCL_CFG_DO64BIT 1
| #define HAVE_CAST_TO_UNION 1
| #define TCL_SHLIB_EXT ".so"
| #define NDEBUG 1
| #define TCL_CFG_OPTIMIZED 1
| #define TCL_WIDE_INT_IS_LONG 1
| #define HAVE_SYS_SELECT_H 1
| #define HAVE_SYS_TIME_H 1
| #define TIME_WITH_SYS_TIME 1
| #define HAVE_INTPTR_T 1
| #define HAVE_UINTPTR_T 1
| #define HAVE_PW_GECOS 1
| /* end confdefs.h.  */
| 
| 
| int
| main ()
| {
| main ();
|   ;
|   return 0;
| }
configure:9901: result: no
configure:9992: checking whether to use xft
configure:10015: result: yes
configure:10022: checking for X11/Xft/Xft.h
configure:10038: aarch64-linux-android-clang -c  -fstack-protector-strong -Oz -pipe -m64  -I/data/data/com.termux/files/usr/include -I/data/data/com.termux/files/usr/include/uuid -I/data/data/com.termux/files/usr/include/libxml2 -I/data/data/com.termux/files/usr/include/freetype2 -I/data/data/com.termux/files/usr/include/libpng16 -I/data/data/com.termux/files/usr/include -I/data/data/com.termux/files/usr/include conftest.c >&5
configure:10044: $? = 0
configure:10048: test -z 
			 || test ! -s conftest.err
configure:10051: $? = 0
configure:10054: test -s conftest.o
configure:10057: $? = 0
configure:10068: result: yes
configure:10088: checking for XftFontOpen in -lXft
configure:10118: aarch64-linux-android-clang -o conftest  -fstack-protector-strong -Oz -pipe -m64  -I/data/data/com.termux/files/usr/include -I/data/data/com.termux/files/usr/include/uuid -I/data/data/com.termux/files/usr/include/libxml2 -I/data/data/com.termux/files/usr/include/freetype2 -I/data/data/com.termux/files/usr/include/libpng16 -I/data/data/com.termux/files/usr/include -I/data/data/com.termux/files/usr/include -L/data/data/com.termux/files/usr/lib -Wl,--enable-new-dtags -Wl,--as-needed -Wl,-z,relro,-z,now -Wl,--export-dynamic  conftest.c -lXft   -L/data/data/com.termux/files/usr/lib -lXft -lfontconfig -lfreetype -lX11 >&5
configure:10124: $? = 0
configure:10128: test -z 
			 || test ! -s conftest.err
configure:10131: $? = 0
configure:10134: test -s conftest
configure:10137: $? = 0
configure:10150: result: yes
configure:10173: checking for FcFontSort in -lfontconfig
configure:10203: aarch64-linux-android-clang -o conftest  -fstack-protector-strong -Oz -pipe -m64  -I/data/data/com.termux/files/usr/include -I/data/data/com.termux/files/usr/include/uuid -I/data/data/com.termux/files/usr/include/libxml2 -I/data/data/com.termux/files/usr/include/freetype2 -I/data/data/com.termux/files/usr/include/libpng16 -I/data/data/com.termux/files/usr/include -I/data/data/com.termux/files/usr/include -L/data/data/com.termux/files/usr/lib -Wl,--enable-new-dtags -Wl,--as-needed -Wl,-z,relro,-z,now -Wl,--export-dynamic  conftest.c -lfontconfig   -L/data/data/com.termux/files/usr/lib -lXft -lfontconfig -lfreetype -lX11 -lfontconfig >&5
configure:10209: $? = 0
configure:10213: test -z 
			 || test ! -s conftest.err
configure:10216: $? = 0
configure:10219: test -s conftest
configure:10222: $? = 0
configure:10235: result: yes
configure:10282: checking for X11/XKBlib.h
configure:10298: aarch64-linux-android-clang -c  -fstack-protector-strong -Oz -pipe -m64  -I/data/data/com.termux/files/usr/include conftest.c >&5
configure:10304: $? = 0
configure:10308: test -z 
			 || test ! -s conftest.err
configure:10311: $? = 0
configure:10314: test -s conftest.o
configure:10317: $? = 0
configure:10328: result: yes
configure:10342: checking for XkbKeycodeToKeysym in -lX11
configure:10372: aarch64-linux-android-clang -o conftest  -fstack-protector-strong -Oz -pipe -m64  -I/data/data/com.termux/files/usr/include -L/data/data/com.termux/files/usr/lib -Wl,--enable-new-dtags -Wl,--as-needed -Wl,-z,relro,-z,now -Wl,--export-dynamic  conftest.c -lX11   -lpthread -lX11 >&5
configure:10378: $? = 0
configure:10382: test -z 
			 || test ! -s conftest.err
configure:10385: $? = 0
configure:10388: test -s conftest
configure:10391: $? = 0
configure:10404: result: yes
configure:10435: checking whether XKeycodeToKeysym is deprecated
configure:10459: aarch64-linux-android-clang -o conftest  -fstack-protector-strong -Oz -pipe -m64 -Werror -I/data/data/com.termux/files/usr/include -L/data/data/com.termux/files/usr/lib -Wl,--enable-new-dtags -Wl,--as-needed -Wl,-z,relro,-z,now -Wl,--export-dynamic  conftest.c  -lpthread >&5
conftest.c:49:2: error: 'XKeycodeToKeysym' is deprecated [-Werror,-Wdeprecated-declarations]
        XKeycodeToKeysym(0,0,0);
        ^
/data/data/com.termux/files/usr/include/X11/Xlib.h:1686:1: note: 'XKeycodeToKeysym' has been explicitly marked deprecated here
_X_DEPRECATED
^
/data/data/com.termux/files/usr/include/X11/Xfuncproto.h:136:40: note: expanded from macro '_X_DEPRECATED'
# define _X_DEPRECATED  __attribute__((deprecated))
                                       ^
1 error generated.
configure:10465: $? = 1
configure: failed program was:
| /* confdefs.h.  */
| 
| #define PACKAGE_NAME "tk"
| #define PACKAGE_TARNAME "tk"
| #define PACKAGE_VERSION "8.6"
| #define PACKAGE_STRING "tk 8.6"
| #define PACKAGE_BUGREPORT ""
| #define STDC_HEADERS 1
| #define HAVE_SYS_TYPES_H 1
| #define HAVE_SYS_STAT_H 1
| #define HAVE_STDLIB_H 1
| #define HAVE_STRING_H 1
| #define HAVE_MEMORY_H 1
| #define HAVE_STRINGS_H 1
| #define HAVE_INTTYPES_H 1
| #define HAVE_STDINT_H 1
| #define HAVE_UNISTD_H 1
| #define USE_THREAD_ALLOC 1
| #define _REENTRANT 1
| #define _THREAD_SAFE 1
| #define HAVE_PTHREAD_ATTR_SETSTACKSIZE 1
| #define HAVE_PTHREAD_ATFORK 1
| #define TCL_THREADS 1
| #define MODULE_SCOPE extern __attribute__((__visibility__("hidden")))
| #define HAVE_HIDDEN 1
| #define TCL_CFG_DO64BIT 1
| #define HAVE_CAST_TO_UNION 1
| #define TCL_SHLIB_EXT ".so"
| #define NDEBUG 1
| #define TCL_CFG_OPTIMIZED 1
| #define TCL_WIDE_INT_IS_LONG 1
| #define HAVE_SYS_SELECT_H 1
| #define HAVE_SYS_TIME_H 1
| #define TIME_WITH_SYS_TIME 1
| #define HAVE_INTPTR_T 1
| #define HAVE_UINTPTR_T 1
| #define HAVE_PW_GECOS 1
| #define HAVE_LIBXFT 1
| #define HAVE_XFT 1
| #define HAVE_XKBKEYCODETOKEYSYM 1
| /* end confdefs.h.  */
| 
| 	#include <X11/Xlib.h>
| 
| int
| main ()
| {
| 
| 	XKeycodeToKeysym(0,0,0);
| 
|   ;
|   return 0;
| }
configure:10489: result: yes
configure:10519: checking whether to try to use XScreenSaver
configure:10532: result: yes
configure:10534: checking for X11/extensions/scrnsaver.h
configure:10550: aarch64-linux-android-clang -c  -fstack-protector-strong -Oz -pipe -m64  -I/data/data/com.termux/files/usr/include conftest.c >&5
configure:10556: $? = 0
configure:10560: test -z 
			 || test ! -s conftest.err
configure:10563: $? = 0
configure:10566: test -s conftest.o
configure:10569: $? = 0
configure:10580: result: yes
configure:10589: checking for XScreenSaverQueryInfo
configure:10646: aarch64-linux-android-clang -o conftest  -fstack-protector-strong -Oz -pipe -m64  -I/data/data/com.termux/files/usr/include -L/data/data/com.termux/files/usr/lib -Wl,--enable-new-dtags -Wl,--as-needed -Wl,-z,relro,-z,now -Wl,--export-dynamic  conftest.c  -lpthread -lX11 >&5
/data/data/com.termux/files/usr/bin/aarch64-linux-android-ld: /data/data/com.termux/files/usr/tmp/conftest-91b003.o: in function `main':
conftest.c:(.text+0x4): undefined reference to `XScreenSaverQueryInfo'
/data/data/com.termux/files/usr/bin/aarch64-linux-android-ld: conftest.c:(.text+0xc): undefined reference to `XScreenSaverQueryInfo'
/data/data/com.termux/files/usr/bin/aarch64-linux-android-ld: /data/data/com.termux/files/usr/tmp/conftest-91b003.o:(.data+0x0): undefined reference to `XScreenSaverQueryInfo'
clang-10: error: linker command failed with exit code 1 (use -v to see invocation)
configure:10652: $? = 1
configure: failed program was:
| /* confdefs.h.  */
| 
| #define PACKAGE_NAME "tk"
| #define PACKAGE_TARNAME "tk"
| #define PACKAGE_VERSION "8.6"
| #define PACKAGE_STRING "tk 8.6"
| #define PACKAGE_BUGREPORT ""
| #define STDC_HEADERS 1
| #define HAVE_SYS_TYPES_H 1
| #define HAVE_SYS_STAT_H 1
| #define HAVE_STDLIB_H 1
| #define HAVE_STRING_H 1
| #define HAVE_MEMORY_H 1
| #define HAVE_STRINGS_H 1
| #define HAVE_INTTYPES_H 1
| #define HAVE_STDINT_H 1
| #define HAVE_UNISTD_H 1
| #define USE_THREAD_ALLOC 1
| #define _REENTRANT 1
| #define _THREAD_SAFE 1
| #define HAVE_PTHREAD_ATTR_SETSTACKSIZE 1
| #define HAVE_PTHREAD_ATFORK 1
| #define TCL_THREADS 1
| #define MODULE_SCOPE extern __attribute__((__visibility__("hidden")))
| #define HAVE_HIDDEN 1
| #define TCL_CFG_DO64BIT 1
| #define HAVE_CAST_TO_UNION 1
| #define TCL_SHLIB_EXT ".so"
| #define NDEBUG 1
| #define TCL_CFG_OPTIMIZED 1
| #define TCL_WIDE_INT_IS_LONG 1
| #define HAVE_SYS_SELECT_H 1
| #define HAVE_SYS_TIME_H 1
| #define TIME_WITH_SYS_TIME 1
| #define HAVE_INTPTR_T 1
| #define HAVE_UINTPTR_T 1
| #define HAVE_PW_GECOS 1
| #define HAVE_LIBXFT 1
| #define HAVE_XFT 1
| #define HAVE_XKBKEYCODETOKEYSYM 1
| #define XKEYCODETOKEYSYM_IS_DEPRECATED 1
| /* end confdefs.h.  */
| /* Define XScreenSaverQueryInfo to an innocuous variant, in case <limits.h> declares XScreenSaverQueryInfo.
|    For example, HP-UX 11i <limits.h> declares gettimeofday.  */
| #define XScreenSaverQueryInfo innocuous_XScreenSaverQueryInfo
| 
| /* System header to define __stub macros and hopefully few prototypes,
|     which can conflict with char XScreenSaverQueryInfo (); below.
|     Prefer <limits.h> to <assert.h> if __STDC__ is defined, since
|     <limits.h> exists even on freestanding compilers.  */
| 
| #ifdef __STDC__
| # include <limits.h>
| #else
| # include <assert.h>
| #endif
| 
| #undef XScreenSaverQueryInfo
| 
| /* Override any gcc2 internal prototype to avoid an error.  */
| #ifdef __cplusplus
| extern "C"
| {
| #endif
| /* We use char because int might match the return type of a gcc2
|    builtin and then its argument prototype would still apply.  */
| char XScreenSaverQueryInfo ();
| /* The GNU C library defines this for functions which it implements
|     to always fail with ENOSYS.  Some functions are actually named
|     something starting with __ and the normal name is an alias.  */
| #if defined (__stub_XScreenSaverQueryInfo) || defined (__stub___XScreenSaverQueryInfo)
| choke me
| #else
| char (*f) () = XScreenSaverQueryInfo;
| #endif
| #ifdef __cplusplus
| }
| #endif
| 
| int
| main ()
| {
| return f != XScreenSaverQueryInfo;
|   ;
|   return 0;
| }
configure:10677: result: no
configure:10683: checking for XScreenSaverQueryInfo in -lXext
configure:10713: aarch64-linux-android-clang -o conftest  -fstack-protector-strong -Oz -pipe -m64  -I/data/data/com.termux/files/usr/include -L/data/data/com.termux/files/usr/lib -Wl,--enable-new-dtags -Wl,--as-needed -Wl,-z,relro,-z,now -Wl,--export-dynamic  conftest.c -lXext   -lpthread -lX11 >&5
/data/data/com.termux/files/usr/bin/aarch64-linux-android-ld: /data/data/com.termux/files/usr/tmp/conftest-12cfb5.o: in function `main':
conftest.c:(.text+0x8): undefined reference to `XScreenSaverQueryInfo'
clang-10: error: linker command failed with exit code 1 (use -v to see invocation)
configure:10719: $? = 1
configure: failed program was:
| /* confdefs.h.  */
| 
| #define PACKAGE_NAME "tk"
| #define PACKAGE_TARNAME "tk"
| #define PACKAGE_VERSION "8.6"
| #define PACKAGE_STRING "tk 8.6"
| #define PACKAGE_BUGREPORT ""
| #define STDC_HEADERS 1
| #define HAVE_SYS_TYPES_H 1
| #define HAVE_SYS_STAT_H 1
| #define HAVE_STDLIB_H 1
| #define HAVE_STRING_H 1
| #define HAVE_MEMORY_H 1
| #define HAVE_STRINGS_H 1
| #define HAVE_INTTYPES_H 1
| #define HAVE_STDINT_H 1
| #define HAVE_UNISTD_H 1
| #define USE_THREAD_ALLOC 1
| #define _REENTRANT 1
| #define _THREAD_SAFE 1
| #define HAVE_PTHREAD_ATTR_SETSTACKSIZE 1
| #define HAVE_PTHREAD_ATFORK 1
| #define TCL_THREADS 1
| #define MODULE_SCOPE extern __attribute__((__visibility__("hidden")))
| #define HAVE_HIDDEN 1
| #define TCL_CFG_DO64BIT 1
| #define HAVE_CAST_TO_UNION 1
| #define TCL_SHLIB_EXT ".so"
| #define NDEBUG 1
| #define TCL_CFG_OPTIMIZED 1
| #define TCL_WIDE_INT_IS_LONG 1
| #define HAVE_SYS_SELECT_H 1
| #define HAVE_SYS_TIME_H 1
| #define TIME_WITH_SYS_TIME 1
| #define HAVE_INTPTR_T 1
| #define HAVE_UINTPTR_T 1
| #define HAVE_PW_GECOS 1
| #define HAVE_LIBXFT 1
| #define HAVE_XFT 1
| #define HAVE_XKBKEYCODETOKEYSYM 1
| #define XKEYCODETOKEYSYM_IS_DEPRECATED 1
| /* end confdefs.h.  */
| 
| /* Override any gcc2 internal prototype to avoid an error.  */
| #ifdef __cplusplus
| extern "C"
| #endif
| /* We use char because int might match the return type of a gcc2
|    builtin and then its argument prototype would still apply.  */
| char XScreenSaverQueryInfo ();
| int
| main ()
| {
| XScreenSaverQueryInfo ();
|   ;
|   return 0;
| }
configure:10745: result: no
configure:10754: checking for XScreenSaverQueryInfo in -lXss
configure:10784: aarch64-linux-android-clang -o conftest  -fstack-protector-strong -Oz -pipe -m64  -I/data/data/com.termux/files/usr/include -L/data/data/com.termux/files/usr/lib -Wl,--enable-new-dtags -Wl,--as-needed -Wl,-z,relro,-z,now -Wl,--export-dynamic  conftest.c -lXss -lXext  -lpthread -lX11 >&5
configure:10790: $? = 0
configure:10794: test -z 
			 || test ! -s conftest.err
configure:10797: $? = 0
configure:10800: test -s conftest
configure:10803: $? = 0
configure:10816: result: yes
configure:10855: checking whether char is unsigned
configure:10878: aarch64-linux-android-clang -c  -fstack-protector-strong -Oz -pipe -m64 -I/data/data/com.termux/files/usr/include conftest.c >&5
conftest.c:81:24: error: 'test_array' declared as an array with a negative size
static int test_array [1 - 2 * !(((char) -1) < 0)];
                       ^~~~~~~~~~~~~~~~~~~~~~~~~~
1 error generated.
configure:10884: $? = 1
configure: failed program was:
| /* confdefs.h.  */
| 
| #define PACKAGE_NAME "tk"
| #define PACKAGE_TARNAME "tk"
| #define PACKAGE_VERSION "8.6"
| #define PACKAGE_STRING "tk 8.6"
| #define PACKAGE_BUGREPORT ""
| #define STDC_HEADERS 1
| #define HAVE_SYS_TYPES_H 1
| #define HAVE_SYS_STAT_H 1
| #define HAVE_STDLIB_H 1
| #define HAVE_STRING_H 1
| #define HAVE_MEMORY_H 1
| #define HAVE_STRINGS_H 1
| #define HAVE_INTTYPES_H 1
| #define HAVE_STDINT_H 1
| #define HAVE_UNISTD_H 1
| #define USE_THREAD_ALLOC 1
| #define _REENTRANT 1
| #define _THREAD_SAFE 1
| #define HAVE_PTHREAD_ATTR_SETSTACKSIZE 1
| #define HAVE_PTHREAD_ATFORK 1
| #define TCL_THREADS 1
| #define MODULE_SCOPE extern __attribute__((__visibility__("hidden")))
| #define HAVE_HIDDEN 1
| #define TCL_CFG_DO64BIT 1
| #define HAVE_CAST_TO_UNION 1
| #define TCL_SHLIB_EXT ".so"
| #define NDEBUG 1
| #define TCL_CFG_OPTIMIZED 1
| #define TCL_WIDE_INT_IS_LONG 1
| #define HAVE_SYS_SELECT_H 1
| #define HAVE_SYS_TIME_H 1
| #define TIME_WITH_SYS_TIME 1
| #define HAVE_INTPTR_T 1
| #define HAVE_UINTPTR_T 1
| #define HAVE_PW_GECOS 1
| #define HAVE_LIBXFT 1
| #define HAVE_XFT 1
| #define HAVE_XKBKEYCODETOKEYSYM 1
| #define XKEYCODETOKEYSYM_IS_DEPRECATED 1
| #define HAVE_XSS 1
| /* end confdefs.h.  */
| #include <stdio.h>
| #if HAVE_SYS_TYPES_H
| # include <sys/types.h>
| #endif
| #if HAVE_SYS_STAT_H
| # include <sys/stat.h>
| #endif
| #if STDC_HEADERS
| # include <stdlib.h>
| # include <stddef.h>
| #else
| # if HAVE_STDLIB_H
| #  include <stdlib.h>
| # endif
| #endif
| #if HAVE_STRING_H
| # if !STDC_HEADERS && HAVE_MEMORY_H
| #  include <memory.h>
| # endif
| # include <string.h>
| #endif
| #if HAVE_STRINGS_H
| # include <strings.h>
| #endif
| #if HAVE_INTTYPES_H
| # include <inttypes.h>
| #else
| # if HAVE_STDINT_H
| #  include <stdint.h>
| # endif
| #endif
| #if HAVE_UNISTD_H
| # include <unistd.h>
| #endif
| int
| main ()
| {
| static int test_array [1 - 2 * !(((char) -1) < 0)];
| test_array [0] = 0
| 
|   ;
|   return 0;
| }
configure:10908: result: yes
configure:11276: creating ./config.status

## ---------------------- ##
## Running config.status. ##
## ---------------------- ##

This file was extended by tk config.status 8.6, which was
generated by GNU Autoconf 2.59.  Invocation command line was

  CONFIG_FILES    = 
  CONFIG_HEADERS  = 
  CONFIG_LINKS    = 
  CONFIG_COMMANDS = 
  $ ./config.status 

on localhost

config.status:738: creating Makefile
config.status:738: creating tkConfig.sh
config.status:738: creating tk.pc

## ---------------- ##
## Cache variables. ##
## ---------------- ##

ac_cv_c_bigendian='no'
ac_cv_c_char_unsigned='yes'
ac_cv_c_compiler_gnu='yes'
ac_cv_c_inline='inline'
ac_cv_c_tclconfig='/data/data/com.termux/files/usr/lib'
ac_cv_env_CC_set='set'
ac_cv_env_CC_value='aarch64-linux-android-clang'
ac_cv_env_CFLAGS_set='set'
ac_cv_env_CFLAGS_value=' -fstack-protector-strong -Oz'
ac_cv_env_CPPFLAGS_set='set'
ac_cv_env_CPPFLAGS_value='-I/data/data/com.termux/files/usr/include'
ac_cv_env_CPP_set='set'
ac_cv_env_CPP_value='aarch64-linux-android-cpp'
ac_cv_env_LDFLAGS_set='set'
ac_cv_env_LDFLAGS_value='-L/data/data/com.termux/files/usr/lib -Wl,--enable-new-dtags -Wl,--as-needed -Wl,-z,relro,-z,now'
ac_cv_env_build_alias_set=''
ac_cv_env_build_alias_value=''
ac_cv_env_host_alias_set='set'
ac_cv_env_host_alias_value='aarch64-linux-android'
ac_cv_env_target_alias_set=''
ac_cv_env_target_alias_value=''
ac_cv_exeext=''
ac_cv_func_XScreenSaverQueryInfo='no'
ac_cv_func_calloc_0_nonnull='yes'
ac_cv_func_chown_works='yes'
ac_cv_func_getgroups_works='yes'
ac_cv_func_getpwent='no'
ac_cv_func_getpwnam='no'
ac_cv_func_getpwuid='no'
ac_cv_func_malloc_0_nonnull='yes'
ac_cv_func_nl_langinfo='yes'
ac_cv_func_posix_spawn='no'
ac_cv_func_posix_spawnp='no'
ac_cv_func_pthread_atfork='yes'
ac_cv_func_pthread_attr_setstacksize='yes'
ac_cv_func_realloc_0_nonnull='yes'
ac_cv_func_sigsetmask='no'
ac_cv_have_x='have_x=yes 		ac_x_includes= ac_x_libraries='
ac_cv_header_X11_XKBlib_h='yes'
ac_cv_header_X11_Xft_Xft_h='yes'
ac_cv_header_X11_extensions_scrnsaver_h='yes'
ac_cv_header_inttypes_h='yes'
ac_cv_header_memory_h='yes'
ac_cv_header_stdc='yes'
ac_cv_header_stdint_h='yes'
ac_cv_header_stdlib_h='yes'
ac_cv_header_string_h='yes'
ac_cv_header_strings_h='yes'
ac_cv_header_sys_stat_h='yes'
ac_cv_header_sys_time_h='yes'
ac_cv_header_sys_types_h='yes'
ac_cv_header_time='yes'
ac_cv_header_unistd_h='yes'
ac_cv_lib_X11_XkbKeycodeToKeysym='yes'
ac_cv_lib_Xbsd_main='no'
ac_cv_lib_Xext_XScreenSaverQueryInfo='no'
ac_cv_lib_Xft_XftFontOpen='yes'
ac_cv_lib_Xss_XScreenSaverQueryInfo='yes'
ac_cv_lib_dl_dlopen='yes'
ac_cv_lib_fontconfig_FcFontSort='yes'
ac_cv_lib_pthread_pthread_mutex_init='yes'
ac_cv_objext='o'
ac_cv_path_tclsh='/data/data/com.termux/files/usr/bin/tclsh8.6'
ac_cv_prog_AR='aarch64-linux-android-ar'
ac_cv_prog_CC='aarch64-linux-android-clang'
ac_cv_prog_CPP='aarch64-linux-android-cpp'
ac_cv_prog_RANLIB='aarch64-linux-android-ranlib'
ac_cv_prog_cc_g='yes'
ac_cv_prog_cc_stdc=''
ac_cv_prog_egrep='grep -E'
ac_cv_type_intptr_t='yes'
ac_cv_type_mode_t='yes'
ac_cv_type_pid_t='yes'
ac_cv_type_size_t='yes'
ac_cv_type_uid_t='yes'
ac_cv_type_uintptr_t='yes'
am_cv_func_working_getline='yes'
gl_cv_C_locale_sans_EILSEQ='yes'
gl_cv_func_dup2_works='yes'
gl_cv_func_fcntl_f_dupfd_cloexec='yes'
gl_cv_func_fcntl_f_dupfd_works='yes'
gl_cv_func_fnmatch_posix='yes'
gl_cv_func_getcwd_abort_bug='no'
gl_cv_func_getcwd_null='yes'
gl_cv_func_getcwd_path_max='yes'
gl_cv_func_getcwd_posix_signature='yes'
gl_cv_func_gettimeofday_clobber='no'
gl_cv_func_gettimeofday_posix_signature='yes'
gl_cv_func_link_works='yes'
gl_cv_func_lstat_dereferences_slashed_symlink='yes'
gl_cv_func_malloc_0_nonnull='yes'
gl_cv_func_memchr_works='yes'
gl_cv_func_mkdir_trailing_dot_works='yes'
gl_cv_func_mkdir_trailing_slash_works='yes'
gl_cv_func_mkfifo_works='yes'
gl_cv_func_mknod_works='yes'
gl_cv_func_realpath_works='yes'
gl_cv_func_select_detects_ebadf='yes'
gl_cv_func_snprintf_posix='yes'
gl_cv_func_snprintf_retval_c99='yes'
gl_cv_func_snprintf_truncation_c99='yes'
gl_cv_func_stat_dir_slash='yes'
gl_cv_func_stat_file_slash='yes'
gl_cv_func_strerror_0_works='yes'
gl_cv_func_strtold_works='yes'
gl_cv_func_symlink_works='yes'
gl_cv_func_tzset_clobber='no'
gl_cv_func_unlink_honors_slashes='yes'
gl_cv_func_vsnprintf_posix='yes'
gl_cv_func_vsnprintf_zerosize_c99='yes'
gl_cv_func_wcwidth_works='yes'
gl_cv_func_working_getdelim='yes'
gl_cv_func_working_mkstemp='yes'
gl_cv_func_working_mktime='yes'
gl_cv_func_working_strerror='yes'
gl_cv_header_working_fcntl_h='yes'
tcl_cv_cast_to_union='yes'
tcl_cv_cc_m64='yes'
tcl_cv_cc_pipe='yes'
tcl_cv_cc_visibility_hidden='yes'
tcl_cv_flag__isoc99_source='no'
tcl_cv_flag__largefile64_source='no'
tcl_cv_flag__largefile_source64='no'
tcl_cv_grep_fd_mask='present'
tcl_cv_pwd_pw_gecos='yes'
tcl_cv_sys_version='Linux-3.18.31-perf-g502f558-01155-g2e5b524-dirty'
tcl_cv_type_64bit='none'
tcl_cv_type_fd_set='no'

## ----------------- ##
## Output variables. ##
## ----------------- ##

APP_RSRC_FILE=''
AR='aarch64-linux-android-ar'
BUILD_TCLSH='/data/data/com.termux/files/usr/lib/tclsh'
CC='aarch64-linux-android-clang'
CC_SEARCH_FLAGS=''
CFBUNDLELOCALIZATIONS=''
CFLAGS=' -fstack-protector-strong -Oz -pipe -m64 -I/data/data/com.termux/files/usr/include'
CFLAGS_DEBUG='-g'
CFLAGS_DEFAULT='$(CFLAGS_OPTIMIZE)'
CFLAGS_OPTIMIZE='-O2'
CFLAGS_WARNING='-Wall'
CPP='aarch64-linux-android-cpp'
CPPFLAGS=''
DEFS='-DPACKAGE_NAME=\"tk\" -DPACKAGE_TARNAME=\"tk\" -DPACKAGE_VERSION=\"8.6\" -DPACKAGE_STRING=\"tk\ 8.6\" -DPACKAGE_BUGREPORT=\"\" -DSTDC_HEADERS=1 -DHAVE_SYS_TYPES_H=1 -DHAVE_SYS_STAT_H=1 -DHAVE_STDLIB_H=1 -DHAVE_STRING_H=1 -DHAVE_MEMORY_H=1 -DHAVE_STRINGS_H=1 -DHAVE_INTTYPES_H=1 -DHAVE_STDINT_H=1 -DHAVE_UNISTD_H=1 -DUSE_THREAD_ALLOC=1 -D_REENTRANT=1 -D_THREAD_SAFE=1 -DHAVE_PTHREAD_ATTR_SETSTACKSIZE=1 -DHAVE_PTHREAD_ATFORK=1 -DTCL_THREADS=1 -DMODULE_SCOPE=extern\ __attribute__\(\(__visibility__\(\"hidden\"\)\)\) -DHAVE_HIDDEN=1 -DTCL_CFG_DO64BIT=1 -DHAVE_CAST_TO_UNION=1 -DTCL_SHLIB_EXT=\".so\" -DNDEBUG=1 -DTCL_CFG_OPTIMIZED=1 -DTCL_WIDE_INT_IS_LONG=1 -DHAVE_SYS_SELECT_H=1 -DHAVE_SYS_TIME_H=1 -DTIME_WITH_SYS_TIME=1 -DHAVE_INTPTR_T=1 -DHAVE_UINTPTR_T=1 -DHAVE_PW_GECOS=1 -DHAVE_LIBXFT=1 -DHAVE_XFT=1 -DHAVE_XKBKEYCODETOKEYSYM=1 -DXKEYCODETOKEYSYM_IS_DEPRECATED=1 -DHAVE_XSS=1 '
DLL_INSTALL_DIR='$(LIB_INSTALL_DIR)'
DL_LIBS='-ldl'
DL_OBJS='tclLoadDl.o'
ECHO_C='ECHO_N=''
ECHO_T=''
EGREP='grep -E'
EXEEXT=''
EXTRA_APP_CC_SWITCHES=''
EXTRA_BUILD_HTML=''
EXTRA_CC_SWITCHES=''
EXTRA_INSTALL=''
EXTRA_INSTALL_BINARIES=''
EXTRA_WISH_LIBS=''
HTML_DIR='$(DISTDIR)/html'
INSTALL_LIB='$(INSTALL_LIBRARY) $(LIB_FILE) "$(LIB_INSTALL_DIR)/$(LIB_FILE)"'
INSTALL_STUB_LIB='$(INSTALL_LIBRARY) $(STUB_LIB_FILE) "$(LIB_INSTALL_DIR)/$(STUB_LIB_FILE)"'
LDAIX_SRC=''
LDFLAGS='-L/data/data/com.termux/files/usr/lib -Wl,--enable-new-dtags -Wl,--as-needed -Wl,-z,relro,-z,now -Wl,--export-dynamic '
LDFLAGS_DEBUG=''
LDFLAGS_DEFAULT='$(LDFLAGS_OPTIMIZE)'
LDFLAGS_OPTIMIZE=''
LD_LIBRARY_PATH_VAR='LD_LIBRARY_PATH'
LD_SEARCH_FLAGS=''
LIBOBJS=''
LIBS=' -lpthread'
LIB_RSRC_FILE=''
LIB_RUNTIME_DIR='$(libdir)'
LOCALES='cs da de el en en_gb eo es fr hu it nl pl pt ru sv'
LTLIBOBJS=''
MAKE_LIB='${SHLIB_LD} -o $@ ${OBJS} ${SHLIB_LD_LIBS} ${TCL_SHLIB_LD_EXTRAS} ${TK_SHLIB_LD_EXTRAS} ${LD_SEARCH_FLAGS}'
MAKE_STUB_LIB='${STLIB_LD} $@ ${STUB_LIB_OBJS} ; ${RANLIB} $@'
MAN_FLAGS=''
OBJEXT='o'
PACKAGE_BUGREPORT=''
PACKAGE_NAME='tk'
PACKAGE_STRING='tk 8.6'
PACKAGE_TARNAME='tk'
PACKAGE_VERSION='8.6'
PATH_SEPARATOR=':'
PLAT_OBJS=''
PLAT_SRCS=''
PRIVATE_INCLUDE_DIR='$(includedir)'
RANLIB='aarch64-linux-android-ranlib'
REZ=''
REZ_FLAGS=''
SHELL='/bin/sh'
SHLIB_CFLAGS='-fPIC'
SHLIB_LD='${CC} ${CFLAGS} ${LDFLAGS} -shared'
SHLIB_LD_LIBS='${LIBS} ${TCL_STUB_LIB_SPEC}'
SHLIB_SUFFIX='.so'
STLIB_LD='${AR} cr'
TCLSH_PROG='/data/data/com.termux/files/usr/bin/tclsh8.6'
TCL_BIN_DIR='/data/data/com.termux/files/usr/lib'
TCL_LIBS='-ldl -lz  -lpthread -lm'
TCL_LIB_FILE='libtcl8.6.so'
TCL_LIB_FLAG='-ltcl8.6'
TCL_LIB_SPEC='-L/data/data/com.termux/files/usr/lib -ltcl8.6'
TCL_PATCH_LEVEL='.10'
TCL_SHLIB_LD_EXTRAS=''
TCL_SRC_DIR='/data/data/com.termux/files/home/.termux-build/tcl/src'
TCL_STUB_FLAGS='-DUSE_TCL_STUBS'
TCL_STUB_LIB_FILE='libtclstub8.6.a'
TCL_STUB_LIB_FLAG='-ltclstub8.6'
TCL_STUB_LIB_SPEC='-L/data/data/com.termux/files/usr/lib -ltclstub8.6'
TCL_THREADS='1'
TCL_VERSION='8.6'
TK_BUILD_LIB_SPEC='-L/data/data/com.termux/files/home/.termux-build/tk/build -ltk8.6'
TK_BUILD_STUB_LIB_PATH='/data/data/com.termux/files/home/.termux-build/tk/build/libtkstub8.6.a'
TK_BUILD_STUB_LIB_SPEC='-L/data/data/com.termux/files/home/.termux-build/tk/build -ltkstub8.6'
TK_INCLUDE_SPEC='-I/data/data/com.termux/files/usr/include'
TK_LIBRARY='$(prefix)/lib/tk$(VERSION)'
TK_LIB_FILE='libtk8.6.so'
TK_LIB_FLAG='-ltk8.6'
TK_LIB_SPEC='-L/data/data/com.termux/files/usr/lib -ltk8.6'
TK_MAJOR_VERSION='8'
TK_MINOR_VERSION='6'
TK_PATCH_LEVEL='.10'
TK_PKG_DIR='tk$(VERSION)'
TK_RSRC_FILE='tk$(VERSION).rsrc'
TK_SHARED_BUILD='1'
TK_SHLIB_LD_EXTRAS=''
TK_SRC_DIR='/data/data/com.termux/files/home/.termux-build/tk/src'
TK_STUB_LIB_FILE='libtkstub8.6.a'
TK_STUB_LIB_FLAG='-ltkstub8.6'
TK_STUB_LIB_PATH='/data/data/com.termux/files/usr/lib/libtkstub8.6.a'
TK_STUB_LIB_SPEC='-L/data/data/com.termux/files/usr/lib -ltkstub8.6'
TK_VERSION='8.6'
TK_WINDOWINGSYSTEM='X11'
TK_YEAR=''
UNIX_FONT_OBJS='tkUnixRFont.o'
WISH_RSRC_FILE='wish$(VERSION).rsrc'
XFT_CFLAGS='-I/data/data/com.termux/files/usr/include -I/data/data/com.termux/files/usr/include/uuid -I/data/data/com.termux/files/usr/include/libxml2 -I/data/data/com.termux/files/usr/include/freetype2 -I/data/data/com.termux/files/usr/include/libpng16 -I/data/data/com.termux/files/usr/include'
XFT_LIBS='-L/data/data/com.termux/files/usr/lib -lXft -lfontconfig -lfreetype -lfontconfig'
XINCLUDES=''
XLIBSW='-lX11 -lXss -lXext'
ac_ct_AR=''
ac_ct_CC=''
ac_ct_RANLIB=''
bindir='${exec_prefix}/bin'
build_alias=''
datadir='${prefix}/share'
exec_prefix='/data/data/com.termux/files/usr'
host_alias='aarch64-linux-android'
includedir='${prefix}/include'
infodir='${prefix}/info'
libdir='/data/data/com.termux/files/usr/lib'
libexecdir='/data/data/com.termux/files/usr/libexec'
localstatedir='${prefix}/var'
mandir='${prefix}/man'
oldincludedir='/usr/include'
prefix='/data/data/com.termux/files/usr'
program_transform_name='s,x,x,'
sbindir='${exec_prefix}/sbin'
sharedstatedir='${prefix}/com'
sysconfdir='${prefix}/etc'
target_alias=''

## ----------- ##
## confdefs.h. ##
## ----------- ##

#define HAVE_CAST_TO_UNION 1
#define HAVE_HIDDEN 1
#define HAVE_INTPTR_T 1
#define HAVE_INTTYPES_H 1
#define HAVE_LIBXFT 1
#define HAVE_MEMORY_H 1
#define HAVE_PTHREAD_ATFORK 1
#define HAVE_PTHREAD_ATTR_SETSTACKSIZE 1
#define HAVE_PW_GECOS 1
#define HAVE_STDINT_H 1
#define HAVE_STDLIB_H 1
#define HAVE_STRINGS_H 1
#define HAVE_STRING_H 1
#define HAVE_SYS_SELECT_H 1
#define HAVE_SYS_STAT_H 1
#define HAVE_SYS_TIME_H 1
#define HAVE_SYS_TYPES_H 1
#define HAVE_UINTPTR_T 1
#define HAVE_UNISTD_H 1
#define HAVE_XFT 1
#define HAVE_XKBKEYCODETOKEYSYM 1
#define HAVE_XSS 1
#define MODULE_SCOPE extern __attribute__((__visibility__("hidden")))
#define NDEBUG 1
#define PACKAGE_BUGREPORT ""
#define PACKAGE_NAME "tk"
#define PACKAGE_STRING "tk 8.6"
#define PACKAGE_TARNAME "tk"
#define PACKAGE_VERSION "8.6"
#define STDC_HEADERS 1
#define TCL_CFG_DO64BIT 1
#define TCL_CFG_OPTIMIZED 1
#define TCL_SHLIB_EXT ".so"
#define TCL_THREADS 1
#define TCL_WIDE_INT_IS_LONG 1
#define TIME_WITH_SYS_TIME 1
#define USE_THREAD_ALLOC 1
#define XKEYCODETOKEYSYM_IS_DEPRECATED 1
#define _REENTRANT 1
#define _THREAD_SAFE 1

configure: exit 0
