This file contains any messages produced by compilers while
running configure, to aid debugging if configure makes a mistake.

It was created by libXScrnSaver configure 1.2.3, which was
generated by GNU Autoconf 2.69.  Invocation command line was

  $ /data/data/com.termux/files/home/.termux-build/libxss/src/configure --disable-dependency-tracking --prefix=/data/data/com.termux/files/usr --libdir=/data/data/com.termux/files/usr/lib --disable-rpath --disable-rpath-hack --host=aarch64-linux-android --enable-malloc0returnsnull --disable-nls --enable-shared --enable-static --libexecdir=/data/data/com.termux/files/usr/libexec

## --------- ##
## Platform. ##
## --------- ##

hostname = localhost
uname -m = aarch64
uname -r = 3.18.31-perf-g502f558-01155-g2e5b524-dirty
uname -s = Linux
uname -v = #1 SMP PREEMPT Wed Jun 26 10:39:13 HKT 2019

/usr/bin/uname -p = unknown
/bin/uname -X     = unknown

/bin/arch              = unknown
/usr/bin/arch -k       = unknown
/usr/convex/getsysinfo = unknown
/usr/bin/hostinfo      = unknown
/bin/machine           = unknown
/usr/bin/oslevel       = unknown
/bin/universe          = unknown

PATH: /data/data/com.termux/files/usr/bin
PATH: /data/data/com.termux/files/usr/bin/applets


## ----------- ##
## Core tests. ##
## ----------- ##

configure:2287: checking for a BSD-compatible install
configure:2355: result: /data/data/com.termux/files/usr/bin/install -c
configure:2366: checking whether build environment is sane
configure:2421: result: yes
configure:2480: checking for aarch64-linux-android-strip
configure:2507: result: aarch64-linux-android-strip
configure:2572: checking for a thread-safe mkdir -p
configure:2611: result: /data/data/com.termux/files/usr/bin/mkdir -p
configure:2618: checking for gawk
configure:2634: found /data/data/com.termux/files/usr/bin/gawk
configure:2645: result: gawk
configure:2656: checking whether make sets $(MAKE)
configure:2678: result: yes
configure:2707: checking whether make supports nested variables
configure:2724: result: yes
configure:2881: checking build system type
configure:2895: result: aarch64-unknown-linux-gnu
configure:2915: checking host system type
configure:2928: result: aarch64-unknown-linux-android
configure:2969: checking how to print strings
configure:2996: result: printf
configure:3029: checking for style of include used by make
configure:3057: result: GNU
configure:3088: checking for aarch64-linux-android-gcc
configure:3115: result: aarch64-linux-android-clang
configure:3384: checking for C compiler version
configure:3393: aarch64-linux-android-clang --version >&5
clang version 10.0.1 
Target: aarch64-unknown-linux-android
Thread model: posix
InstalledDir: /data/data/com.termux/files/usr/bin
configure:3404: $? = 0
configure:3393: aarch64-linux-android-clang -v >&5
clang version 10.0.1 
Target: aarch64-unknown-linux-android
Thread model: posix
InstalledDir: /data/data/com.termux/files/usr/bin
configure:3404: $? = 0
configure:3393: aarch64-linux-android-clang -V >&5
clang-10: error: argument to '-V' is missing (expected 1 value)
clang-10: error: no input files
configure:3404: $? = 1
configure:3393: aarch64-linux-android-clang -qversion >&5
clang-10: error: unknown argument '-qversion'; did you mean '--version'?
clang-10: error: no input files
configure:3404: $? = 1
configure:3424: checking whether the C compiler works
configure:3446: aarch64-linux-android-clang  -fstack-protector-strong -Oz -I/data/data/com.termux/files/usr/include -L/data/data/com.termux/files/usr/lib -Wl,--enable-new-dtags -Wl,--as-needed -Wl,-z,relro,-z,now conftest.c  >&5
configure:3450: $? = 0
configure:3498: result: yes
configure:3501: checking for C compiler default output file name
configure:3503: result: a.out
configure:3509: checking for suffix of executables
configure:3516: aarch64-linux-android-clang -o conftest  -fstack-protector-strong -Oz -I/data/data/com.termux/files/usr/include -L/data/data/com.termux/files/usr/lib -Wl,--enable-new-dtags -Wl,--as-needed -Wl,-z,relro,-z,now conftest.c  >&5
configure:3520: $? = 0
configure:3542: result: 
configure:3564: checking whether we are cross compiling
configure:3572: aarch64-linux-android-clang -o conftest  -fstack-protector-strong -Oz -I/data/data/com.termux/files/usr/include -L/data/data/com.termux/files/usr/lib -Wl,--enable-new-dtags -Wl,--as-needed -Wl,-z,relro,-z,now conftest.c  >&5
configure:3576: $? = 0
configure:3583: ./conftest
WARNING: linker: /data/data/com.termux/files/home/.termux-build/libxss/build/conftest: unsupported flags DT_FLAGS_1=0x8000001
configure:3587: $? = 0
configure:3602: result: no
configure:3607: checking for suffix of object files
configure:3629: aarch64-linux-android-clang -c  -fstack-protector-strong -Oz -I/data/data/com.termux/files/usr/include conftest.c >&5
configure:3633: $? = 0
configure:3654: result: o
configure:3658: checking whether we are using the GNU C compiler
configure:3677: aarch64-linux-android-clang -c  -fstack-protector-strong -Oz -I/data/data/com.termux/files/usr/include conftest.c >&5
configure:3677: $? = 0
configure:3686: result: yes
configure:3695: checking whether aarch64-linux-android-clang accepts -g
configure:3715: aarch64-linux-android-clang -c -g -I/data/data/com.termux/files/usr/include conftest.c >&5
configure:3715: $? = 0
configure:3756: result: yes
configure:3773: checking for aarch64-linux-android-clang option to accept ISO C89
configure:3836: aarch64-linux-android-clang  -c  -fstack-protector-strong -Oz -I/data/data/com.termux/files/usr/include conftest.c >&5
configure:3836: $? = 0
configure:3849: result: none needed
configure:3874: checking whether aarch64-linux-android-clang understands -c and -o together
configure:3896: aarch64-linux-android-clang -c conftest.c -o conftest2.o
configure:3899: $? = 0
configure:3896: aarch64-linux-android-clang -c conftest.c -o conftest2.o
configure:3899: $? = 0
configure:3911: result: yes
configure:3930: checking dependency style of aarch64-linux-android-clang
configure:4041: result: none
configure:4056: checking for a sed that does not truncate output
configure:4120: result: /data/data/com.termux/files/usr/bin/sed
configure:4138: checking for grep that handles long lines and -e
configure:4196: result: /data/data/com.termux/files/usr/bin/grep
configure:4201: checking for egrep
configure:4263: result: /data/data/com.termux/files/usr/bin/grep -E
configure:4268: checking for fgrep
configure:4330: result: /data/data/com.termux/files/usr/bin/grep -F
configure:4365: checking for ld used by aarch64-linux-android-clang
configure:4432: result: aarch64-linux-android-ld
configure:4439: checking if the linker (aarch64-linux-android-ld) is GNU ld
configure:4454: result: yes
configure:4466: checking for BSD- or MS-compatible name lister (nm)
configure:4520: result: /data/data/com.termux/files/usr/bin/aarch64-linux-android-nm -B
configure:4650: checking the name lister (/data/data/com.termux/files/usr/bin/aarch64-linux-android-nm -B) interface
configure:4657: aarch64-linux-android-clang -c  -fstack-protector-strong -Oz -I/data/data/com.termux/files/usr/include conftest.c >&5
configure:4660: /data/data/com.termux/files/usr/bin/aarch64-linux-android-nm -B "conftest.o"
configure:4663: output
0000000000000000 B some_variable
configure:4670: result: BSD nm
configure:4673: checking whether ln -s works
configure:4677: result: yes
configure:4685: checking the maximum length of command line arguments
configure:4816: result: 32768
configure:4864: checking how to convert aarch64-unknown-linux-gnu file names to aarch64-unknown-linux-android format
configure:4904: result: func_convert_file_noop
configure:4911: checking how to convert aarch64-unknown-linux-gnu file names to toolchain format
configure:4931: result: func_convert_file_noop
configure:4938: checking for aarch64-linux-android-ld option to reload object files
configure:4945: result: -r
configure:4979: checking for aarch64-linux-android-objdump
configure:5006: result: aarch64-linux-android-objdump
configure:5078: checking how to recognize dependent libraries
configure:5278: result: pass_all
configure:5323: checking for aarch64-linux-android-dlltool
configure:5353: result: no
configure:5363: checking for dlltool
configure:5393: result: no
configure:5423: checking how to associate runtime and link libraries
configure:5450: result: printf %s\n
configure:5467: checking for aarch64-linux-android-ar
configure:5494: result: aarch64-linux-android-ar
configure:5575: checking for archiver @FILE support
configure:5592: aarch64-linux-android-clang -c  -fstack-protector-strong -Oz -I/data/data/com.termux/files/usr/include conftest.c >&5
configure:5592: $? = 0
configure:5595: aarch64-linux-android-ar cru libconftest.a @conftest.lst >&5
configure:5598: $? = 0
configure:5603: aarch64-linux-android-ar cru libconftest.a @conftest.lst >&5
aarch64-linux-android-ar: conftest.o: No such file or directory
configure:5606: $? = 1
configure:5618: result: @
configure:5636: checking for aarch64-linux-android-strip
configure:5663: result: aarch64-linux-android-strip
configure:5735: checking for aarch64-linux-android-ranlib
configure:5762: result: aarch64-linux-android-ranlib
configure:5904: checking command to parse /data/data/com.termux/files/usr/bin/aarch64-linux-android-nm -B output from aarch64-linux-android-clang object
configure:6057: aarch64-linux-android-clang -c  -fstack-protector-strong -Oz -I/data/data/com.termux/files/usr/include conftest.c >&5
configure:6060: $? = 0
configure:6064: /data/data/com.termux/files/usr/bin/aarch64-linux-android-nm -B conftest.o \| sed -n -e 's/^.*[ ]\([ABCDGIRSTW][ABCDGIRSTW]*\)[ ][ ]*\([_A-Za-z][_A-Za-z0-9]*\)$/  /p' | sed '/ __gnu_lto/d' \> conftest.nm
configure:6067: $? = 0
configure:6133: aarch64-linux-android-clang -o conftest  -fstack-protector-strong -Oz -I/data/data/com.termux/files/usr/include -L/data/data/com.termux/files/usr/lib -Wl,--enable-new-dtags -Wl,--as-needed -Wl,-z,relro,-z,now conftest.c conftstm.o >&5
configure:6136: $? = 0
configure:6174: result: ok
configure:6221: checking for sysroot
configure:6251: result: no
configure:6258: checking for a working dd
configure:6296: result: /data/data/com.termux/files/usr/bin/dd
configure:6300: checking how to truncate binary pipes
configure:6315: result: /data/data/com.termux/files/usr/bin/dd bs=4096 count=1
configure:6604: checking for aarch64-linux-android-mt
configure:6634: result: no
configure:6644: checking for mt
configure:6674: result: no
configure:6694: checking if : is a manifest tool
configure:6700: : '-?'
configure:6708: result: no
configure:7385: checking how to run the C preprocessor
configure:7455: result: aarch64-linux-android-cpp
configure:7475: aarch64-linux-android-cpp -I/data/data/com.termux/files/usr/include conftest.c
configure:7475: $? = 0
configure:7489: aarch64-linux-android-cpp -I/data/data/com.termux/files/usr/include conftest.c
conftest.c:11:10: fatal error: 'ac_nonexistent.h' file not found
#include <ac_nonexistent.h>
         ^~~~~~~~~~~~~~~~~~
1 error generated.
configure:7489: $? = 1
configure: failed program was:
| /* confdefs.h */
| #define PACKAGE_NAME "libXScrnSaver"
| #define PACKAGE_TARNAME "libXScrnSaver"
| #define PACKAGE_VERSION "1.2.3"
| #define PACKAGE_STRING "libXScrnSaver 1.2.3"
| #define PACKAGE_BUGREPORT "https://bugs.freedesktop.org/enter_bug.cgi?product=xorg"
| #define PACKAGE_URL ""
| #define PACKAGE "libXScrnSaver"
| #define VERSION "1.2.3"
| /* end confdefs.h.  */
| #include <ac_nonexistent.h>
configure:7518: checking for ANSI C header files
configure:7538: aarch64-linux-android-clang -c  -fstack-protector-strong -Oz -I/data/data/com.termux/files/usr/include conftest.c >&5
configure:7538: $? = 0
configure:7611: aarch64-linux-android-clang -o conftest  -fstack-protector-strong -Oz -I/data/data/com.termux/files/usr/include -L/data/data/com.termux/files/usr/lib -Wl,--enable-new-dtags -Wl,--as-needed -Wl,-z,relro,-z,now conftest.c  >&5
configure:7611: $? = 0
configure:7611: ./conftest
WARNING: linker: /data/data/com.termux/files/home/.termux-build/libxss/build/conftest: unsupported flags DT_FLAGS_1=0x8000001
configure:7611: $? = 0
configure:7622: result: yes
configure:7635: checking for sys/types.h
configure:7635: aarch64-linux-android-clang -c  -fstack-protector-strong -Oz -I/data/data/com.termux/files/usr/include conftest.c >&5
configure:7635: $? = 0
configure:7635: result: yes
configure:7635: checking for sys/stat.h
configure:7635: aarch64-linux-android-clang -c  -fstack-protector-strong -Oz -I/data/data/com.termux/files/usr/include conftest.c >&5
configure:7635: $? = 0
configure:7635: result: yes
configure:7635: checking for stdlib.h
configure:7635: aarch64-linux-android-clang -c  -fstack-protector-strong -Oz -I/data/data/com.termux/files/usr/include conftest.c >&5
configure:7635: $? = 0
configure:7635: result: yes
configure:7635: checking for string.h
configure:7635: aarch64-linux-android-clang -c  -fstack-protector-strong -Oz -I/data/data/com.termux/files/usr/include conftest.c >&5
configure:7635: $? = 0
configure:7635: result: yes
configure:7635: checking for memory.h
configure:7635: aarch64-linux-android-clang -c  -fstack-protector-strong -Oz -I/data/data/com.termux/files/usr/include conftest.c >&5
configure:7635: $? = 0
configure:7635: result: yes
configure:7635: checking for strings.h
configure:7635: aarch64-linux-android-clang -c  -fstack-protector-strong -Oz -I/data/data/com.termux/files/usr/include conftest.c >&5
configure:7635: $? = 0
configure:7635: result: yes
configure:7635: checking for inttypes.h
configure:7635: aarch64-linux-android-clang -c  -fstack-protector-strong -Oz -I/data/data/com.termux/files/usr/include conftest.c >&5
configure:7635: $? = 0
configure:7635: result: yes
configure:7635: checking for stdint.h
configure:7635: aarch64-linux-android-clang -c  -fstack-protector-strong -Oz -I/data/data/com.termux/files/usr/include conftest.c >&5
configure:7635: $? = 0
configure:7635: result: yes
configure:7635: checking for unistd.h
configure:7635: aarch64-linux-android-clang -c  -fstack-protector-strong -Oz -I/data/data/com.termux/files/usr/include conftest.c >&5
configure:7635: $? = 0
configure:7635: result: yes
configure:7649: checking for dlfcn.h
configure:7649: aarch64-linux-android-clang -c  -fstack-protector-strong -Oz -I/data/data/com.termux/files/usr/include conftest.c >&5
configure:7649: $? = 0
configure:7649: result: yes
configure:7905: checking for objdir
configure:7920: result: .libs
configure:8180: checking if aarch64-linux-android-clang supports -fno-rtti -fno-exceptions
configure:8198: aarch64-linux-android-clang -c  -fstack-protector-strong -Oz -I/data/data/com.termux/files/usr/include -fno-rtti -fno-exceptions conftest.c >&5
configure:8202: $? = 0
configure:8215: result: yes
configure:8573: checking for aarch64-linux-android-clang option to produce PIC
configure:8580: result: -fPIC -DPIC
configure:8588: checking if aarch64-linux-android-clang PIC flag -fPIC -DPIC works
configure:8606: aarch64-linux-android-clang -c  -fstack-protector-strong -Oz -I/data/data/com.termux/files/usr/include -fPIC -DPIC -DPIC conftest.c >&5
configure:8610: $? = 0
configure:8623: result: yes
configure:8652: checking if aarch64-linux-android-clang static flag -static works
configure:8680: result: no
configure:8695: checking if aarch64-linux-android-clang supports -c -o file.o
configure:8716: aarch64-linux-android-clang -c  -fstack-protector-strong -Oz -I/data/data/com.termux/files/usr/include -o out/conftest2.o conftest.c >&5
configure:8720: $? = 0
configure:8742: result: yes
configure:8750: checking if aarch64-linux-android-clang supports -c -o file.o
configure:8797: result: yes
configure:8830: checking whether the aarch64-linux-android-clang linker (aarch64-linux-android-ld) supports shared libraries
configure:10089: result: yes
configure:10126: checking whether -lc should be explicitly linked in
configure:10134: aarch64-linux-android-clang -c  -fstack-protector-strong -Oz -I/data/data/com.termux/files/usr/include conftest.c >&5
configure:10137: $? = 0
configure:10152: aarch64-linux-android-clang -shared  -fPIC -DPIC conftest.o  -v -Wl,-soname -Wl,conftest -o conftest 2\>\&1 \| /data/data/com.termux/files/usr/bin/grep  -lc  \>/dev/null 2\>\&1
configure:10155: $? = 0
configure:10169: result: no
configure:10329: checking dynamic linker characteristics
configure:11150: result: Android linker
configure:11272: checking how to hardcode library paths into programs
configure:11297: result: immediate
configure:11845: checking whether stripping libraries is possible
configure:11850: result: yes
configure:11885: checking if libtool supports shared libraries
configure:11887: result: yes
configure:11890: checking whether to build shared libraries
configure:11915: result: yes
configure:11918: checking whether to build static libraries
configure:11922: result: yes
configure:11972: checking for aarch64-linux-android-clang option to accept ISO C99
configure:12121: aarch64-linux-android-clang  -c  -fstack-protector-strong -Oz -I/data/data/com.termux/files/usr/include conftest.c >&5
configure:12121: $? = 0
configure:12134: result: none needed
configure:12153: checking whether __clang__ is declared
configure:12153: aarch64-linux-android-clang -c  -fstack-protector-strong -Oz -I/data/data/com.termux/files/usr/include conftest.c >&5
configure:12153: $? = 0
configure:12153: result: yes
configure:12160: checking whether __INTEL_COMPILER is declared
configure:12160: aarch64-linux-android-clang -c  -fstack-protector-strong -Oz -I/data/data/com.termux/files/usr/include conftest.c >&5
conftest.c:63:10: error: use of undeclared identifier '__INTEL_COMPILER'
  (void) __INTEL_COMPILER;
         ^
1 error generated.
configure:12160: $? = 1
configure: failed program was:
| /* confdefs.h */
| #define PACKAGE_NAME "libXScrnSaver"
| #define PACKAGE_TARNAME "libXScrnSaver"
| #define PACKAGE_VERSION "1.2.3"
| #define PACKAGE_STRING "libXScrnSaver 1.2.3"
| #define PACKAGE_BUGREPORT "https://bugs.freedesktop.org/enter_bug.cgi?product=xorg"
| #define PACKAGE_URL ""
| #define PACKAGE "libXScrnSaver"
| #define VERSION "1.2.3"
| #define STDC_HEADERS 1
| #define HAVE_SYS_TYPES_H 1
| #define HAVE_SYS_STAT_H 1
| #define HAVE_STDLIB_H 1
| #define HAVE_STRING_H 1
| #define HAVE_MEMORY_H 1
| #define HAVE_STRINGS_H 1
| #define HAVE_INTTYPES_H 1
| #define HAVE_STDINT_H 1
| #define HAVE_UNISTD_H 1
| #define HAVE_DLFCN_H 1
| #define LT_OBJDIR ".libs/"
| /* end confdefs.h.  */
| #include <stdio.h>
| #ifdef HAVE_SYS_TYPES_H
| # include <sys/types.h>
| #endif
| #ifdef HAVE_SYS_STAT_H
| # include <sys/stat.h>
| #endif
| #ifdef STDC_HEADERS
| # include <stdlib.h>
| # include <stddef.h>
| #else
| # ifdef HAVE_STDLIB_H
| #  include <stdlib.h>
| # endif
| #endif
| #ifdef HAVE_STRING_H
| # if !defined STDC_HEADERS && defined HAVE_MEMORY_H
| #  include <memory.h>
| # endif
| # include <string.h>
| #endif
| #ifdef HAVE_STRINGS_H
| # include <strings.h>
| #endif
| #ifdef HAVE_INTTYPES_H
| # include <inttypes.h>
| #endif
| #ifdef HAVE_STDINT_H
| # include <stdint.h>
| #endif
| #ifdef HAVE_UNISTD_H
| # include <unistd.h>
| #endif
| int
| main ()
| {
| #ifndef __INTEL_COMPILER
| #ifdef __cplusplus
|   (void) __INTEL_COMPILER;
| #else
|   (void) __INTEL_COMPILER;
| #endif
| #endif
| 
|   ;
|   return 0;
| }
configure:12160: result: no
configure:12167: checking whether __SUNPRO_C is declared
configure:12167: aarch64-linux-android-clang -c  -fstack-protector-strong -Oz -I/data/data/com.termux/files/usr/include conftest.c >&5
conftest.c:63:10: error: use of undeclared identifier '__SUNPRO_C'
  (void) __SUNPRO_C;
         ^
1 error generated.
configure:12167: $? = 1
configure: failed program was:
| /* confdefs.h */
| #define PACKAGE_NAME "libXScrnSaver"
| #define PACKAGE_TARNAME "libXScrnSaver"
| #define PACKAGE_VERSION "1.2.3"
| #define PACKAGE_STRING "libXScrnSaver 1.2.3"
| #define PACKAGE_BUGREPORT "https://bugs.freedesktop.org/enter_bug.cgi?product=xorg"
| #define PACKAGE_URL ""
| #define PACKAGE "libXScrnSaver"
| #define VERSION "1.2.3"
| #define STDC_HEADERS 1
| #define HAVE_SYS_TYPES_H 1
| #define HAVE_SYS_STAT_H 1
| #define HAVE_STDLIB_H 1
| #define HAVE_STRING_H 1
| #define HAVE_MEMORY_H 1
| #define HAVE_STRINGS_H 1
| #define HAVE_INTTYPES_H 1
| #define HAVE_STDINT_H 1
| #define HAVE_UNISTD_H 1
| #define HAVE_DLFCN_H 1
| #define LT_OBJDIR ".libs/"
| /* end confdefs.h.  */
| #include <stdio.h>
| #ifdef HAVE_SYS_TYPES_H
| # include <sys/types.h>
| #endif
| #ifdef HAVE_SYS_STAT_H
| # include <sys/stat.h>
| #endif
| #ifdef STDC_HEADERS
| # include <stdlib.h>
| # include <stddef.h>
| #else
| # ifdef HAVE_STDLIB_H
| #  include <stdlib.h>
| # endif
| #endif
| #ifdef HAVE_STRING_H
| # if !defined STDC_HEADERS && defined HAVE_MEMORY_H
| #  include <memory.h>
| # endif
| # include <string.h>
| #endif
| #ifdef HAVE_STRINGS_H
| # include <strings.h>
| #endif
| #ifdef HAVE_INTTYPES_H
| # include <inttypes.h>
| #endif
| #ifdef HAVE_STDINT_H
| # include <stdint.h>
| #endif
| #ifdef HAVE_UNISTD_H
| # include <unistd.h>
| #endif
| int
| main ()
| {
| #ifndef __SUNPRO_C
| #ifdef __cplusplus
|   (void) __SUNPRO_C;
| #else
|   (void) __SUNPRO_C;
| #endif
| #endif
| 
|   ;
|   return 0;
| }
configure:12167: result: no
configure:12284: checking pkg-config is at least version 0.9.0
configure:12287: result: yes
configure:12336: checking if aarch64-linux-android-clang supports -Werror=unknown-warning-option
configure:12345: aarch64-linux-android-clang -c  -fstack-protector-strong -Oz -Werror=unknown-warning-option -I/data/data/com.termux/files/usr/include conftest.c >&5
configure:12345: $? = 0
configure:12352: result: yes
configure:12363: checking if aarch64-linux-android-clang supports -Werror=unused-command-line-argument
configure:12372: aarch64-linux-android-clang -c  -fstack-protector-strong -Oz -Werror=unknown-warning-option -Werror=unused-command-line-argument -I/data/data/com.termux/files/usr/include conftest.c >&5
configure:12372: $? = 0
configure:12379: result: yes
configure:12398: checking if aarch64-linux-android-clang supports -Wall
configure:12415: aarch64-linux-android-clang -o conftest  -fstack-protector-strong -Oz -Werror=unknown-warning-option -Werror=unused-command-line-argument -Wall -I/data/data/com.termux/files/usr/include -L/data/data/com.termux/files/usr/lib -Wl,--enable-new-dtags -Wl,--as-needed -Wl,-z,relro,-z,now conftest.c  >&5
configure:12415: $? = 0
configure:12428: result: yes
configure:12516: checking if aarch64-linux-android-clang supports -Wpointer-arith
configure:12533: aarch64-linux-android-clang -o conftest  -fstack-protector-strong -Oz -Werror=unknown-warning-option -Werror=unused-command-line-argument -Wpointer-arith -I/data/data/com.termux/files/usr/include -L/data/data/com.termux/files/usr/lib -Wl,--enable-new-dtags -Wl,--as-needed -Wl,-z,relro,-z,now conftest.c  >&5
configure:12533: $? = 0
configure:12546: result: yes
configure:12634: checking if aarch64-linux-android-clang supports -Wmissing-declarations
configure:12651: aarch64-linux-android-clang -o conftest  -fstack-protector-strong -Oz -Werror=unknown-warning-option -Werror=unused-command-line-argument -Wmissing-declarations -I/data/data/com.termux/files/usr/include -L/data/data/com.termux/files/usr/lib -Wl,--enable-new-dtags -Wl,--as-needed -Wl,-z,relro,-z,now conftest.c  >&5
configure:12651: $? = 0
configure:12664: result: yes
configure:12752: checking if aarch64-linux-android-clang supports -Wformat=2
configure:12769: aarch64-linux-android-clang -o conftest  -fstack-protector-strong -Oz -Werror=unknown-warning-option -Werror=unused-command-line-argument -Wformat=2 -I/data/data/com.termux/files/usr/include -L/data/data/com.termux/files/usr/lib -Wl,--enable-new-dtags -Wl,--as-needed -Wl,-z,relro,-z,now conftest.c  >&5
configure:12769: $? = 0
configure:12782: result: yes
configure:12921: checking if aarch64-linux-android-clang supports -Wstrict-prototypes
configure:12938: aarch64-linux-android-clang -o conftest  -fstack-protector-strong -Oz -Werror=unknown-warning-option -Werror=unused-command-line-argument -Wstrict-prototypes -I/data/data/com.termux/files/usr/include -L/data/data/com.termux/files/usr/lib -Wl,--enable-new-dtags -Wl,--as-needed -Wl,-z,relro,-z,now conftest.c  >&5
configure:12938: $? = 0
configure:12951: result: yes
configure:13039: checking if aarch64-linux-android-clang supports -Wmissing-prototypes
configure:13056: aarch64-linux-android-clang -o conftest  -fstack-protector-strong -Oz -Werror=unknown-warning-option -Werror=unused-command-line-argument -Wmissing-prototypes -I/data/data/com.termux/files/usr/include -L/data/data/com.termux/files/usr/lib -Wl,--enable-new-dtags -Wl,--as-needed -Wl,-z,relro,-z,now conftest.c  >&5
configure:13056: $? = 0
configure:13069: result: yes
configure:13157: checking if aarch64-linux-android-clang supports -Wnested-externs
configure:13174: aarch64-linux-android-clang -o conftest  -fstack-protector-strong -Oz -Werror=unknown-warning-option -Werror=unused-command-line-argument -Wnested-externs -I/data/data/com.termux/files/usr/include -L/data/data/com.termux/files/usr/lib -Wl,--enable-new-dtags -Wl,--as-needed -Wl,-z,relro,-z,now conftest.c  >&5
configure:13174: $? = 0
configure:13187: result: yes
configure:13275: checking if aarch64-linux-android-clang supports -Wbad-function-cast
configure:13292: aarch64-linux-android-clang -o conftest  -fstack-protector-strong -Oz -Werror=unknown-warning-option -Werror=unused-command-line-argument -Wbad-function-cast -I/data/data/com.termux/files/usr/include -L/data/data/com.termux/files/usr/lib -Wl,--enable-new-dtags -Wl,--as-needed -Wl,-z,relro,-z,now conftest.c  >&5
configure:13292: $? = 0
configure:13305: result: yes
configure:13393: checking if aarch64-linux-android-clang supports -Wold-style-definition
configure:13410: aarch64-linux-android-clang -o conftest  -fstack-protector-strong -Oz -Werror=unknown-warning-option -Werror=unused-command-line-argument -Wold-style-definition -I/data/data/com.termux/files/usr/include -L/data/data/com.termux/files/usr/lib -Wl,--enable-new-dtags -Wl,--as-needed -Wl,-z,relro,-z,now conftest.c  >&5
configure:13410: $? = 0
configure:13423: result: yes
configure:13560: checking if aarch64-linux-android-clang supports -Wdeclaration-after-statement
configure:13577: aarch64-linux-android-clang -o conftest  -fstack-protector-strong -Oz -Werror=unknown-warning-option -Werror=unused-command-line-argument -Wdeclaration-after-statement -I/data/data/com.termux/files/usr/include -L/data/data/com.termux/files/usr/lib -Wl,--enable-new-dtags -Wl,--as-needed -Wl,-z,relro,-z,now conftest.c  >&5
configure:13577: $? = 0
configure:13590: result: yes
configure:13682: checking if aarch64-linux-android-clang supports -Wunused
configure:13699: aarch64-linux-android-clang -o conftest  -fstack-protector-strong -Oz -Werror=unknown-warning-option -Werror=unused-command-line-argument -Wunused -I/data/data/com.termux/files/usr/include -L/data/data/com.termux/files/usr/lib -Wl,--enable-new-dtags -Wl,--as-needed -Wl,-z,relro,-z,now conftest.c  >&5
configure:13699: $? = 0
configure:13712: result: yes
configure:13800: checking if aarch64-linux-android-clang supports -Wuninitialized
configure:13817: aarch64-linux-android-clang -o conftest  -fstack-protector-strong -Oz -Werror=unknown-warning-option -Werror=unused-command-line-argument -Wuninitialized -I/data/data/com.termux/files/usr/include -L/data/data/com.termux/files/usr/lib -Wl,--enable-new-dtags -Wl,--as-needed -Wl,-z,relro,-z,now conftest.c  >&5
configure:13817: $? = 0
configure:13830: result: yes
configure:13918: checking if aarch64-linux-android-clang supports -Wshadow
configure:13935: aarch64-linux-android-clang -o conftest  -fstack-protector-strong -Oz -Werror=unknown-warning-option -Werror=unused-command-line-argument -Wshadow -I/data/data/com.termux/files/usr/include -L/data/data/com.termux/files/usr/lib -Wl,--enable-new-dtags -Wl,--as-needed -Wl,-z,relro,-z,now conftest.c  >&5
configure:13935: $? = 0
configure:13948: result: yes
configure:14036: checking if aarch64-linux-android-clang supports -Wmissing-noreturn
configure:14053: aarch64-linux-android-clang -o conftest  -fstack-protector-strong -Oz -Werror=unknown-warning-option -Werror=unused-command-line-argument -Wmissing-noreturn -I/data/data/com.termux/files/usr/include -L/data/data/com.termux/files/usr/lib -Wl,--enable-new-dtags -Wl,--as-needed -Wl,-z,relro,-z,now conftest.c  >&5
configure:14053: $? = 0
configure:14066: result: yes
configure:14154: checking if aarch64-linux-android-clang supports -Wmissing-format-attribute
configure:14171: aarch64-linux-android-clang -o conftest  -fstack-protector-strong -Oz -Werror=unknown-warning-option -Werror=unused-command-line-argument -Wmissing-format-attribute -I/data/data/com.termux/files/usr/include -L/data/data/com.termux/files/usr/lib -Wl,--enable-new-dtags -Wl,--as-needed -Wl,-z,relro,-z,now conftest.c  >&5
configure:14171: $? = 0
configure:14184: result: yes
configure:14272: checking if aarch64-linux-android-clang supports -Wredundant-decls
configure:14289: aarch64-linux-android-clang -o conftest  -fstack-protector-strong -Oz -Werror=unknown-warning-option -Werror=unused-command-line-argument -Wredundant-decls -I/data/data/com.termux/files/usr/include -L/data/data/com.termux/files/usr/lib -Wl,--enable-new-dtags -Wl,--as-needed -Wl,-z,relro,-z,now conftest.c  >&5
configure:14289: $? = 0
configure:14302: result: yes
configure:14390: checking if aarch64-linux-android-clang supports -Wlogical-op
configure:14407: aarch64-linux-android-clang -o conftest  -fstack-protector-strong -Oz -Werror=unknown-warning-option -Werror=unused-command-line-argument -Wlogical-op -I/data/data/com.termux/files/usr/include -L/data/data/com.termux/files/usr/lib -Wl,--enable-new-dtags -Wl,--as-needed -Wl,-z,relro,-z,now conftest.c  >&5
error: unknown warning option '-Wlogical-op'; did you mean '-Wlong-long'? [-Werror,-Wunknown-warning-option]
configure:14407: $? = 1
configure: failed program was:
| /* confdefs.h */
| #define PACKAGE_NAME "libXScrnSaver"
| #define PACKAGE_TARNAME "libXScrnSaver"
| #define PACKAGE_VERSION "1.2.3"
| #define PACKAGE_STRING "libXScrnSaver 1.2.3"
| #define PACKAGE_BUGREPORT "https://bugs.freedesktop.org/enter_bug.cgi?product=xorg"
| #define PACKAGE_URL ""
| #define PACKAGE "libXScrnSaver"
| #define VERSION "1.2.3"
| #define STDC_HEADERS 1
| #define HAVE_SYS_TYPES_H 1
| #define HAVE_SYS_STAT_H 1
| #define HAVE_STDLIB_H 1
| #define HAVE_STRING_H 1
| #define HAVE_MEMORY_H 1
| #define HAVE_STRINGS_H 1
| #define HAVE_INTTYPES_H 1
| #define HAVE_STDINT_H 1
| #define HAVE_UNISTD_H 1
| #define HAVE_DLFCN_H 1
| #define LT_OBJDIR ".libs/"
| /* end confdefs.h.  */
| int i;
| int
| main ()
| {
| 
|   ;
|   return 0;
| }
configure:14420: result: no
configure:14520: checking if aarch64-linux-android-clang supports -Werror=implicit
configure:14537: aarch64-linux-android-clang -o conftest  -fstack-protector-strong -Oz -Werror=unknown-warning-option -Werror=unused-command-line-argument -Werror=implicit -I/data/data/com.termux/files/usr/include -L/data/data/com.termux/files/usr/lib -Wl,--enable-new-dtags -Wl,--as-needed -Wl,-z,relro,-z,now conftest.c  >&5
configure:14537: $? = 0
configure:14550: result: yes
configure:14687: checking if aarch64-linux-android-clang supports -Werror=nonnull
configure:14704: aarch64-linux-android-clang -o conftest  -fstack-protector-strong -Oz -Werror=unknown-warning-option -Werror=unused-command-line-argument -Werror=nonnull -I/data/data/com.termux/files/usr/include -L/data/data/com.termux/files/usr/lib -Wl,--enable-new-dtags -Wl,--as-needed -Wl,-z,relro,-z,now conftest.c  >&5
configure:14704: $? = 0
configure:14717: result: yes
configure:14805: checking if aarch64-linux-android-clang supports -Werror=init-self
configure:14822: aarch64-linux-android-clang -o conftest  -fstack-protector-strong -Oz -Werror=unknown-warning-option -Werror=unused-command-line-argument -Werror=init-self -I/data/data/com.termux/files/usr/include -L/data/data/com.termux/files/usr/lib -Wl,--enable-new-dtags -Wl,--as-needed -Wl,-z,relro,-z,now conftest.c  >&5
configure:14822: $? = 0
configure:14835: result: yes
configure:14923: checking if aarch64-linux-android-clang supports -Werror=main
configure:14940: aarch64-linux-android-clang -o conftest  -fstack-protector-strong -Oz -Werror=unknown-warning-option -Werror=unused-command-line-argument -Werror=main -I/data/data/com.termux/files/usr/include -L/data/data/com.termux/files/usr/lib -Wl,--enable-new-dtags -Wl,--as-needed -Wl,-z,relro,-z,now conftest.c  >&5
configure:14940: $? = 0
configure:14953: result: yes
configure:15041: checking if aarch64-linux-android-clang supports -Werror=missing-braces
configure:15058: aarch64-linux-android-clang -o conftest  -fstack-protector-strong -Oz -Werror=unknown-warning-option -Werror=unused-command-line-argument -Werror=missing-braces -I/data/data/com.termux/files/usr/include -L/data/data/com.termux/files/usr/lib -Wl,--enable-new-dtags -Wl,--as-needed -Wl,-z,relro,-z,now conftest.c  >&5
configure:15058: $? = 0
configure:15071: result: yes
configure:15159: checking if aarch64-linux-android-clang supports -Werror=sequence-point
configure:15176: aarch64-linux-android-clang -o conftest  -fstack-protector-strong -Oz -Werror=unknown-warning-option -Werror=unused-command-line-argument -Werror=sequence-point -I/data/data/com.termux/files/usr/include -L/data/data/com.termux/files/usr/lib -Wl,--enable-new-dtags -Wl,--as-needed -Wl,-z,relro,-z,now conftest.c  >&5
configure:15176: $? = 0
configure:15189: result: yes
configure:15277: checking if aarch64-linux-android-clang supports -Werror=return-type
configure:15294: aarch64-linux-android-clang -o conftest  -fstack-protector-strong -Oz -Werror=unknown-warning-option -Werror=unused-command-line-argument -Werror=return-type -I/data/data/com.termux/files/usr/include -L/data/data/com.termux/files/usr/lib -Wl,--enable-new-dtags -Wl,--as-needed -Wl,-z,relro,-z,now conftest.c  >&5
configure:15294: $? = 0
configure:15307: result: yes
configure:15444: checking if aarch64-linux-android-clang supports -Werror=trigraphs
configure:15461: aarch64-linux-android-clang -o conftest  -fstack-protector-strong -Oz -Werror=unknown-warning-option -Werror=unused-command-line-argument -Werror=trigraphs -I/data/data/com.termux/files/usr/include -L/data/data/com.termux/files/usr/lib -Wl,--enable-new-dtags -Wl,--as-needed -Wl,-z,relro,-z,now conftest.c  >&5
configure:15461: $? = 0
configure:15474: result: yes
configure:15562: checking if aarch64-linux-android-clang supports -Werror=array-bounds
configure:15579: aarch64-linux-android-clang -o conftest  -fstack-protector-strong -Oz -Werror=unknown-warning-option -Werror=unused-command-line-argument -Werror=array-bounds -I/data/data/com.termux/files/usr/include -L/data/data/com.termux/files/usr/lib -Wl,--enable-new-dtags -Wl,--as-needed -Wl,-z,relro,-z,now conftest.c  >&5
configure:15579: $? = 0
configure:15592: result: yes
configure:15680: checking if aarch64-linux-android-clang supports -Werror=write-strings
configure:15697: aarch64-linux-android-clang -o conftest  -fstack-protector-strong -Oz -Werror=unknown-warning-option -Werror=unused-command-line-argument -Werror=write-strings -I/data/data/com.termux/files/usr/include -L/data/data/com.termux/files/usr/lib -Wl,--enable-new-dtags -Wl,--as-needed -Wl,-z,relro,-z,now conftest.c  >&5
configure:15697: $? = 0
configure:15710: result: yes
configure:15798: checking if aarch64-linux-android-clang supports -Werror=address
configure:15815: aarch64-linux-android-clang -o conftest  -fstack-protector-strong -Oz -Werror=unknown-warning-option -Werror=unused-command-line-argument -Werror=address -I/data/data/com.termux/files/usr/include -L/data/data/com.termux/files/usr/lib -Wl,--enable-new-dtags -Wl,--as-needed -Wl,-z,relro,-z,now conftest.c  >&5
configure:15815: $? = 0
configure:15828: result: yes
configure:15916: checking if aarch64-linux-android-clang supports -Werror=int-to-pointer-cast
configure:15933: aarch64-linux-android-clang -o conftest  -fstack-protector-strong -Oz -Werror=unknown-warning-option -Werror=unused-command-line-argument -Werror=int-to-pointer-cast -I/data/data/com.termux/files/usr/include -L/data/data/com.termux/files/usr/lib -Wl,--enable-new-dtags -Wl,--as-needed -Wl,-z,relro,-z,now conftest.c  >&5
configure:15933: $? = 0
configure:15946: result: yes
configure:16083: checking if aarch64-linux-android-clang supports -Werror=pointer-to-int-cast
configure:16100: aarch64-linux-android-clang -o conftest  -fstack-protector-strong -Oz -Werror=unknown-warning-option -Werror=unused-command-line-argument -Werror=pointer-to-int-cast -I/data/data/com.termux/files/usr/include -L/data/data/com.termux/files/usr/lib -Wl,--enable-new-dtags -Wl,--as-needed -Wl,-z,relro,-z,now conftest.c  >&5
configure:16100: $? = 0
configure:16113: result: yes
configure:17771: checking if aarch64-linux-android-clang supports -pedantic
configure:17788: aarch64-linux-android-clang -o conftest  -fstack-protector-strong -Oz -Werror=unknown-warning-option -Werror=unused-command-line-argument -pedantic -I/data/data/com.termux/files/usr/include -L/data/data/com.termux/files/usr/lib -Wl,--enable-new-dtags -Wl,--as-needed -Wl,-z,relro,-z,now conftest.c  >&5
configure:17788: $? = 0
configure:17801: result: yes
configure:17889: checking if aarch64-linux-android-clang supports -Werror
configure:17906: aarch64-linux-android-clang -o conftest  -fstack-protector-strong -Oz -Werror=unknown-warning-option -Werror=unused-command-line-argument -Werror -I/data/data/com.termux/files/usr/include -L/data/data/com.termux/files/usr/lib -Wl,--enable-new-dtags -Wl,--as-needed -Wl,-z,relro,-z,now conftest.c  >&5
configure:17906: $? = 0
configure:17919: result: yes
configure:18059: checking if aarch64-linux-android-clang supports -Werror=attributes
configure:18076: aarch64-linux-android-clang -o conftest  -fstack-protector-strong -Oz -Werror=unknown-warning-option -Werror=unused-command-line-argument -Werror=attributes -I/data/data/com.termux/files/usr/include -L/data/data/com.termux/files/usr/lib -Wl,--enable-new-dtags -Wl,--as-needed -Wl,-z,relro,-z,now conftest.c  >&5
configure:18076: $? = 0
configure:18089: result: yes
configure:18249: checking whether make supports nested variables
configure:18266: result: yes
configure:18287: checking whether malloc(0) returns NULL
configure:18332: result: yes
configure:18353: checking for XSCRNSAVER
configure:18360: $PKG_CONFIG --exists --print-errors "x11 xext xextproto scrnsaverproto >= 1.2"
configure:18363: $? = 0
configure:18377: $PKG_CONFIG --exists --print-errors "x11 xext xextproto scrnsaverproto >= 1.2"
configure:18380: $? = 0
configure:18438: result: yes
configure:18687: checking that generated files are newer than configure
configure:18693: result: done
configure:18724: creating ./config.status

## ---------------------- ##
## Running config.status. ##
## ---------------------- ##

This file was extended by libXScrnSaver config.status 1.2.3, which was
generated by GNU Autoconf 2.69.  Invocation command line was

  CONFIG_FILES    = 
  CONFIG_HEADERS  = 
  CONFIG_LINKS    = 
  CONFIG_COMMANDS = 
  $ ./config.status 

on localhost

config.status:1135: creating Makefile
config.status:1135: creating src/Makefile
config.status:1135: creating man/Makefile
config.status:1135: creating xscrnsaver.pc
config.status:1135: creating config.h
config.status:1349: executing depfiles commands
config.status:1349: executing libtool commands
configure:20866: WARNING: unrecognized options: --disable-rpath, --disable-rpath-hack, --disable-nls

## ---------------- ##
## Cache variables. ##
## ---------------- ##

ac_cv_build='aarch64-unknown-linux-gnu'
ac_cv_c_bigendian='no'
ac_cv_c_compiler_gnu='yes'
ac_cv_env_CC_set='set'
ac_cv_env_CC_value='aarch64-linux-android-clang'
ac_cv_env_CFLAGS_set='set'
ac_cv_env_CFLAGS_value=' -fstack-protector-strong -Oz'
ac_cv_env_CPPFLAGS_set='set'
ac_cv_env_CPPFLAGS_value='-I/data/data/com.termux/files/usr/include'
ac_cv_env_CPP_set='set'
ac_cv_env_CPP_value='aarch64-linux-android-cpp'
ac_cv_env_LDFLAGS_set='set'
ac_cv_env_LDFLAGS_value='-L/data/data/com.termux/files/usr/lib -Wl,--enable-new-dtags -Wl,--as-needed -Wl,-z,relro,-z,now'
ac_cv_env_LIBS_set=''
ac_cv_env_LIBS_value=''
ac_cv_env_LINT_FLAGS_set=''
ac_cv_env_LINT_FLAGS_value=''
ac_cv_env_LINT_set=''
ac_cv_env_LINT_value=''
ac_cv_env_LT_SYS_LIBRARY_PATH_set=''
ac_cv_env_LT_SYS_LIBRARY_PATH_value=''
ac_cv_env_PKG_CONFIG_LIBDIR_set='set'
ac_cv_env_PKG_CONFIG_LIBDIR_value='/data/data/com.termux/files/usr/lib/pkgconfig'
ac_cv_env_PKG_CONFIG_PATH_set=''
ac_cv_env_PKG_CONFIG_PATH_value=''
ac_cv_env_PKG_CONFIG_set='set'
ac_cv_env_PKG_CONFIG_value='pkg-config'
ac_cv_env_XSCRNSAVER_CFLAGS_set=''
ac_cv_env_XSCRNSAVER_CFLAGS_value=''
ac_cv_env_XSCRNSAVER_LIBS_set=''
ac_cv_env_XSCRNSAVER_LIBS_value=''
ac_cv_env_build_alias_set=''
ac_cv_env_build_alias_value=''
ac_cv_env_host_alias_set='set'
ac_cv_env_host_alias_value='aarch64-linux-android'
ac_cv_env_target_alias_set=''
ac_cv_env_target_alias_value=''
ac_cv_func_calloc_0_nonnull='yes'
ac_cv_func_chown_works='yes'
ac_cv_func_getgroups_works='yes'
ac_cv_func_getpwent='no'
ac_cv_func_getpwnam='no'
ac_cv_func_getpwuid='no'
ac_cv_func_malloc_0_nonnull='yes'
ac_cv_func_nl_langinfo='yes'
ac_cv_func_posix_spawn='no'
ac_cv_func_posix_spawnp='no'
ac_cv_func_realloc_0_nonnull='yes'
ac_cv_func_sigsetmask='no'
ac_cv_have_decl___INTEL_COMPILER='no'
ac_cv_have_decl___SUNPRO_C='no'
ac_cv_have_decl___clang__='yes'
ac_cv_header_dlfcn_h='yes'
ac_cv_header_inttypes_h='yes'
ac_cv_header_memory_h='yes'
ac_cv_header_stdc='yes'
ac_cv_header_stdint_h='yes'
ac_cv_header_stdlib_h='yes'
ac_cv_header_string_h='yes'
ac_cv_header_strings_h='yes'
ac_cv_header_sys_stat_h='yes'
ac_cv_header_sys_types_h='yes'
ac_cv_header_unistd_h='yes'
ac_cv_host='aarch64-unknown-linux-android'
ac_cv_objext='o'
ac_cv_path_EGREP='/data/data/com.termux/files/usr/bin/grep -E'
ac_cv_path_FGREP='/data/data/com.termux/files/usr/bin/grep -F'
ac_cv_path_GREP='/data/data/com.termux/files/usr/bin/grep'
ac_cv_path_SED='/data/data/com.termux/files/usr/bin/sed'
ac_cv_path_install='/data/data/com.termux/files/usr/bin/install -c'
ac_cv_path_lt_DD='/data/data/com.termux/files/usr/bin/dd'
ac_cv_path_mkdir='/data/data/com.termux/files/usr/bin/mkdir'
ac_cv_prog_AR='aarch64-linux-android-ar'
ac_cv_prog_AWK='gawk'
ac_cv_prog_CC='aarch64-linux-android-clang'
ac_cv_prog_CPP='aarch64-linux-android-cpp'
ac_cv_prog_OBJDUMP='aarch64-linux-android-objdump'
ac_cv_prog_RANLIB='aarch64-linux-android-ranlib'
ac_cv_prog_STRIP='aarch64-linux-android-strip'
ac_cv_prog_cc_c89=''
ac_cv_prog_cc_c99=''
ac_cv_prog_cc_g='yes'
ac_cv_prog_make_make_set='yes'
am_cv_CC_dependencies_compiler_type='none'
am_cv_func_working_getline='yes'
am_cv_make_support_nested_variables='yes'
am_cv_prog_cc_c_o='yes'
gl_cv_C_locale_sans_EILSEQ='yes'
gl_cv_func_dup2_works='yes'
gl_cv_func_fcntl_f_dupfd_cloexec='yes'
gl_cv_func_fcntl_f_dupfd_works='yes'
gl_cv_func_fnmatch_posix='yes'
gl_cv_func_getcwd_abort_bug='no'
gl_cv_func_getcwd_null='yes'
gl_cv_func_getcwd_path_max='yes'
gl_cv_func_getcwd_posix_signature='yes'
gl_cv_func_gettimeofday_clobber='no'
gl_cv_func_gettimeofday_posix_signature='yes'
gl_cv_func_link_works='yes'
gl_cv_func_lstat_dereferences_slashed_symlink='yes'
gl_cv_func_malloc_0_nonnull='yes'
gl_cv_func_memchr_works='yes'
gl_cv_func_mkdir_trailing_dot_works='yes'
gl_cv_func_mkdir_trailing_slash_works='yes'
gl_cv_func_mkfifo_works='yes'
gl_cv_func_mknod_works='yes'
gl_cv_func_realpath_works='yes'
gl_cv_func_select_detects_ebadf='yes'
gl_cv_func_snprintf_posix='yes'
gl_cv_func_snprintf_retval_c99='yes'
gl_cv_func_snprintf_truncation_c99='yes'
gl_cv_func_stat_dir_slash='yes'
gl_cv_func_stat_file_slash='yes'
gl_cv_func_strerror_0_works='yes'
gl_cv_func_strtold_works='yes'
gl_cv_func_symlink_works='yes'
gl_cv_func_tzset_clobber='no'
gl_cv_func_unlink_honors_slashes='yes'
gl_cv_func_vsnprintf_posix='yes'
gl_cv_func_vsnprintf_zerosize_c99='yes'
gl_cv_func_wcwidth_works='yes'
gl_cv_func_working_getdelim='yes'
gl_cv_func_working_mkstemp='yes'
gl_cv_func_working_mktime='yes'
gl_cv_func_working_strerror='yes'
gl_cv_header_working_fcntl_h='yes'
lt_cv_ar_at_file='@'
lt_cv_archive_cmds_need_lc='no'
lt_cv_deplibs_check_method='pass_all'
lt_cv_file_magic_cmd='$MAGIC_CMD'
lt_cv_file_magic_test_file=''
lt_cv_ld_reload_flag='-r'
lt_cv_nm_interface='BSD nm'
lt_cv_objdir='.libs'
lt_cv_path_LD='aarch64-linux-android-ld'
lt_cv_path_NM='/data/data/com.termux/files/usr/bin/aarch64-linux-android-nm -B'
lt_cv_path_mainfest_tool='no'
lt_cv_prog_compiler_c_o='yes'
lt_cv_prog_compiler_pic='-fPIC -DPIC'
lt_cv_prog_compiler_pic_works='yes'
lt_cv_prog_compiler_rtti_exceptions='yes'
lt_cv_prog_compiler_static_works='no'
lt_cv_prog_gnu_ld='yes'
lt_cv_sharedlib_from_linklib_cmd='printf %s\n'
lt_cv_sys_global_symbol_pipe='sed -n -e '"'"'s/^.*[	 ]\([ABCDGIRSTW][ABCDGIRSTW]*\)[	 ][	 ]*\([_A-Za-z][_A-Za-z0-9]*\)$/\1 \2 \2/p'"'"' | sed '"'"'/ __gnu_lto/d'"'"
lt_cv_sys_global_symbol_to_c_name_address='sed -n -e '"'"'s/^: \(.*\) .*$/  {"\1", (void *) 0},/p'"'"' -e '"'"'s/^[ABCDGIRSTW][ABCDGIRSTW]* .* \(.*\)$/  {"\1", (void *) \&\1},/p'"'"
lt_cv_sys_global_symbol_to_c_name_address_lib_prefix='sed -n -e '"'"'s/^: \(.*\) .*$/  {"\1", (void *) 0},/p'"'"' -e '"'"'s/^[ABCDGIRSTW][ABCDGIRSTW]* .* \(lib.*\)$/  {"\1", (void *) \&\1},/p'"'"' -e '"'"'s/^[ABCDGIRSTW][ABCDGIRSTW]* .* \(.*\)$/  {"lib\1", (void *) \&\1},/p'"'"
lt_cv_sys_global_symbol_to_cdecl='sed -n -e '"'"'s/^T .* \(.*\)$/extern int \1();/p'"'"' -e '"'"'s/^[ABCDGIRSTW][ABCDGIRSTW]* .* \(.*\)$/extern char \1;/p'"'"
lt_cv_sys_global_symbol_to_import=''
lt_cv_sys_max_cmd_len='32768'
lt_cv_to_host_file_cmd='func_convert_file_noop'
lt_cv_to_tool_file_cmd='func_convert_file_noop'
lt_cv_truncate_bin='/data/data/com.termux/files/usr/bin/dd bs=4096 count=1'
pkg_cv_XSCRNSAVER_CFLAGS='-I/data/data/com.termux/files/usr/include'
pkg_cv_XSCRNSAVER_LIBS='-L/data/data/com.termux/files/usr/lib -lX11 -lXext'
xorg_cv_cc_flag__Wall='yes'
xorg_cv_cc_flag__Wbad_function_cast='yes'
xorg_cv_cc_flag__Wdeclaration_after_statement='yes'
xorg_cv_cc_flag__Werror='yes'
xorg_cv_cc_flag__Werror_address='yes'
xorg_cv_cc_flag__Werror_array_bounds='yes'
xorg_cv_cc_flag__Werror_attributes='yes'
xorg_cv_cc_flag__Werror_implicit='yes'
xorg_cv_cc_flag__Werror_init_self='yes'
xorg_cv_cc_flag__Werror_int_to_pointer_cast='yes'
xorg_cv_cc_flag__Werror_main='yes'
xorg_cv_cc_flag__Werror_missing_braces='yes'
xorg_cv_cc_flag__Werror_nonnull='yes'
xorg_cv_cc_flag__Werror_pointer_to_int_cast='yes'
xorg_cv_cc_flag__Werror_return_type='yes'
xorg_cv_cc_flag__Werror_sequence_point='yes'
xorg_cv_cc_flag__Werror_trigraphs='yes'
xorg_cv_cc_flag__Werror_write_strings='yes'
xorg_cv_cc_flag__Wformat_2='yes'
xorg_cv_cc_flag__Wlogical_op='no'
xorg_cv_cc_flag__Wmissing_declarations='yes'
xorg_cv_cc_flag__Wmissing_format_attribute='yes'
xorg_cv_cc_flag__Wmissing_noreturn='yes'
xorg_cv_cc_flag__Wmissing_prototypes='yes'
xorg_cv_cc_flag__Wnested_externs='yes'
xorg_cv_cc_flag__Wold_style_definition='yes'
xorg_cv_cc_flag__Wpointer_arith='yes'
xorg_cv_cc_flag__Wredundant_decls='yes'
xorg_cv_cc_flag__Wshadow='yes'
xorg_cv_cc_flag__Wstrict_prototypes='yes'
xorg_cv_cc_flag__Wuninitialized='yes'
xorg_cv_cc_flag__Wunused='yes'
xorg_cv_cc_flag__pedantic='yes'
xorg_cv_cc_flag_unknown_warning_option='yes'
xorg_cv_cc_flag_unused_command_line_argument='yes'

## ----------------- ##
## Output variables. ##
## ----------------- ##

ACLOCAL='${SHELL} /data/data/com.termux/files/home/.termux-build/libxss/src/missing aclocal-1.15'
ADMIN_MAN_DIR='$(mandir)/man$(ADMIN_MAN_SUFFIX)'
ADMIN_MAN_SUFFIX='8'
AMDEPBACKSLASH=''
AMDEP_FALSE=''
AMDEP_TRUE='#'
AMTAR='$${TAR-tar}'
AM_BACKSLASH='\'
AM_DEFAULT_V='$(AM_DEFAULT_VERBOSITY)'
AM_DEFAULT_VERBOSITY='0'
AM_V='$(V)'
APP_MAN_DIR='$(mandir)/man$(APP_MAN_SUFFIX)'
APP_MAN_SUFFIX='1'
AR='aarch64-linux-android-ar'
AUTOCONF='${SHELL} /data/data/com.termux/files/home/.termux-build/libxss/src/missing autoconf'
AUTOHEADER='${SHELL} /data/data/com.termux/files/home/.termux-build/libxss/src/missing autoheader'
AUTOMAKE='${SHELL} /data/data/com.termux/files/home/.termux-build/libxss/src/missing automake-1.15'
AWK='gawk'
BASE_CFLAGS=' -Wall -Wpointer-arith -Wmissing-declarations -Wformat=2 -Wstrict-prototypes -Wmissing-prototypes -Wnested-externs -Wbad-function-cast -Wold-style-definition -Wdeclaration-after-statement -Wunused -Wuninitialized -Wshadow -Wmissing-noreturn -Wmissing-format-attribute -Wredundant-decls -Werror=implicit -Werror=nonnull -Werror=init-self -Werror=main -Werror=missing-braces -Werror=sequence-point -Werror=return-type -Werror=trigraphs -Werror=array-bounds -Werror=write-strings -Werror=address -Werror=int-to-pointer-cast -Werror=pointer-to-int-cast'
CC='aarch64-linux-android-clang'
CCDEPMODE='depmode=none'
CFLAGS=' -fstack-protector-strong -Oz'
CHANGELOG_CMD='(GIT_DIR=$(top_srcdir)/.git git log > $(top_srcdir)/.changelog.tmp && mv $(top_srcdir)/.changelog.tmp $(top_srcdir)/ChangeLog) || (rm -f $(top_srcdir)/.changelog.tmp; touch $(top_srcdir)/ChangeLog; echo '\''git directory not found: installing possibly empty changelog.'\'' >&2)'
CPP='aarch64-linux-android-cpp'
CPPFLAGS='-I/data/data/com.termux/files/usr/include'
CWARNFLAGS=' -Wall -Wpointer-arith -Wmissing-declarations -Wformat=2 -Wstrict-prototypes -Wmissing-prototypes -Wnested-externs -Wbad-function-cast -Wold-style-definition -Wdeclaration-after-statement -Wunused -Wuninitialized -Wshadow -Wmissing-noreturn -Wmissing-format-attribute -Wredundant-decls -Werror=implicit -Werror=nonnull -Werror=init-self -Werror=main -Werror=missing-braces -Werror=sequence-point -Werror=return-type -Werror=trigraphs -Werror=array-bounds -Werror=write-strings -Werror=address -Werror=int-to-pointer-cast -Werror=pointer-to-int-cast -fno-strict-aliasing'
CYGPATH_W='echo'
DEFS='-DHAVE_CONFIG_H'
DEPDIR='.deps'
DLLTOOL='false'
DRIVER_MAN_DIR='$(mandir)/man$(DRIVER_MAN_SUFFIX)'
DRIVER_MAN_SUFFIX='4'
DSYMUTIL=''
DUMPBIN=''
ECHO_C=''
ECHO_N='-n'
ECHO_T=''
EGREP='/data/data/com.termux/files/usr/bin/grep -E'
EXEEXT=''
FGREP='/data/data/com.termux/files/usr/bin/grep -F'
FILE_MAN_DIR='$(mandir)/man$(FILE_MAN_SUFFIX)'
FILE_MAN_SUFFIX='5'
GREP='/data/data/com.termux/files/usr/bin/grep'
INSTALL_CMD='(cp -f /data/data/com.termux/files/usr/share/util-macros/INSTALL $(top_srcdir)/.INSTALL.tmp && mv $(top_srcdir)/.INSTALL.tmp $(top_srcdir)/INSTALL) || (rm -f $(top_srcdir)/.INSTALL.tmp; touch $(top_srcdir)/INSTALL; echo '\''util-macros "pkgdatadir" from xorg-macros.pc not found: installing possibly empty INSTALL.'\'' >&2)'
INSTALL_DATA='${INSTALL} -m 644'
INSTALL_PROGRAM='${INSTALL}'
INSTALL_SCRIPT='${INSTALL}'
INSTALL_STRIP_PROGRAM='$(install_sh) -c -s'
LD='aarch64-linux-android-ld'
LDFLAGS='-L/data/data/com.termux/files/usr/lib -Wl,--enable-new-dtags -Wl,--as-needed -Wl,-z,relro,-z,now'
LIBOBJS=''
LIBS=''
LIBTOOL='$(SHELL) $(top_builddir)/libtool'
LIB_MAN_DIR='$(mandir)/man$(LIB_MAN_SUFFIX)'
LIB_MAN_SUFFIX='3'
LINT=''
LINTLIB=''
LINT_FALSE=''
LINT_FLAGS='-badflag'
LINT_TRUE='#'
LIPO=''
LN_S='ln -s'
LTLIBOBJS=''
LT_SYS_LIBRARY_PATH=''
MAKEINFO='${SHELL} /data/data/com.termux/files/home/.termux-build/libxss/src/missing makeinfo'
MAKE_LINT_LIB_FALSE=''
MAKE_LINT_LIB_TRUE='#'
MALLOC_ZERO_CFLAGS='-DMALLOC_0_RETURNS_NULL'
MANIFEST_TOOL=':'
MAN_SUBSTS='	-e '\''s|__vendorversion__|"$(PACKAGE_STRING)" "$(XORG_MAN_PAGE)"|'\'' 	-e '\''s|__xorgversion__|"$(PACKAGE_STRING)" "$(XORG_MAN_PAGE)"|'\'' 	-e '\''s|__xservername__|Xorg|g'\'' 	-e '\''s|__xconfigfile__|xorg.conf|g'\'' 	-e '\''s|__projectroot__|$(prefix)|g'\'' 	-e '\''s|__apploaddir__|$(appdefaultdir)|g'\'' 	-e '\''s|__appmansuffix__|$(APP_MAN_SUFFIX)|g'\'' 	-e '\''s|__drivermansuffix__|$(DRIVER_MAN_SUFFIX)|g'\'' 	-e '\''s|__adminmansuffix__|$(ADMIN_MAN_SUFFIX)|g'\'' 	-e '\''s|__libmansuffix__|$(LIB_MAN_SUFFIX)|g'\'' 	-e '\''s|__miscmansuffix__|$(MISC_MAN_SUFFIX)|g'\'' 	-e '\''s|__filemansuffix__|$(FILE_MAN_SUFFIX)|g'\'''
MISC_MAN_DIR='$(mandir)/man$(MISC_MAN_SUFFIX)'
MISC_MAN_SUFFIX='7'
MKDIR_P='/data/data/com.termux/files/usr/bin/mkdir -p'
NM='/data/data/com.termux/files/usr/bin/aarch64-linux-android-nm -B'
NMEDIT=''
OBJDUMP='aarch64-linux-android-objdump'
OBJEXT='o'
OTOOL64=''
OTOOL=''
PACKAGE='libXScrnSaver'
PACKAGE_BUGREPORT='https://bugs.freedesktop.org/enter_bug.cgi?product=xorg'
PACKAGE_NAME='libXScrnSaver'
PACKAGE_STRING='libXScrnSaver 1.2.3'
PACKAGE_TARNAME='libXScrnSaver'
PACKAGE_URL=''
PACKAGE_VERSION='1.2.3'
PATH_SEPARATOR=':'
PKG_CONFIG='pkg-config'
PKG_CONFIG_LIBDIR='/data/data/com.termux/files/usr/lib/pkgconfig'
PKG_CONFIG_PATH=''
RANLIB='aarch64-linux-android-ranlib'
SED='/data/data/com.termux/files/usr/bin/sed'
SET_MAKE=''
SHELL='/bin/sh'
STRICT_CFLAGS=' -pedantic -Werror -Werror=attributes'
STRIP='aarch64-linux-android-strip'
VERSION='1.2.3'
XMALLOC_ZERO_CFLAGS='-DMALLOC_0_RETURNS_NULL'
XORG_MAN_PAGE='X Version 11'
XSCRNSAVER_CFLAGS='-I/data/data/com.termux/files/usr/include'
XSCRNSAVER_LIBS='-L/data/data/com.termux/files/usr/lib -lX11 -lXext'
XTMALLOC_ZERO_CFLAGS='-DMALLOC_0_RETURNS_NULL -DXTMALLOC_BC'
ac_ct_AR=''
ac_ct_CC=''
ac_ct_DUMPBIN=''
am__EXEEXT_FALSE=''
am__EXEEXT_TRUE='#'
am__fastdepCC_FALSE=''
am__fastdepCC_TRUE='#'
am__include='include'
am__isrc=' -I$(srcdir)'
am__leading_dot='.'
am__nodep=''
am__quote=''
am__tar='$${TAR-tar} chof - "$$tardir"'
am__untar='$${TAR-tar} xf -'
bindir='${exec_prefix}/bin'
build='aarch64-unknown-linux-gnu'
build_alias=''
build_cpu='aarch64'
build_os='linux-gnu'
build_vendor='unknown'
datadir='${datarootdir}'
datarootdir='${prefix}/share'
docdir='${datarootdir}/doc/${PACKAGE_TARNAME}'
dvidir='${docdir}'
exec_prefix='${prefix}'
host='aarch64-unknown-linux-android'
host_alias='aarch64-linux-android'
host_cpu='aarch64'
host_os='linux-android'
host_vendor='unknown'
htmldir='${docdir}'
includedir='${prefix}/include'
infodir='${datarootdir}/info'
install_sh='${SHELL} /data/data/com.termux/files/home/.termux-build/libxss/src/install-sh'
libdir='/data/data/com.termux/files/usr/lib'
libexecdir='/data/data/com.termux/files/usr/libexec'
localedir='${datarootdir}/locale'
localstatedir='${prefix}/var'
mandir='${datarootdir}/man'
mkdir_p='$(MKDIR_P)'
oldincludedir='/usr/include'
pdfdir='${docdir}'
prefix='/data/data/com.termux/files/usr'
program_transform_name='s,x,x,'
psdir='${docdir}'
sbindir='${exec_prefix}/sbin'
sharedstatedir='${prefix}/com'
sysconfdir='${prefix}/etc'
target_alias=''

## ----------- ##
## confdefs.h. ##
## ----------- ##

/* confdefs.h */
#define PACKAGE_NAME "libXScrnSaver"
#define PACKAGE_TARNAME "libXScrnSaver"
#define PACKAGE_VERSION "1.2.3"
#define PACKAGE_STRING "libXScrnSaver 1.2.3"
#define PACKAGE_BUGREPORT "https://bugs.freedesktop.org/enter_bug.cgi?product=xorg"
#define PACKAGE_URL ""
#define PACKAGE "libXScrnSaver"
#define VERSION "1.2.3"
#define STDC_HEADERS 1
#define HAVE_SYS_TYPES_H 1
#define HAVE_SYS_STAT_H 1
#define HAVE_STDLIB_H 1
#define HAVE_STRING_H 1
#define HAVE_MEMORY_H 1
#define HAVE_STRINGS_H 1
#define HAVE_INTTYPES_H 1
#define HAVE_STDINT_H 1
#define HAVE_UNISTD_H 1
#define HAVE_DLFCN_H 1
#define LT_OBJDIR ".libs/"
#define PACKAGE_VERSION_MAJOR 1
#define PACKAGE_VERSION_MINOR 2
#define PACKAGE_VERSION_PATCHLEVEL 3

configure: exit 0
