This file contains any messages produced by compilers while
running configure, to aid debugging if configure makes a mistake.

It was created by util-macros configure 1.19.2, which was
generated by GNU Autoconf 2.69.  Invocation command line was

  $ /data/data/com.termux/files/home/.termux-build/xorg-util-macros/src/configure --disable-dependency-tracking --prefix=/data/data/com.termux/files/usr --libdir=/data/data/com.termux/files/usr/lib --disable-rpath --disable-rpath-hack --host=aarch64-linux-android --disable-nls --enable-shared --enable-static --libexecdir=/data/data/com.termux/files/usr/libexec

## --------- ##
## Platform. ##
## --------- ##

hostname = localhost
uname -m = aarch64
uname -r = 3.18.31-perf-g502f558-01155-g2e5b524-dirty
uname -s = Linux
uname -v = #1 SMP PREEMPT Wed Jun 26 10:39:13 HKT 2019

/usr/bin/uname -p = unknown
/bin/uname -X     = unknown

/bin/arch              = unknown
/usr/bin/arch -k       = unknown
/usr/convex/getsysinfo = unknown
/usr/bin/hostinfo      = unknown
/bin/machine           = unknown
/usr/bin/oslevel       = unknown
/bin/universe          = unknown

PATH: /data/data/com.termux/files/usr/bin
PATH: /data/data/com.termux/files/usr/bin/applets


## ----------- ##
## Core tests. ##
## ----------- ##

configure:1756: checking for a BSD-compatible install
configure:1824: result: /data/data/com.termux/files/usr/bin/install -c
configure:1835: checking whether build environment is sane
configure:1890: result: yes
configure:1949: checking for aarch64-linux-android-strip
configure:1976: result: aarch64-linux-android-strip
configure:2041: checking for a thread-safe mkdir -p
configure:2080: result: /data/data/com.termux/files/usr/bin/mkdir -p
configure:2087: checking for gawk
configure:2103: found /data/data/com.termux/files/usr/bin/gawk
configure:2114: result: gawk
configure:2125: checking whether make sets $(MAKE)
configure:2147: result: yes
configure:2176: checking whether make supports nested variables
configure:2193: result: yes
configure:2524: checking that generated files are newer than configure
configure:2530: result: done
configure:2538: creating ./config.status

## ---------------------- ##
## Running config.status. ##
## ---------------------- ##

This file was extended by util-macros config.status 1.19.2, which was
generated by GNU Autoconf 2.69.  Invocation command line was

  CONFIG_FILES    = 
  CONFIG_HEADERS  = 
  CONFIG_LINKS    = 
  CONFIG_COMMANDS = 
  $ ./config.status 

on localhost

config.status:748: creating xorg-macros.pc
config.status:748: creating Makefile
config.status:748: creating xorg-macros.m4
configure:3555: WARNING: unrecognized options: --disable-dependency-tracking, --disable-rpath, --disable-rpath-hack, --disable-nls, --enable-shared, --enable-static

## ---------------- ##
## Cache variables. ##
## ---------------- ##

ac_cv_c_bigendian='no'
ac_cv_env_build_alias_set=''
ac_cv_env_build_alias_value=''
ac_cv_env_host_alias_set='set'
ac_cv_env_host_alias_value='aarch64-linux-android'
ac_cv_env_target_alias_set=''
ac_cv_env_target_alias_value=''
ac_cv_func_calloc_0_nonnull='yes'
ac_cv_func_chown_works='yes'
ac_cv_func_getgroups_works='yes'
ac_cv_func_getpwent='no'
ac_cv_func_getpwnam='no'
ac_cv_func_getpwuid='no'
ac_cv_func_malloc_0_nonnull='yes'
ac_cv_func_nl_langinfo='yes'
ac_cv_func_posix_spawn='no'
ac_cv_func_posix_spawnp='no'
ac_cv_func_realloc_0_nonnull='yes'
ac_cv_func_sigsetmask='no'
ac_cv_path_install='/data/data/com.termux/files/usr/bin/install -c'
ac_cv_path_mkdir='/data/data/com.termux/files/usr/bin/mkdir'
ac_cv_prog_AWK='gawk'
ac_cv_prog_STRIP='aarch64-linux-android-strip'
ac_cv_prog_make_make_set='yes'
am_cv_func_working_getline='yes'
am_cv_make_support_nested_variables='yes'
gl_cv_C_locale_sans_EILSEQ='yes'
gl_cv_func_dup2_works='yes'
gl_cv_func_fcntl_f_dupfd_cloexec='yes'
gl_cv_func_fcntl_f_dupfd_works='yes'
gl_cv_func_fnmatch_posix='yes'
gl_cv_func_getcwd_abort_bug='no'
gl_cv_func_getcwd_null='yes'
gl_cv_func_getcwd_path_max='yes'
gl_cv_func_getcwd_posix_signature='yes'
gl_cv_func_gettimeofday_clobber='no'
gl_cv_func_gettimeofday_posix_signature='yes'
gl_cv_func_link_works='yes'
gl_cv_func_lstat_dereferences_slashed_symlink='yes'
gl_cv_func_malloc_0_nonnull='yes'
gl_cv_func_memchr_works='yes'
gl_cv_func_mkdir_trailing_dot_works='yes'
gl_cv_func_mkdir_trailing_slash_works='yes'
gl_cv_func_mkfifo_works='yes'
gl_cv_func_mknod_works='yes'
gl_cv_func_realpath_works='yes'
gl_cv_func_select_detects_ebadf='yes'
gl_cv_func_snprintf_posix='yes'
gl_cv_func_snprintf_retval_c99='yes'
gl_cv_func_snprintf_truncation_c99='yes'
gl_cv_func_stat_dir_slash='yes'
gl_cv_func_stat_file_slash='yes'
gl_cv_func_strerror_0_works='yes'
gl_cv_func_strtold_works='yes'
gl_cv_func_symlink_works='yes'
gl_cv_func_tzset_clobber='no'
gl_cv_func_unlink_honors_slashes='yes'
gl_cv_func_vsnprintf_posix='yes'
gl_cv_func_vsnprintf_zerosize_c99='yes'
gl_cv_func_wcwidth_works='yes'
gl_cv_func_working_getdelim='yes'
gl_cv_func_working_mkstemp='yes'
gl_cv_func_working_mktime='yes'
gl_cv_func_working_strerror='yes'
gl_cv_header_working_fcntl_h='yes'

## ----------------- ##
## Output variables. ##
## ----------------- ##

ACLOCAL='${SHELL} /data/data/com.termux/files/home/.termux-build/xorg-util-macros/src/missing aclocal-1.15'
AMTAR='$${TAR-tar}'
AM_BACKSLASH='\'
AM_DEFAULT_V='$(AM_DEFAULT_VERBOSITY)'
AM_DEFAULT_VERBOSITY='1'
AM_V='$(V)'
AUTOCONF='${SHELL} /data/data/com.termux/files/home/.termux-build/xorg-util-macros/src/missing autoconf'
AUTOHEADER='${SHELL} /data/data/com.termux/files/home/.termux-build/xorg-util-macros/src/missing autoheader'
AUTOMAKE='${SHELL} /data/data/com.termux/files/home/.termux-build/xorg-util-macros/src/missing automake-1.15'
AWK='gawk'
CHANGELOG_CMD='((GIT_DIR=$(top_srcdir)/.git git log > $(top_srcdir)/.changelog.tmp) 2>/dev/null && mv $(top_srcdir)/.changelog.tmp $(top_srcdir)/ChangeLog) || (rm -f $(top_srcdir)/.changelog.tmp; test -e $(top_srcdir)/ChangeLog || ( touch $(top_srcdir)/ChangeLog; echo '\''git failed to create ChangeLog: installing empty ChangeLog.'\'' >&2))'
CYGPATH_W='echo'
DEFS='-DPACKAGE_NAME=\"util-macros\" -DPACKAGE_TARNAME=\"util-macros\" -DPACKAGE_VERSION=\"1.19.2\" -DPACKAGE_STRING=\"util-macros\ 1.19.2\" -DPACKAGE_BUGREPORT=\"https://bugs.freedesktop.org/enter_bug.cgi\?product=xorg\" -DPACKAGE_URL=\"\" -DPACKAGE=\"util-macros\" -DVERSION=\"1.19.2\" -DPACKAGE_VERSION_MAJOR=1 -DPACKAGE_VERSION_MINOR=19 -DPACKAGE_VERSION_PATCHLEVEL=2'
ECHO_C=''
ECHO_N='-n'
ECHO_T=''
INSTALL_DATA='${INSTALL} -m 644'
INSTALL_PROGRAM='${INSTALL}'
INSTALL_SCRIPT='${INSTALL}'
INSTALL_STRIP_PROGRAM='$(install_sh) -c -s'
LIBOBJS=''
LIBS=''
LTLIBOBJS=''
MAKEINFO='${SHELL} /data/data/com.termux/files/home/.termux-build/xorg-util-macros/src/missing makeinfo'
MKDIR_P='/data/data/com.termux/files/usr/bin/mkdir -p'
PACKAGE='util-macros'
PACKAGE_BUGREPORT='https://bugs.freedesktop.org/enter_bug.cgi?product=xorg'
PACKAGE_NAME='util-macros'
PACKAGE_STRING='util-macros 1.19.2'
PACKAGE_TARNAME='util-macros'
PACKAGE_URL=''
PACKAGE_VERSION='1.19.2'
PATH_SEPARATOR=':'
SET_MAKE=''
SHELL='/bin/sh'
STRIP='aarch64-linux-android-strip'
VERSION='1.19.2'
am__isrc=' -I$(srcdir)'
am__leading_dot='.'
am__tar='$${TAR-tar} chof - "$$tardir"'
am__untar='$${TAR-tar} xf -'
bindir='${exec_prefix}/bin'
build_alias=''
datadir='${datarootdir}'
datarootdir='${prefix}/share'
docdir='${datarootdir}/doc/${PACKAGE_TARNAME}'
dvidir='${docdir}'
exec_prefix='${prefix}'
host_alias='aarch64-linux-android'
htmldir='${docdir}'
includedir='${prefix}/include'
infodir='${datarootdir}/info'
install_sh='${SHELL} /data/data/com.termux/files/home/.termux-build/xorg-util-macros/src/install-sh'
libdir='/data/data/com.termux/files/usr/lib'
libexecdir='/data/data/com.termux/files/usr/libexec'
localedir='${datarootdir}/locale'
localstatedir='${prefix}/var'
mandir='${datarootdir}/man'
mkdir_p='$(MKDIR_P)'
oldincludedir='/usr/include'
pdfdir='${docdir}'
prefix='/data/data/com.termux/files/usr'
program_transform_name='s,x,x,'
psdir='${docdir}'
sbindir='${exec_prefix}/sbin'
sharedstatedir='${prefix}/com'
sysconfdir='${prefix}/etc'
target_alias=''

## ----------- ##
## confdefs.h. ##
## ----------- ##

/* confdefs.h */
#define PACKAGE_NAME "util-macros"
#define PACKAGE_TARNAME "util-macros"
#define PACKAGE_VERSION "1.19.2"
#define PACKAGE_STRING "util-macros 1.19.2"
#define PACKAGE_BUGREPORT "https://bugs.freedesktop.org/enter_bug.cgi?product=xorg"
#define PACKAGE_URL ""
#define PACKAGE "util-macros"
#define VERSION "1.19.2"
#define PACKAGE_VERSION_MAJOR 1
#define PACKAGE_VERSION_MINOR 19
#define PACKAGE_VERSION_PATCHLEVEL 2

configure: exit 0
